<?xml version="1.0" encoding="UTF-8"?>
<!-- Generated by org.testng.reporters.JUnitReportReporter -->
<testsuite hostname="DESKTOP-D23LR3J" failures="0" tests="5" name="ESIC_HIS.ProductionScript.PM10758_DirectIssueTest" time="63.750" errors="0" timestamp="2023-03-29T14:12:19 IST" skipped="0">
  <testcase classname="ESIC_HIS.ProductionScript.PM10758_DirectIssueTest" name="doLoginTest" time="1.997"/>
  <system-out/>
  <testcase classname="ESIC_HIS.ProductionScript.PM10758_DirectIssueTest" name="doNavigateToSelectHospitalLocationTest" time="0.510"/>
  <system-out/>
  <testcase classname="ESIC_HIS.ProductionScript.PM10758_DirectIssueTest" name="doNavigateToHISHomeTest" time="21.813"/>
  <system-out/>
  <testcase classname="ESIC_HIS.ProductionScript.PM10758_DirectIssueTest" name="TC_Store_003" time="1.111"/>
  <system-out/>
  <testcase classname="ESIC_HIS.ProductionScript.PM10758_DirectIssueTest" name="TC_Store_004" time="38.319"/>
  <system-out/>
</testsuite> <!-- ESIC_HIS.ProductionScript.PM10758_DirectIssueTest -->
