<?xml version="1.0" encoding="UTF-8"?>
<!-- Generated by org.testng.reporters.JUnitReportReporter -->
<testsuite hostname="DESKTOP-D23LR3J" failures="0" tests="11" name="ESIC_HIS.ProductionScript.CDRTest" time="97.558" errors="0" timestamp="2023-07-18T20:01:16 IST" skipped="0">
  <testcase classname="ESIC_HIS.ProductionScript.CDRTest" name="doLoginTest" time="4.499"/>
  <system-out/>
  <testcase classname="ESIC_HIS.ProductionScript.CDRTest" name="doNavigateToSelectHospitalLocationTest" time="1.603"/>
  <system-out/>
  <testcase classname="ESIC_HIS.ProductionScript.CDRTest" name="doNavigateToHISHomeTest" time="15.095"/>
  <system-out/>
  <testcase classname="ESIC_HIS.ProductionScript.CDRTest" name="doNavigateToCDRTest" time="6.828"/>
  <system-out/>
  <testcase classname="ESIC_HIS.ProductionScript.CDRTest" name="CDR_Patient_Folder_TC_03" time="1.359"/>
  <system-out/>
  <testcase classname="ESIC_HIS.ProductionScript.CDRTest" name="CDR_Patient_Folder_TC_04" time="4.302"/>
  <system-out/>
  <testcase classname="ESIC_HIS.ProductionScript.CDRTest" name="CDR_Patient_Folder_TC_05" time="2.315"/>
  <system-out/>
  <testcase classname="ESIC_HIS.ProductionScript.CDRTest" name="CDR_Patient_Folder_TC_06" time="2.272"/>
  <system-out/>
  <testcase classname="ESIC_HIS.ProductionScript.CDRTest" name="CDR_Patient_Folder_TC_09" time="25.435"/>
  <system-out/>
  <testcase classname="ESIC_HIS.ProductionScript.CDRTest" name="CDR_Patient_Folder_TC_07" time="8.315"/>
  <system-out/>
  <testcase classname="ESIC_HIS.ProductionScript.CDRTest" name="CDR_Patient_Folder_TC_08" time="25.535"/>
  <system-out/>
</testsuite> <!-- ESIC_HIS.ProductionScript.CDRTest -->
