<?xml version="1.0" encoding="UTF-8"?>
<!-- Generated by org.testng.reporters.JUnitReportReporter -->
<testsuite hostname="DESKTOP-D23LR3J" failures="0" tests="7" name="ESIC_HIS.ProductionScript.InpatientManagement_ReportTest" time="76.510" errors="0" timestamp="2023-03-29T15:18:45 IST" skipped="0">
  <testcase classname="ESIC_HIS.ProductionScript.InpatientManagement_ReportTest" name="doLoginTest" time="1.671"/>
  <system-out/>
  <testcase classname="ESIC_HIS.ProductionScript.InpatientManagement_ReportTest" name="doNavigateToSelectHospitalLocationTest" time="0.472"/>
  <system-out/>
  <testcase classname="ESIC_HIS.ProductionScript.InpatientManagement_ReportTest" name="doNavigateToHISHomeTest" time="12.413"/>
  <system-out/>
  <testcase classname="ESIC_HIS.ProductionScript.InpatientManagement_ReportTest" name="doPrimarydoctorChangetest" time="2.401"/>
  <system-out/>
  <testcase classname="ESIC_HIS.ProductionScript.InpatientManagement_ReportTest" name="IPM_Inpatient_Management_Reports_TC_1" time="16.714"/>
  <system-out/>
  <testcase classname="ESIC_HIS.ProductionScript.InpatientManagement_ReportTest" name="IPM_Inpatient_Management_Reports_TC_2" time="21.517"/>
  <system-out/>
  <testcase classname="ESIC_HIS.ProductionScript.InpatientManagement_ReportTest" name="IPM_Inpatient_Management_Reports_TC_7" time="21.322"/>
  <system-out/>
</testsuite> <!-- ESIC_HIS.ProductionScript.InpatientManagement_ReportTest -->
