<?xml version="1.0" encoding="UTF-8"?>
<!-- Generated by org.testng.reporters.JUnitReportReporter -->
<testsuite hostname="DESKTOP-D23LR3J" failures="0" tests="5" name="ESIC_HIS.ProductionScript.C13618_MIS_Report_Speciality_Wise_Report_for_SST_Referrals" time="61.618" errors="0" timestamp="2023-06-02T15:21:46 IST" skipped="0">
  <testcase classname="ESIC_HIS.ProductionScript.C13618_MIS_Report_Speciality_Wise_Report_for_SST_Referrals" name="doLoginTest" time="2.330"/>
  <system-out/>
  <testcase classname="ESIC_HIS.ProductionScript.C13618_MIS_Report_Speciality_Wise_Report_for_SST_Referrals" name="doNavigateToSelectHospitalLocationTest" time="0.377"/>
  <system-out/>
  <testcase classname="ESIC_HIS.ProductionScript.C13618_MIS_Report_Speciality_Wise_Report_for_SST_Referrals" name="doNavigateToHISHomeTest" time="29.317"/>
  <system-out/>
  <testcase classname="ESIC_HIS.ProductionScript.C13618_MIS_Report_Speciality_Wise_Report_for_SST_Referrals" name="doNavigateMISReportLinkTest" time="5.514"/>
  <system-out/>
  <testcase classname="ESIC_HIS.ProductionScript.C13618_MIS_Report_Speciality_Wise_Report_for_SST_Referrals" name="HIS_Management_Information_System_MIS_Reports_Specility_wise_Reports_for_SST_Referral_3" time="24.080"/>
  <system-out/>
</testsuite> <!-- ESIC_HIS.ProductionScript.C13618_MIS_Report_Speciality_Wise_Report_for_SST_Referrals -->
