<?xml version="1.0" encoding="UTF-8"?>
<!-- Generated by org.testng.reporters.JUnitReportReporter -->
<testsuite hostname="DESKTOP-D23LR3J" failures="0" tests="18" name="ESIC_HIS.ProductionScript.IndentRaisedworkFlow" time="245.417" errors="0" timestamp="2022-11-01T12:46:40 IST" skipped="0">
  <testcase classname="ESIC_HIS.ProductionScript.IndentRaisedworkFlow" name="doLoginTest" time="2.205"/>
  <system-out/>
  <testcase classname="ESIC_HIS.ProductionScript.IndentRaisedworkFlow" name="doNavigateToSelectHospitalLocationTest" time="8.486"/>
  <system-out/>
  <testcase classname="ESIC_HIS.ProductionScript.IndentRaisedworkFlow" name="doNavigateToHISHomeTest" time="17.617"/>
  <system-out/>
  <testcase classname="ESIC_HIS.ProductionScript.IndentRaisedworkFlow" name="doNavigateToPhysicalStockEntryLink" time="0.782"/>
  <system-out/>
  <testcase classname="ESIC_HIS.ProductionScript.IndentRaisedworkFlow" name="Do_Test_for_Select_Indent_To" time="2.564"/>
  <system-out/>
  <testcase classname="ESIC_HIS.ProductionScript.IndentRaisedworkFlow" name="Do_Test_for_ClickOn_ItemSearchImgButton" time="8.407"/>
  <system-out/>
  <testcase classname="ESIC_HIS.ProductionScript.IndentRaisedworkFlow" name="Do_Test_for_SearchTheItem" time="7.328"/>
  <system-out/>
  <testcase classname="ESIC_HIS.ProductionScript.IndentRaisedworkFlow" name="Do_Test_for_EnterQuantity_SaveButton" time="4.330"/>
  <system-out/>
  <testcase classname="ESIC_HIS.ProductionScript.IndentRaisedworkFlow" name="Do_Test_for_viewButton" time="9.009"/>
  <system-out/>
  <testcase classname="ESIC_HIS.ProductionScript.IndentRaisedworkFlow" name="Do_Test_for_Indent_worklist_viewIndent" time="10.377"/>
  <system-out/>
  <testcase classname="ESIC_HIS.ProductionScript.IndentRaisedworkFlow" name="Do_Test_for_ChangeLocation" time="19.785"/>
  <system-out/>
  <testcase classname="ESIC_HIS.ProductionScript.IndentRaisedworkFlow" name="Do_Test_for_IndentWorkList_ViewIndent" time="29.220"/>
  <system-out/>
  <testcase classname="ESIC_HIS.ProductionScript.IndentRaisedworkFlow" name="Do_Test_for_IndentWorkList_ApproveIndent" time="0.804"/>
  <system-out/>
  <testcase classname="ESIC_HIS.ProductionScript.IndentRaisedworkFlow" name="Do_Test_for_IndentWorkList_issueIndent_SubsituteItem" time="30.035"/>
  <system-out/>
  <testcase classname="ESIC_HIS.ProductionScript.IndentRaisedworkFlow" name="Do_Test_for_IndentWorkList_issueIndent" time="6.339"/>
  <system-out/>
  <testcase classname="ESIC_HIS.ProductionScript.IndentRaisedworkFlow" name="Do_Test_ChangeLoccation_For_RecieptAcknowladge" time="45.965"/>
  <system-out/>
  <testcase classname="ESIC_HIS.ProductionScript.IndentRaisedworkFlow" name="Do_Test_ChangeLoccation_For_RecieptAcknowladge_ReciptAckButton" time="12.537"/>
  <system-out/>
  <testcase classname="ESIC_HIS.ProductionScript.IndentRaisedworkFlow" name="Do_Test_ChangeLoccation_For_RecieptAcknowladge_Recipt_closeButton" time="29.627"/>
  <system-out/>
</testsuite> <!-- ESIC_HIS.ProductionScript.IndentRaisedworkFlow -->
