<?xml version="1.0" encoding="UTF-8"?>
<!-- Generated by org.testng.reporters.JUnitReportReporter -->
<testsuite hostname="DESKTOP-D23LR3J" failures="0" tests="14" name="ESIC_HIS.ProductionScript.PM10639_printAndCutomizedPrint_SubsituteItemTest" time="226.901" errors="0" timestamp="2022-11-18T16:37:55 IST" skipped="0">
  <testcase classname="ESIC_HIS.ProductionScript.PM10639_printAndCutomizedPrint_SubsituteItemTest" name="doLoginTest" time="1.710"/>
  <system-out/>
  <testcase classname="ESIC_HIS.ProductionScript.PM10639_printAndCutomizedPrint_SubsituteItemTest" name="doNavigateToSelectHospitalLocationTest" time="0.428"/>
  <system-out/>
  <testcase classname="ESIC_HIS.ProductionScript.PM10639_printAndCutomizedPrint_SubsituteItemTest" name="doNavigateToHISHomeTest" time="13.254"/>
  <system-out/>
  <testcase classname="ESIC_HIS.ProductionScript.PM10639_printAndCutomizedPrint_SubsituteItemTest" name="doNavigateToPatientCheckinLinkTest" time="1.157"/>
  <system-out/>
  <testcase classname="ESIC_HIS.ProductionScript.PM10639_printAndCutomizedPrint_SubsituteItemTest" name="do_CreateCheckIn" time="20.574"/>
  <system-out/>
  <testcase classname="ESIC_HIS.ProductionScript.PM10639_printAndCutomizedPrint_SubsituteItemTest" name="dodoctorworklist" time="82.087"/>
  <system-out/>
  <testcase classname="ESIC_HIS.ProductionScript.PM10639_printAndCutomizedPrint_SubsituteItemTest" name="Do_Test_Print_Button" time="28.767"/>
  <system-out/>
  <testcase classname="ESIC_HIS.ProductionScript.PM10639_printAndCutomizedPrint_SubsituteItemTest" name="Do_Test_For_DemographicDetailMatchingCaseSheetToPrintWindow" time="0.008"/>
  <system-out/>
  <testcase classname="ESIC_HIS.ProductionScript.PM10639_printAndCutomizedPrint_SubsituteItemTest" name="Do_Test_For_CustomizedPrintButton" time="2.969"/>
  <system-out/>
  <testcase classname="ESIC_HIS.ProductionScript.PM10639_printAndCutomizedPrint_SubsituteItemTest" name="Do_Test_For_CustomizedPrint_UncheckAllButton" time="7.320"/>
  <system-out/>
  <testcase classname="ESIC_HIS.ProductionScript.PM10639_printAndCutomizedPrint_SubsituteItemTest" name="Do_Test_For_CustomizedPrint_checkAllButton" time="5.264"/>
  <system-out/>
  <testcase classname="ESIC_HIS.ProductionScript.PM10639_printAndCutomizedPrint_SubsituteItemTest" name="Do_Test_For_CustomizedPrint_PrintButton" time="12.899"/>
  <system-out/>
  <testcase classname="ESIC_HIS.ProductionScript.PM10639_printAndCutomizedPrint_SubsituteItemTest" name="Do_Test_for_ChaangeLocationForStoreServices" time="20.977"/>
  <system-out/>
  <testcase classname="ESIC_HIS.ProductionScript.PM10639_printAndCutomizedPrint_SubsituteItemTest" name="Do_Test_for_pharmacyIssueSubsituteItem" time="29.487"/>
  <system-out/>
</testsuite> <!-- ESIC_HIS.ProductionScript.PM10639_printAndCutomizedPrint_SubsituteItemTest -->
