<?xml version="1.0" encoding="UTF-8"?>
<!-- Generated by org.testng.reporters.JUnitReportReporter -->
<testsuite hostname="DESKTOP-D23LR3J" failures="0" tests="7" name="ESIC_HIS.ProductionScript.StoreRepotsTest" time="69.231" errors="0" timestamp="2023-03-28T16:22:41 IST" skipped="0">
  <testcase classname="ESIC_HIS.ProductionScript.StoreRepotsTest" name="doLoginTest" time="1.293"/>
  <system-out/>
  <testcase classname="ESIC_HIS.ProductionScript.StoreRepotsTest" name="doNavigateToSelectHospitalLocationTest" time="0.383"/>
  <system-out/>
  <testcase classname="ESIC_HIS.ProductionScript.StoreRepotsTest" name="doNavigateToHISHomeTest" time="12.438"/>
  <system-out/>
  <testcase classname="ESIC_HIS.ProductionScript.StoreRepotsTest" name="TC_Store_003" time="3.160"/>
  <system-out/>
  <testcase classname="ESIC_HIS.ProductionScript.StoreRepotsTest" name="TC_Store_004" time="21.079"/>
  <system-out/>
  <testcase classname="ESIC_HIS.ProductionScript.StoreRepotsTest" name="TC_Store_007" time="16.882"/>
  <system-out/>
  <testcase classname="ESIC_HIS.ProductionScript.StoreRepotsTest" name="TC_Store_010" time="13.996"/>
  <system-out/>
</testsuite> <!-- ESIC_HIS.ProductionScript.StoreRepotsTest -->
