<?xml version="1.0" encoding="UTF-8"?>
<!-- Generated by org.testng.reporters.JUnitReportReporter -->
<testsuite hostname="DESKTOP-D23LR3J" failures="0" tests="9" name="ESIC_HIS.ProductionScript.Miscellaneous_Changes_in_Clinical_Records" time="186.509" errors="0" timestamp="2023-06-01T15:28:16 IST" skipped="0">
  <testcase classname="ESIC_HIS.ProductionScript.Miscellaneous_Changes_in_Clinical_Records" name="doLoginTest" time="1.192"/>
  <system-out/>
  <testcase classname="ESIC_HIS.ProductionScript.Miscellaneous_Changes_in_Clinical_Records" name="doNavigateToSelectHospitalLocationTest" time="0.374"/>
  <system-out/>
  <testcase classname="ESIC_HIS.ProductionScript.Miscellaneous_Changes_in_Clinical_Records" name="doNavigateToHISHomeTest" time="13.320"/>
  <system-out/>
  <testcase classname="ESIC_HIS.ProductionScript.Miscellaneous_Changes_in_Clinical_Records" name="ESIC_HIS_Location_and_Facility_Selection_Registration_Patient_Check_In_Clinical_Records_Dr_Worklist_TC_006" time="13.645"/>
  <system-out/>
  <testcase classname="ESIC_HIS.ProductionScript.Miscellaneous_Changes_in_Clinical_Records" name="ESIC_HIS_Location_and_Facility_Selection_Clinical_Records_Dr_Worklist_ESIC_Employee_Esic_Pensioner_insurance_number_Search_Icon_Functionality_TC_007" time="37.153"/>
  <system-out/>
  <testcase classname="ESIC_HIS.ProductionScript.Miscellaneous_Changes_in_Clinical_Records" name="ESIC_HIS_Location_and_Facility_Selection_Clinical_Records_Dr_Worklist_ESIC_Employee_Esic_Pensioner_insurance_number_Search_Icon_Functionality_TC_008" time="55.894"/>
  <system-out/>
  <testcase classname="ESIC_HIS.ProductionScript.Miscellaneous_Changes_in_Clinical_Records" name="ESIC_HIS_Clinical_Records_Dr_Worklist_casesheet_add_DiagnosWithoutICDCode_Diagnosis_TC_010" time="38.939"/>
  <system-out/>
  <testcase classname="ESIC_HIS.ProductionScript.Miscellaneous_Changes_in_Clinical_Records" name="test" time="10.368"/>
  <system-out/>
  <testcase classname="ESIC_HIS.ProductionScript.Miscellaneous_Changes_in_Clinical_Records" name="test2" time="15.624"/>
  <system-out/>
</testsuite> <!-- ESIC_HIS.ProductionScript.Miscellaneous_Changes_in_Clinical_Records -->
