<?xml version="1.0" encoding="UTF-8"?>
<!-- Generated by org.testng.reporters.JUnitReportReporter -->
<testsuite hostname="DESKTOP-D23LR3J" failures="0" tests="7" name="ESIC_HIS.ProductionScript.PrevantingHealthCheckUpTest" time="93.587" errors="0" timestamp="2022-12-12T16:02:06 IST" skipped="0">
  <testcase classname="ESIC_HIS.ProductionScript.PrevantingHealthCheckUpTest" name="doLoginTest" time="2.422"/>
  <system-out/>
  <testcase classname="ESIC_HIS.ProductionScript.PrevantingHealthCheckUpTest" name="doNavigateToSelectHospitalLocationTest" time="0.667"/>
  <system-out/>
  <testcase classname="ESIC_HIS.ProductionScript.PrevantingHealthCheckUpTest" name="doNavigateToHISHomeTest" time="14.282"/>
  <system-out/>
  <testcase classname="ESIC_HIS.ProductionScript.PrevantingHealthCheckUpTest" name="doNavigateToPatientCheckInTest" time="2.789"/>
  <system-out/>
  <testcase classname="ESIC_HIS.ProductionScript.PrevantingHealthCheckUpTest" name="Annual_Preventive_Check_up_Validation_TC_05" time="18.325"/>
  <system-out/>
  <testcase classname="ESIC_HIS.ProductionScript.PrevantingHealthCheckUpTest" name="Annual_Preventive_Check_up_Validation_TC_06" time="20.052"/>
  <system-out/>
  <testcase classname="ESIC_HIS.ProductionScript.PrevantingHealthCheckUpTest" name="Annual_Preventive_Check_up_Validation_TC_07" time="35.050"/>
  <system-out/>
</testsuite> <!-- ESIC_HIS.ProductionScript.PrevantingHealthCheckUpTest -->
