<?xml version="1.0" encoding="UTF-8"?>
<!-- Generated by org.testng.reporters.JUnitReportReporter -->
<testsuite hostname="DESKTOP-D23LR3J" failures="0" tests="3" name="com.qa.tests.Laboratory_Dispatch_Report_Inpatient_Test" time="355.396" errors="0" timestamp="2021-11-29T15:46:41 IST" skipped="0">
  <testcase classname="com.qa.tests.Laboratory_Dispatch_Report_Inpatient_Test" name="doLoginTest" time="37.273"/>
  <system-out/>
  <testcase classname="com.qa.tests.Laboratory_Dispatch_Report_Inpatient_Test" name="doNavigateToSelectHospitalLocationTest" time="254.975"/>
  <system-out/>
  <testcase classname="com.qa.tests.Laboratory_Dispatch_Report_Inpatient_Test" name="changeHospitalLocationTest" time="63.148"/>
  <system-out/>
</testsuite> <!-- com.qa.tests.Laboratory_Dispatch_Report_Inpatient_Test -->
