<?xml version="1.0" encoding="UTF-8"?>
<!-- Generated by org.testng.reporters.JUnitReportReporter -->
<testsuite hostname="DESKTOP-D23LR3J" failures="0" tests="1" name="com.qa.tests.UHIDPageTestStaging" time="3.217" errors="0" timestamp="07 Sep 2021 14:35:15 GMT" skipped="0">
  <testcase classname="com.qa.tests.UHIDPageTestStaging" name="launchingbrowser" time="3.217"/>
</testsuite> <!-- com.qa.tests.UHIDPageTestStaging -->
