<?xml version="1.0" encoding="UTF-8"?>
<!-- Generated by org.testng.reporters.JUnitReportReporter -->
<testsuite hostname="DESKTOP-QUDOBMA" failures="1" tests="4" name="com.qa.tests.MiniCaseSheetTest$ClinicalRecordTest" time="116.880" errors="0" timestamp="10 May 2021 11:35:08 GMT">
  <testcase classname="com.qa.tests.MiniCaseSheetTest$ClinicalRecordTest" name="doLoginTest" time="3.216"/>
  <testcase classname="com.qa.tests.MiniCaseSheetTest$ClinicalRecordTest" name="doNavigateToHISHomeTest" time="2.818"/>
  <testcase classname="com.qa.tests.MiniCaseSheetTest$ClinicalRecordTest" name="doNavigateToSelectHospitalLocationTest" time="109.460"/>
  <testcase classname="com.qa.tests.MiniCaseSheetTest$ClinicalRecordTest" name="doNavigateToDoctorWorkListAndSelectMiniCaseSheet" time="1.386">
    <failure message="Cannot invoke &quot;com.qa.pages.MiniCaseSheetPages.GoToMiniCaseSheet()&quot; because &quot;this.minicasesheetpages&quot; is null" type="java.lang.NullPointerException">
      <![CDATA[java.lang.NullPointerException: Cannot invoke "com.qa.pages.MiniCaseSheetPages.GoToMiniCaseSheet()" because "this.minicasesheetpages" is null
	at com.qa.tests.MiniCaseSheetTest$ClinicalRecordTest.doNavigateToDoctorWorkListAndSelectMiniCaseSheet(MiniCaseSheetTest.java:52)
	at java.base/jdk.internal.reflect.NativeMethodAccessorImpl.invoke0(Native Method)
	at java.base/jdk.internal.reflect.NativeMethodAccessorImpl.invoke(NativeMethodAccessorImpl.java:64)
	at java.base/jdk.internal.reflect.DelegatingMethodAccessorImpl.invoke(DelegatingMethodAccessorImpl.java:43)
	at java.base/java.lang.reflect.Method.invoke(Method.java:564)
	at org.testng.internal.MethodInvocationHelper.invokeMethod(MethodInvocationHelper.java:84)
	at org.testng.internal.Invoker.invokeMethod(Invoker.java:714)
	at org.testng.internal.Invoker.invokeTestMethod(Invoker.java:901)
	at org.testng.internal.Invoker.invokeTestMethods(Invoker.java:1231)
	at org.testng.internal.TestMethodWorker.invokeTestMethods(TestMethodWorker.java:127)
	at org.testng.internal.TestMethodWorker.run(TestMethodWorker.java:111)
	at org.testng.TestRunner.privateRun(TestRunner.java:767)
	at org.testng.TestRunner.run(TestRunner.java:617)
	at org.testng.SuiteRunner.runTest(SuiteRunner.java:334)
	at org.testng.SuiteRunner.runSequentially(SuiteRunner.java:329)
	at org.testng.SuiteRunner.privateRun(SuiteRunner.java:291)
	at org.testng.SuiteRunner.run(SuiteRunner.java:240)
	at org.testng.SuiteRunnerWorker.runSuite(SuiteRunnerWorker.java:52)
	at org.testng.SuiteRunnerWorker.run(SuiteRunnerWorker.java:86)
	at org.testng.TestNG.runSuitesSequentially(TestNG.java:1224)
	at org.testng.TestNG.runSuitesLocally(TestNG.java:1149)
	at org.testng.TestNG.run(TestNG.java:1057)
	at org.testng.remote.AbstractRemoteTestNG.run(AbstractRemoteTestNG.java:115)
	at org.testng.remote.RemoteTestNG.initAndRun(RemoteTestNG.java:251)
	at org.testng.remote.RemoteTestNG.main(RemoteTestNG.java:77)
]]>
    </failure>
  </testcase> <!-- doNavigateToDoctorWorkListAndSelectMiniCaseSheet -->
</testsuite> <!-- com.qa.tests.MiniCaseSheetTest$ClinicalRecordTest -->
