<?xml version="1.0" encoding="UTF-8"?>
<!-- Generated by org.testng.reporters.JUnitReportReporter -->
<testsuite hostname="DESKTOP-D23LR3J" failures="0" tests="4" name="com.qa.tests.ImpactOnHis_Ins_Uhid_Creation" time="42.663" errors="0" timestamp="2021-12-15T09:25:41 IST" skipped="0">
  <testcase classname="com.qa.tests.ImpactOnHis_Ins_Uhid_Creation" name="doLoginTest" time="1.358"/>
  <system-out/>
  <testcase classname="com.qa.tests.ImpactOnHis_Ins_Uhid_Creation" name="doNavigateToSelectHospitalLocationTest" time="36.053"/>
  <system-out/>
  <testcase classname="com.qa.tests.ImpactOnHis_Ins_Uhid_Creation" name="doNavigateToHISHomeTest" time="1.066"/>
  <system-out/>
  <testcase classname="com.qa.tests.ImpactOnHis_Ins_Uhid_Creation" name="DoTestCaseforIP_IntegtationToUHIDScreen" time="4.186"/>
  <system-out/>
</testsuite> <!-- com.qa.tests.ImpactOnHis_Ins_Uhid_Creation -->
