<?xml version="1.0" encoding="UTF-8"?>
<!-- Generated by org.testng.reporters.JUnitReportReporter -->
<testsuite hostname="DESKTOP-D23LR3J" failures="0" tests="6" name="com.qa.tests.OTandResourceSchedulingPageTest" time="57.854" errors="0" timestamp="2021-12-07T09:30:21 IST" skipped="0">
  <testcase classname="com.qa.tests.OTandResourceSchedulingPageTest" name="doLoginTest" time="1.240"/>
  <system-out/>
  <testcase classname="com.qa.tests.OTandResourceSchedulingPageTest" name="doNavigateToSelectHospitalLocationTest" time="29.348"/>
  <system-out/>
  <testcase classname="com.qa.tests.OTandResourceSchedulingPageTest" name="doNavigateToHISHomeTest" time="1.365"/>
  <system-out/>
  <testcase classname="com.qa.tests.OTandResourceSchedulingPageTest" name="doNavigateToOTandResourceSchedulingTest" time="1.486"/>
  <system-out/>
  <testcase classname="com.qa.tests.OTandResourceSchedulingPageTest" name="verifyOTSurgeryPageTitleTest" time="0.013"/>
  <system-out/>
  <testcase classname="com.qa.tests.OTandResourceSchedulingPageTest" name="doOTandResourceSchedulingnTest" time="24.402"/>
  <system-out/>
</testsuite> <!-- com.qa.tests.OTandResourceSchedulingPageTest -->
