<?xml version="1.0" encoding="UTF-8"?>
<!-- Generated by org.testng.reporters.JUnitReportReporter -->
<testsuite hostname="DESKTOP-QUDOBMA" failures="0" tests="4" name="com.qa.tests.Clinical_Record_Genrate_Certificate" time="235.038" errors="0" timestamp="10 May 2021 08:56:21 GMT">
  <testcase classname="com.qa.tests.Clinical_Record_Genrate_Certificate" name="doNavigateToHISHomeTest" time="3.680"/>
  <testcase classname="com.qa.tests.Clinical_Record_Genrate_Certificate" name="doNavigateToSelectHospitalLocationTest" time="220.153"/>
  <testcase classname="com.qa.tests.Clinical_Record_Genrate_Certificate" name="doLoginTest" time="3.867"/>
  <testcase classname="com.qa.tests.Clinical_Record_Genrate_Certificate" name="doNavigateToClinicalRecord_genrate_certificate" time="7.338"/>
</testsuite> <!-- com.qa.tests.Clinical_Record_Genrate_Certificate -->
