<?xml version="1.0" encoding="UTF-8"?>
<!-- Generated by org.testng.reporters.JUnitReportReporter -->
<testsuite hostname="DESKTOP-D23LR3J" failures="0" tests="5" name="com.qa.tests.AlterMRPPageTest" time="49.337" errors="0" timestamp="25 Jul 2021 22:20:07 GMT">
  <testcase classname="com.qa.tests.AlterMRPPageTest" name="doLoginTest" time="1.653"/>
  <testcase classname="com.qa.tests.AlterMRPPageTest" name="doNavigateToHISHomeTest" time="1.870"/>
  <testcase classname="com.qa.tests.AlterMRPPageTest" name="doNavigateAdjustmentLinkTest" time="1.175"/>
  <testcase classname="com.qa.tests.AlterMRPPageTest" name="doNavigateToSelectHospitalLocationTest" time="3.616"/>
  <testcase classname="com.qa.tests.AlterMRPPageTest" name="doAlterMRPTest" time="41.023"/>
</testsuite> <!-- com.qa.tests.AlterMRPPageTest -->
