<?xml version="1.0" encoding="UTF-8"?>
<!-- Generated by org.testng.reporters.JUnitReportReporter -->
<testsuite hostname="DESKTOP-D23LR3J" failures="0" tests="8" name="com.qa.tests.Registration_ReportTest" time="181.955" errors="0" timestamp="10 Sep 2021 04:44:46 GMT" skipped="0">
  <testcase classname="com.qa.tests.Registration_ReportTest" name="doLoginTest" time="1.149"/>
  <testcase classname="com.qa.tests.Registration_ReportTest" name="doNavigateToSelectHospitalLocationTest" time="11.217"/>
  <testcase classname="com.qa.tests.Registration_ReportTest" name="doNavigateToHISHomeTest" time="1.437"/>
  <testcase classname="com.qa.tests.Registration_ReportTest" name="DoNatigatetoLinkUHIDtoIP_NoPages" time="1.255"/>
  <testcase classname="com.qa.tests.Registration_ReportTest" name="ChecktheFuntionalityOfDispenceryReportFO_List" time="52.423"/>
  <testcase classname="com.qa.tests.Registration_ReportTest" name="ChecktheFuntionalityOfMainHospitalreport" time="55.720"/>
  <testcase classname="com.qa.tests.Registration_ReportTest" name="DoNatigatetoLinkUHIDtoIP_NoPagesagain" time="0.848"/>
  <testcase classname="com.qa.tests.Registration_ReportTest" name="ChecktheFuntionalityOfList_of_CheckIN_for_day" time="57.906"/>
</testsuite> <!-- com.qa.tests.Registration_ReportTest -->
