<?xml version="1.0" encoding="UTF-8"?>
<!-- Generated by org.testng.reporters.JUnitReportReporter -->
<testsuite hostname="DESKTOP-D23LR3J" failures="0" tests="1" name="in.esic.testpackageHIS.InpatientManagement_InvestigationRequest" time="62.361" errors="0" timestamp="30 Jun 2021 11:17:18 GMT">
  <testcase classname="in.esic.testpackageHIS.InpatientManagement_InvestigationRequest" name="InvestigationRequest" time="62.361"/>
</testsuite> <!-- in.esic.testpackageHIS.InpatientManagement_InvestigationRequest -->
