<?xml version="1.0" encoding="UTF-8"?>
<!-- Generated by org.testng.reporters.JUnitReportReporter -->
<testsuite hostname="DESKTOP-D23LR3J" failures="0" tests="5" name="com.qa.tests.AdjustmentTest" time="20.112" errors="0" timestamp="25 Jul 2021 22:20:07 GMT">
  <testcase classname="com.qa.tests.AdjustmentTest" name="doNavigateAdjustmentLinkTest" time="1.201"/>
  <testcase classname="com.qa.tests.AdjustmentTest" name="doNavigateToHISHomeTest" time="2.709"/>
  <testcase classname="com.qa.tests.AdjustmentTest" name="doNavigateToSelectHospitalLocationTest" time="3.756"/>
  <testcase classname="com.qa.tests.AdjustmentTest" name="doLoginTest" time="2.117"/>
  <testcase classname="com.qa.tests.AdjustmentTest" name="doAdjustmentTest" time="10.329"/>
</testsuite> <!-- com.qa.tests.AdjustmentTest -->
