<?xml version="1.0" encoding="UTF-8"?>
<!-- Generated by org.testng.reporters.JUnitReportReporter -->
<testsuite hostname="DESKTOP-D23LR3J" failures="0" tests="3" name="com.qa.tests.Medical_Birth_Registration_Test" time="271.450" errors="0" timestamp="2021-12-02T14:11:54 IST" skipped="0">
  <testcase classname="com.qa.tests.Medical_Birth_Registration_Test" name="doLoginTest" time="17.701"/>
  <system-out/>
  <testcase classname="com.qa.tests.Medical_Birth_Registration_Test" name="doNavigateToSelectHospitalLocationTest" time="111.824"/>
  <system-out/>
  <testcase classname="com.qa.tests.Medical_Birth_Registration_Test" name="changeHospitalLocationTest" time="141.925"/>
  <system-out/>
</testsuite> <!-- com.qa.tests.Medical_Birth_Registration_Test -->
