<?xml version="1.0" encoding="UTF-8"?>
<!-- Generated by org.testng.reporters.JUnitReportReporter -->
<testsuite hostname="DESKTOP-D23LR3J" failures="0" tests="3" name="com.qa.tests.CSSD_ItemRecieptworklist_Test" time="62.903" errors="0" timestamp="5 Aug 2021 06:47:44 GMT">
  <testcase classname="com.qa.tests.CSSD_ItemRecieptworklist_Test" name="doNavigateToSelectHospitalLocationTest" time="40.846"/>
  <testcase classname="com.qa.tests.CSSD_ItemRecieptworklist_Test" name="doLoginTest" time="6.624"/>
  <testcase classname="com.qa.tests.CSSD_ItemRecieptworklist_Test" name="changeHospitalLocationTest" time="15.433"/>
</testsuite> <!-- com.qa.tests.CSSD_ItemRecieptworklist_Test -->
