<?xml version="1.0" encoding="UTF-8"?>
<!-- Generated by org.testng.reporters.JUnitReportReporter -->
<testsuite hostname="DESKTOP-QUDOBMA" failures="0" tests="4" name="com.qa.tests.Genrate_CertificateTest" time="24.344" errors="0" timestamp="11 May 2021 12:17:58 GMT">
  <testcase classname="com.qa.tests.Genrate_CertificateTest" name="doNavigateToSelectHospitalLocationTest" time="4.346"/>
  <testcase classname="com.qa.tests.Genrate_CertificateTest" name="doNavigateToHISHomeTest" time="4.990"/>
  <testcase classname="com.qa.tests.Genrate_CertificateTest" name="doNavigateToClinicalRecord_genrate_certificate" time="12.247"/>
  <testcase classname="com.qa.tests.Genrate_CertificateTest" name="doLoginTest" time="2.761"/>
</testsuite> <!-- com.qa.tests.Genrate_CertificateTest -->
