<?xml version="1.0" encoding="UTF-8"?>
<!-- Generated by org.testng.reporters.JUnitReportReporter -->
<testsuite hostname="DESKTOP-D23LR3J" failures="0" tests="5" name="com.qa.tests.CancelCheckinTest" time="98.076" errors="0" timestamp="30 Mar 2022 08:36:34 GMT" skipped="0">
  <testcase classname="com.qa.tests.CancelCheckinTest" name="doLoginTest" time="1.651"/>
  <testcase classname="com.qa.tests.CancelCheckinTest" name="doNavigateToSelectHospitalLocationTest" time="3.314"/>
  <testcase classname="com.qa.tests.CancelCheckinTest" name="doNavigateToHISHomeTest" time="1.559"/>
  <testcase classname="com.qa.tests.CancelCheckinTest" name="doNavigateToCancelCheckinTest" time="2.186"/>
  <testcase classname="com.qa.tests.CancelCheckinTest" name="doCancelCheckinTest" time="89.366"/>
</testsuite> <!-- com.qa.tests.CancelCheckinTest -->
