<?xml version="1.0" encoding="UTF-8"?>
<!-- Generated by org.testng.reporters.JUnitReportReporter -->
<testsuite hostname="DESKTOP-D23LR3J" failures="0" tests="6" name="com.qa.tests.getSynInsurancedataToHISTest" time="24.658" errors="0" timestamp="2021-12-08T09:18:04 IST" skipped="0">
  <testcase classname="com.qa.tests.getSynInsurancedataToHISTest" name="doLoginForOP_PatientFeedBackScreenTest" time="1.169"/>
  <system-out/>
  <testcase classname="com.qa.tests.getSynInsurancedataToHISTest" name="doNavigateToSelectHospitalLocationTest" time="16.966"/>
  <system-out/>
  <testcase classname="com.qa.tests.getSynInsurancedataToHISTest" name="doNavigateToHISHomeTest" time="1.133"/>
  <system-out/>
  <testcase classname="com.qa.tests.getSynInsurancedataToHISTest" name="ToNavigateTOSyncronize_Insurance_Data_to_HIS" time="0.700"/>
  <system-out/>
  <testcase classname="com.qa.tests.getSynInsurancedataToHISTest" name="ToCheckTheFunctionalityOf_SIDH_ClearButton" time="1.812"/>
  <system-out/>
  <testcase classname="com.qa.tests.getSynInsurancedataToHISTest" name="ToCheckTheFunctionalityOf_SIDH_SaveButton" time="2.878"/>
  <system-out/>
</testsuite> <!-- com.qa.tests.getSynInsurancedataToHISTest -->
