<?xml version="1.0" encoding="UTF-8"?>
<!-- Generated by org.testng.reporters.JUnitReportReporter -->
<testsuite hostname="DESKTOP-D23LR3J" failures="0" tests="3" name="com.qa.tests.Medical_Death_Record_Test" time="81.257" errors="0" timestamp="2021-12-02T15:12:43 IST" skipped="0">
  <testcase classname="com.qa.tests.Medical_Death_Record_Test" name="doLoginTest" time="1.629"/>
  <system-out/>
  <testcase classname="com.qa.tests.Medical_Death_Record_Test" name="doNavigateToSelectHospitalLocationTest" time="32.957"/>
  <system-out/>
  <testcase classname="com.qa.tests.Medical_Death_Record_Test" name="changeHospitalLocationTest" time="46.671"/>
  <system-out/>
</testsuite> <!-- com.qa.tests.Medical_Death_Record_Test -->
