<?xml version="1.0" encoding="UTF-8"?>
<!-- Generated by org.testng.reporters.JUnitReportReporter -->
<testsuite hostname="DESKTOP-D23LR3J" failures="0" tests="9" name="com.qa.tests.Clinical_Record_ReportTest" time="120.559" errors="0" timestamp="2021-09-24T11:03:03 IST" skipped="0">
  <testcase classname="com.qa.tests.Clinical_Record_ReportTest" name="doLoginTest" time="1.482"/>
  <system-out/>
  <testcase classname="com.qa.tests.Clinical_Record_ReportTest" name="doNavigateToSelectHospitalLocationTest" time="58.390"/>
  <system-out/>
  <testcase classname="com.qa.tests.Clinical_Record_ReportTest" name="doNavigateToHISHomeTest" time="1.309"/>
  <system-out/>
  <testcase classname="com.qa.tests.Clinical_Record_ReportTest" name="doNavigateToPatientCheckInTest" time="0.897"/>
  <system-out/>
  <testcase classname="com.qa.tests.Clinical_Record_ReportTest" name="checkTheFunctionalityOfItemMasterdata" time="1.136"/>
  <system-out/>
  <testcase classname="com.qa.tests.Clinical_Record_ReportTest" name="checkTheFunctionalityOfprescreption_itemIssue" time="1.157"/>
  <system-out/>
  <testcase classname="com.qa.tests.Clinical_Record_ReportTest" name="checkTheFunctionalityOfStockStatus_StationWise" time="2.203"/>
  <system-out/>
  <testcase classname="com.qa.tests.Clinical_Record_ReportTest" name="checkTheFunctionalityOfExportReport" time="39.985"/>
  <system-out/>
  <testcase classname="com.qa.tests.Clinical_Record_ReportTest" name="ChecktheFunctionalityofOpenTheReport" time="14.000"/>
  <system-out/>
</testsuite> <!-- com.qa.tests.Clinical_Record_ReportTest -->
