<?xml version="1.0" encoding="UTF-8"?>
<!-- Generated by org.testng.reporters.JUnitReportReporter -->
<testsuite hostname="DESKTOP-D23LR3J" failures="0" tests="5" name="com.qa.tests.OToprative_OTNotesTest" time="344.314" errors="0" timestamp="2021-12-04T11:47:37 IST" skipped="0">
  <testcase classname="com.qa.tests.OToprative_OTNotesTest" name="doLoginTest" time="6.023"/>
  <system-out/>
  <testcase classname="com.qa.tests.OToprative_OTNotesTest" name="doNavigateToSelectHospitalLocationTest" time="140.691"/>
  <system-out/>
  <testcase classname="com.qa.tests.OToprative_OTNotesTest" name="doNavigateToHISHomeTest" time="1.344"/>
  <system-out/>
  <testcase classname="com.qa.tests.OToprative_OTNotesTest" name="doNavigateToOTandResourceSchedulingTest" time="14.614"/>
  <system-out/>
  <testcase classname="com.qa.tests.OToprative_OTNotesTest" name="dotestcaseforotoperativeotnotesLink" time="181.642"/>
  <system-out/>
</testsuite> <!-- com.qa.tests.OToprative_OTNotesTest -->
