<?xml version="1.0" encoding="UTF-8"?>
<!-- Generated by org.testng.reporters.JUnitReportReporter -->
<testsuite hostname="DESKTOP-D23LR3J" failures="0" tests="4" name="com.qa.tests.BedStatusTest" time="195.366" errors="0" timestamp="30 Mar 2022 10:29:23 GMT" skipped="0">
  <testcase classname="com.qa.tests.BedStatusTest" name="doLoginTest" time="2.126"/>
  <testcase classname="com.qa.tests.BedStatusTest" name="doNavigateToSelectHospitalLocationTest" time="187.839"/>
  <testcase classname="com.qa.tests.BedStatusTest" name="doNavigateToHISHomeTest" time="2.303"/>
  <testcase classname="com.qa.tests.BedStatusTest" name="doNavigateToBedStatusLink" time="3.098"/>
</testsuite> <!-- com.qa.tests.BedStatusTest -->
