<?xml version="1.0" encoding="UTF-8"?>
<!-- Generated by org.testng.reporters.JUnitReportReporter -->
<testsuite hostname="DESKTOP-D23LR3J" failures="0" tests="3" name="com.qa.tests.Laboratory_Bulk_Result_verification_Test" time="159.183" errors="0" timestamp="2021-11-26T15:00:46 IST" skipped="0">
  <testcase classname="com.qa.tests.Laboratory_Bulk_Result_verification_Test" name="doLoginTest" time="1.338"/>
  <system-out/>
  <testcase classname="com.qa.tests.Laboratory_Bulk_Result_verification_Test" name="doNavigateToSelectHospitalLocationTest" time="137.111"/>
  <system-out/>
  <testcase classname="com.qa.tests.Laboratory_Bulk_Result_verification_Test" name="changeHospitalLocationTest" time="20.734"/>
  <system-out/>
</testsuite> <!-- com.qa.tests.Laboratory_Bulk_Result_verification_Test -->
