<?xml version="1.0" encoding="UTF-8"?>
<!-- Generated by org.testng.reporters.JUnitReportReporter -->
<testsuite hostname="DESKTOP-D23LR3J" failures="0" tests="5" name="com.qa.tests.IndentIssueWithoutOrderPageTest" time="76.100" errors="0" timestamp="16 Aug 2021 09:43:34 GMT">
  <testcase classname="com.qa.tests.IndentIssueWithoutOrderPageTest" name="doNavigateToSelectHospitalLocationTest" time="54.068"/>
  <testcase classname="com.qa.tests.IndentIssueWithoutOrderPageTest" name="doLoginTest" time="0.968"/>
  <testcase classname="com.qa.tests.IndentIssueWithoutOrderPageTest" name="doIndentIssueWoOrderTest" time="19.217"/>
  <testcase classname="com.qa.tests.IndentIssueWithoutOrderPageTest" name="doNavigateIndentIssuesWOOrderLinkTest" time="0.753"/>
  <testcase classname="com.qa.tests.IndentIssueWithoutOrderPageTest" name="doNavigateToHISHomeTest" time="1.094"/>
</testsuite> <!-- com.qa.tests.IndentIssueWithoutOrderPageTest -->
