<?xml version="1.0" encoding="UTF-8"?>
<!-- Generated by org.testng.reporters.JUnitReportReporter -->
<testsuite hostname="DESKTOP-D23LR3J" failures="0" tests="5" name="com.qa.tests.StoreConsumptionTest" time="18.768" errors="0" timestamp="25 Jul 2021 22:20:07 GMT">
  <testcase classname="com.qa.tests.StoreConsumptionTest" name="doNavigateToHISHomeTest" time="1.952"/>
  <testcase classname="com.qa.tests.StoreConsumptionTest" name="doLoginTest" time="1.990"/>
  <testcase classname="com.qa.tests.StoreConsumptionTest" name="doNavigateAdjustmentTest" time="1.203"/>
  <testcase classname="com.qa.tests.StoreConsumptionTest" name="doNavigateToSelectHospitalLocationTest" time="3.859"/>
  <testcase classname="com.qa.tests.StoreConsumptionTest" name="doAdjustmentTest" time="9.764"/>
</testsuite> <!-- com.qa.tests.StoreConsumptionTest -->
