<?xml version="1.0" encoding="UTF-8"?>
<!-- Generated by org.testng.reporters.JUnitReportReporter -->
<testsuite hostname="DESKTOP-D23LR3J" failures="0" tests="1" name="com.qa.tests.InpatientManagement_AlotBedTest" time="83.394" errors="0" timestamp="30 Jul 2021 08:50:44 GMT">
  <testcase classname="com.qa.tests.InpatientManagement_AlotBedTest" name="AlotBed" time="83.394"/>
</testsuite> <!-- com.qa.tests.InpatientManagement_AlotBedTest -->
