<?xml version="1.0" encoding="UTF-8"?>
<!-- Generated by org.testng.reporters.JUnitReportReporter -->
<testsuite hostname="DESKTOP-D23LR3J" failures="0" tests="1" name="com.qa.tests.InpatientManagement_AlotBed" time="33.958" errors="0" timestamp="12 Jul 2021 15:31:57 GMT">
  <testcase classname="com.qa.tests.InpatientManagement_AlotBed" name="AlotBed" time="33.958"/>
</testsuite> <!-- com.qa.tests.InpatientManagement_AlotBed -->
