<?xml version="1.0" encoding="UTF-8"?>
<!-- Generated by org.testng.reporters.JUnitReportReporter -->
<testsuite hostname="DESKTOP-D23LR3J" failures="0" tests="1" name="com.qa.tests.InpatientManagement_InvestigationRequestTest" time="234.927" errors="0" timestamp="2021-12-06T14:59:07 IST" skipped="0">
  <testcase classname="com.qa.tests.InpatientManagement_InvestigationRequestTest" name="InvestigationRequest" time="234.927"/>
  <system-out/>
</testsuite> <!-- com.qa.tests.InpatientManagement_InvestigationRequestTest -->
