<?xml version="1.0" encoding="UTF-8"?>
<!-- Generated by org.testng.reporters.JUnitReportReporter -->
<testsuite hostname="DESKTOP-D23LR3J" failures="0" tests="4" name="com.qa.tests.InpatientManagement_WardDashBoardTest" time="56.796" errors="0" timestamp="2022-04-07T16:13:01 IST" skipped="0">
  <testcase classname="com.qa.tests.InpatientManagement_WardDashBoardTest" name="doLoginTest" time="1.242"/>
  <system-out/>
  <testcase classname="com.qa.tests.InpatientManagement_WardDashBoardTest" name="doNavigateToSelectHospitalLocationTest" time="16.662"/>
  <system-out/>
  <testcase classname="com.qa.tests.InpatientManagement_WardDashBoardTest" name="doNavigateToHISHomeTest" time="1.330"/>
  <system-out/>
  <testcase classname="com.qa.tests.InpatientManagement_WardDashBoardTest" name="WardDashBoard" time="37.562"/>
  <system-out/>
</testsuite> <!-- com.qa.tests.InpatientManagement_WardDashBoardTest -->
