<?xml version="1.0" encoding="UTF-8"?>
<!-- Generated by org.testng.reporters.JUnitReportReporter -->
<testsuite hostname="DESKTOP-D23LR3J" failures="0" tests="9" name="com.qa.tests.LinkUHIDtoIP_NoTest" time="32.953" errors="0" timestamp="2021-12-08T09:13:37 IST" skipped="0">
  <testcase classname="com.qa.tests.LinkUHIDtoIP_NoTest" name="doLoginTest" time="10.776"/>
  <system-out/>
  <testcase classname="com.qa.tests.LinkUHIDtoIP_NoTest" name="doNavigateToSelectHospitalLocationTest" time="2.197"/>
  <system-out/>
  <testcase classname="com.qa.tests.LinkUHIDtoIP_NoTest" name="doNavigateToHISHomeTest" time="1.021"/>
  <system-out/>
  <testcase classname="com.qa.tests.LinkUHIDtoIP_NoTest" name="DoNatigatetoLinkUHIDtoIP_NoPages" time="0.833"/>
  <system-out/>
  <testcase classname="com.qa.tests.LinkUHIDtoIP_NoTest" name="dotestcaseforInsurenceDetail_Section" time="2.029"/>
  <system-out/>
  <testcase classname="com.qa.tests.LinkUHIDtoIP_NoTest" name="dotestcaseforPatientDetail_Section" time="12.607"/>
  <system-out/>
  <testcase classname="com.qa.tests.LinkUHIDtoIP_NoTest" name="toCheckTheFunctionalityOfClearIPDetailButton" time="1.102"/>
  <system-out/>
  <testcase classname="com.qa.tests.LinkUHIDtoIP_NoTest" name="toCheckTheFunctionalityOfClearButton" time="1.114"/>
  <system-out/>
  <testcase classname="com.qa.tests.LinkUHIDtoIP_NoTest" name="tonavigatetoMeargeUHIDDatascreen" time="1.274"/>
  <system-out/>
</testsuite> <!-- com.qa.tests.LinkUHIDtoIP_NoTest -->
