<?xml version="1.0" encoding="UTF-8"?>
<!-- Generated by org.testng.reporters.JUnitReportReporter -->
<testsuite hostname="DESKTOP-D23LR3J" failures="0" tests="5" name="com.qa.tests.DischargeIntimationTest" time="156.681" errors="0" timestamp="2022-04-01T10:25:18 IST" skipped="0">
  <testcase classname="com.qa.tests.DischargeIntimationTest" name="doLoginTest" time="1.605"/>
  <system-out/>
  <testcase classname="com.qa.tests.DischargeIntimationTest" name="doNavigateToSelectHospitalLocationTest" time="140.553"/>
  <system-out/>
  <testcase classname="com.qa.tests.DischargeIntimationTest" name="doNavigateToHISHomeTest" time="1.678"/>
  <system-out/>
  <testcase classname="com.qa.tests.DischargeIntimationTest" name="doNavigateTogetDischargeIntimationLinkTest" time="1.125"/>
  <system-out/>
  <testcase classname="com.qa.tests.DischargeIntimationTest" name="doDischargeIntimationPageTest" time="11.720"/>
  <system-out/>
</testsuite> <!-- com.qa.tests.DischargeIntimationTest -->
