<?xml version="1.0" encoding="UTF-8"?>
<!-- Generated by org.testng.reporters.JUnitReportReporter -->
<testsuite hostname="DESKTOP-D23LR3J" failures="0" tests="3" name="com.qa.tests.Laboratory_Group_Printing_Inpatient_Test" time="198.491" errors="0" timestamp="2021-11-29T16:29:27 IST" skipped="0">
  <testcase classname="com.qa.tests.Laboratory_Group_Printing_Inpatient_Test" name="doLoginTest" time="21.981"/>
  <system-out/>
  <testcase classname="com.qa.tests.Laboratory_Group_Printing_Inpatient_Test" name="doNavigateToSelectHospitalLocationTest" time="96.574"/>
  <system-out/>
  <testcase classname="com.qa.tests.Laboratory_Group_Printing_Inpatient_Test" name="changeHospitalLocationTest" time="79.936"/>
  <system-out/>
</testsuite> <!-- com.qa.tests.Laboratory_Group_Printing_Inpatient_Test -->
