<?xml version="1.0" encoding="UTF-8"?>
<!-- Generated by org.testng.reporters.JUnitReportReporter -->
<testsuite hostname="DESKTOP-D23LR3J" failures="0" tests="1" name="in.esic.testpackageHIS.InpatientManagement_PrimaryDoctorChange" time="108.032" errors="0" timestamp="30 Jun 2021 10:22:40 GMT">
  <testcase classname="in.esic.testpackageHIS.InpatientManagement_PrimaryDoctorChange" name="PrimaryDoctorChange" time="108.032"/>
</testsuite> <!-- in.esic.testpackageHIS.InpatientManagement_PrimaryDoctorChange -->
