<?xml version="1.0" encoding="UTF-8"?>
<!-- Generated by org.testng.reporters.JUnitReportReporter -->
<testsuite hostname="DESKTOP-D23LR3J" failures="0" tests="3" name="com.qa.tests.ReturnReceipts_Test" time="26.769" errors="0" timestamp="8 Aug 2021 10:55:16 GMT">
  <testcase classname="com.qa.tests.ReturnReceipts_Test" name="doNavigateToSelectHospitalLocationTest" time="3.128"/>
  <testcase classname="com.qa.tests.ReturnReceipts_Test" name="changeHospitalLocationTest" time="22.699"/>
  <testcase classname="com.qa.tests.ReturnReceipts_Test" name="doLoginTest" time="0.942"/>
</testsuite> <!-- com.qa.tests.ReturnReceipts_Test -->
