<?xml version="1.0" encoding="UTF-8"?>
<!-- Generated by org.testng.reporters.JUnitReportReporter -->
<testsuite hostname="DESKTOP-D23LR3J" failures="0" tests="1" name="com.qa.tests.InpatientManagement_BedTransferDetailsTest" time="25.657" errors="0" timestamp="30 Jul 2021 15:42:43 GMT">
  <testcase classname="com.qa.tests.InpatientManagement_BedTransferDetailsTest" name="BedTransferDetails" time="25.657"/>
</testsuite> <!-- com.qa.tests.InpatientManagement_BedTransferDetailsTest -->
