<?xml version="1.0" encoding="UTF-8"?>
<!-- Generated by org.testng.reporters.JUnitReportReporter -->
<testsuite hostname="DESKTOP-D23LR3J" failures="0" tests="6" name="com.qa.tests.OperationTheatreTest" time="203.022" errors="0" timestamp="2021-12-07T09:29:10 IST" skipped="0">
  <testcase classname="com.qa.tests.OperationTheatreTest" name="doLoginTest" time="1.062"/>
  <system-out/>
  <testcase classname="com.qa.tests.OperationTheatreTest" name="doNavigateToSelectHospitalLocationTest" time="45.289"/>
  <system-out/>
  <testcase classname="com.qa.tests.OperationTheatreTest" name="doNavigateToHISHomeTest" time="1.298"/>
  <system-out/>
  <testcase classname="com.qa.tests.OperationTheatreTest" name="doNavigateTopatientCheck_in_Link" time="0.838"/>
  <system-out/>
  <testcase classname="com.qa.tests.OperationTheatreTest" name="doTestForcreatePatientCheck_IN" time="28.702"/>
  <system-out/>
  <testcase classname="com.qa.tests.OperationTheatreTest" name="dotestforOT_PAC" time="125.833"/>
  <system-out/>
</testsuite> <!-- com.qa.tests.OperationTheatreTest -->
