<?xml version="1.0" encoding="UTF-8"?>
<!-- Generated by org.testng.reporters.JUnitReportReporter -->
<testsuite hostname="DESKTOP-D23LR3J" failures="0" tests="4" name="com.qa.tests.InpatientManagement_NurseTasksTest" time="134.411" errors="0" timestamp="2022-04-07T10:09:42 IST" skipped="0">
  <testcase classname="com.qa.tests.InpatientManagement_NurseTasksTest" name="doLoginTest" time="15.350"/>
  <system-out/>
  <testcase classname="com.qa.tests.InpatientManagement_NurseTasksTest" name="doNavigateToSelectHospitalLocationTest" time="18.686"/>
  <system-out/>
  <testcase classname="com.qa.tests.InpatientManagement_NurseTasksTest" name="doNavigateToHISHomeTest" time="1.948"/>
  <system-out/>
  <testcase classname="com.qa.tests.InpatientManagement_NurseTasksTest" name="NurseTasks" time="98.427"/>
  <system-out/>
</testsuite> <!-- com.qa.tests.InpatientManagement_NurseTasksTest -->
