<?xml version="1.0" encoding="UTF-8"?>
<!-- Generated by org.testng.reporters.JUnitReportReporter -->
<testsuite hostname="DESKTOP-D23LR3J" failures="0" tests="1" name="in.esic.testpackageHIS.InpatientManagement_NurseTasks" time="80.277" errors="0" timestamp="30 Jun 2021 10:07:20 GMT">
  <testcase classname="in.esic.testpackageHIS.InpatientManagement_NurseTasks" name="NurseTasks" time="80.277"/>
</testsuite> <!-- in.esic.testpackageHIS.InpatientManagement_NurseTasks -->
