<?xml version="1.0" encoding="UTF-8"?>
<!-- Generated by org.testng.reporters.JUnitReportReporter -->
<testsuite hostname="DESKTOP-D23LR3J" failures="0" tests="5" name="com.qa.tests.Investigation_PrescriptionsTest" time="89.263" errors="0" timestamp="2021-09-24T15:40:16 IST" skipped="0">
  <testcase classname="com.qa.tests.Investigation_PrescriptionsTest" name="doLoginTest" time="1.307"/>
  <system-out/>
  <testcase classname="com.qa.tests.Investigation_PrescriptionsTest" name="doNavigateToSelectHospitalLocationTest" time="56.609"/>
  <system-out/>
  <testcase classname="com.qa.tests.Investigation_PrescriptionsTest" name="doNavigateToHISHomeTest" time="1.152"/>
  <system-out/>
  <testcase classname="com.qa.tests.Investigation_PrescriptionsTest" name="doNavigateToPatientCheckInTest" time="0.974"/>
  <system-out/>
  <testcase classname="com.qa.tests.Investigation_PrescriptionsTest" name="tochecktheFunctinalityofSaveButton" time="29.221"/>
  <system-out/>
</testsuite> <!-- com.qa.tests.Investigation_PrescriptionsTest -->
