<?xml version="1.0" encoding="UTF-8"?>
<!-- Generated by org.testng.reporters.JUnitReportReporter -->
<testsuite hostname="DESKTOP-D23LR3J" failures="0" tests="5" name="com.qa.tests.LossBreakageTest" time="18.801" errors="0" timestamp="25 Jul 2021 22:20:07 GMT">
  <testcase classname="com.qa.tests.LossBreakageTest" name="doNavigateToSelectHospitalLocationTest" time="3.867"/>
  <testcase classname="com.qa.tests.LossBreakageTest" name="doLossAndBreakageTest" time="9.927"/>
  <testcase classname="com.qa.tests.LossBreakageTest" name="doNavigateLossBreakageLinkTest" time="1.111"/>
  <testcase classname="com.qa.tests.LossBreakageTest" name="doLoginTest" time="2.061"/>
  <testcase classname="com.qa.tests.LossBreakageTest" name="doNavigateToHISHomeTest" time="1.835"/>
</testsuite> <!-- com.qa.tests.LossBreakageTest -->
