<?xml version="1.0" encoding="UTF-8"?>
<!-- Generated by org.testng.reporters.JUnitReportReporter -->
<testsuite hostname="DESKTOP-D23LR3J" failures="0" tests="5" name="com.qa.tests.OrderPacksTest" time="126.048" errors="0" timestamp="2022-04-01T15:09:30 IST" skipped="0">
  <testcase classname="com.qa.tests.OrderPacksTest" name="doLoginTest" time="1.582"/>
  <system-out/>
  <testcase classname="com.qa.tests.OrderPacksTest" name="doNavigateToSelectHospitalLocationTest" time="2.969"/>
  <system-out/>
  <testcase classname="com.qa.tests.OrderPacksTest" name="doNavigateToHISHomeTest" time="1.906"/>
  <system-out/>
  <testcase classname="com.qa.tests.OrderPacksTest" name="doNavigateToOrderPacksTest" time="1.701"/>
  <system-out/>
  <testcase classname="com.qa.tests.OrderPacksTest" name="doOrderPacksTest" time="117.890"/>
  <system-out/>
</testsuite> <!-- com.qa.tests.OrderPacksTest -->
