<?xml version="1.0" encoding="UTF-8"?>
<!-- Generated by org.testng.reporters.JUnitReportReporter -->
<testsuite hostname="DESKTOP-D23LR3J" failures="0" tests="9" name="com.qa.tests.PatientCheckInTest" time="98.572" errors="0" timestamp="2022-03-29T19:50:46 IST" skipped="0">
  <testcase classname="com.qa.tests.PatientCheckInTest" name="doLoginTest" time="1.179"/>
  <system-out/>
  <testcase classname="com.qa.tests.PatientCheckInTest" name="doNavigateToSelectHospitalLocationTest" time="22.169"/>
  <system-out/>
  <testcase classname="com.qa.tests.PatientCheckInTest" name="doNavigateToHISHomeTest" time="1.454"/>
  <system-out/>
  <testcase classname="com.qa.tests.PatientCheckInTest" name="doNavigateToPatientCheckInTest" time="1.069"/>
  <system-out/>
  <testcase classname="com.qa.tests.PatientCheckInTest" name="verifyPatientCheckInPageTitleTest" time="0.013"/>
  <system-out/>
  <testcase classname="com.qa.tests.PatientCheckInTest" name="doPatientCheckINTest" time="13.788"/>
  <system-out/>
  <testcase classname="com.qa.tests.PatientCheckInTest" name="dogetPatientChekIn" time="30.600"/>
  <system-out/>
  <testcase classname="com.qa.tests.PatientCheckInTest" name="doTestRefferls" time="24.673"/>
  <system-out/>
  <testcase classname="com.qa.tests.PatientCheckInTest" name="doTestTodays_Appointment_Button" time="3.627"/>
  <system-out/>
</testsuite> <!-- com.qa.tests.PatientCheckInTest -->
