<?xml version="1.0" encoding="UTF-8"?>
<!-- Generated by org.testng.reporters.JUnitReportReporter -->
<testsuite hostname="DESKTOP-D23LR3J" failures="0" tests="4" name="com.qa.tests.Laboratory_Worklist_OutpatientTest" time="276.932" errors="0" timestamp="2021-11-26T14:42:11 IST" skipped="0">
  <testcase classname="com.qa.tests.Laboratory_Worklist_OutpatientTest" name="doLoginTest" time="1.300"/>
  <system-out/>
  <testcase classname="com.qa.tests.Laboratory_Worklist_OutpatientTest" name="doNavigateToSelectHospitalLocationTest" time="184.286"/>
  <system-out/>
  <testcase classname="com.qa.tests.Laboratory_Worklist_OutpatientTest" name="doNavigateToHISHomeTest" time="5.172"/>
  <system-out/>
  <testcase classname="com.qa.tests.Laboratory_Worklist_OutpatientTest" name="donavigatetoworklaboratory" time="86.174"/>
  <system-out/>
</testsuite> <!-- com.qa.tests.Laboratory_Worklist_OutpatientTest -->
