<?xml version="1.0" encoding="UTF-8"?>
<!-- Generated by org.testng.reporters.JUnitReportReporter -->
<testsuite hostname="DESKTOP-D23LR3J" failures="0" tests="11" name="com.qa.tests.Health_PassBook_Test" time="31.730" errors="0" timestamp="2021-09-17T16:50:19 IST" skipped="0">
  <testcase classname="com.qa.tests.Health_PassBook_Test" name="doLoginTest" time="1.354"/>
  <system-out/>
  <testcase classname="com.qa.tests.Health_PassBook_Test" name="doNavigateToSelectHospitalLocationTest" time="8.351"/>
  <system-out/>
  <testcase classname="com.qa.tests.Health_PassBook_Test" name="doNavigateToHISHomeTest" time="1.130"/>
  <system-out/>
  <testcase classname="com.qa.tests.Health_PassBook_Test" name="DoNatigatetoHealth_Pasbook" time="0.895"/>
  <system-out/>
  <testcase classname="com.qa.tests.Health_PassBook_Test" name="dotestCaseForFunctionalityofIP_No_TextBox" time="0.105"/>
  <system-out/>
  <testcase classname="com.qa.tests.Health_PassBook_Test" name="dotestCaseForFunctionalityofLiveList_Link" time="0.087"/>
  <system-out/>
  <testcase classname="com.qa.tests.Health_PassBook_Test" name="dotestCaseForFunctionalityofSuperSpecialityButton" time="1.782"/>
  <system-out/>
  <testcase classname="com.qa.tests.Health_PassBook_Test" name="dotestCaseForFunctionalityofLiveList_RadioButton" time="0.699"/>
  <system-out/>
  <testcase classname="com.qa.tests.Health_PassBook_Test" name="dotestcaseForFunctionalityofLiveList_SelectButton" time="0.134"/>
  <system-out/>
  <testcase classname="com.qa.tests.Health_PassBook_Test" name="dotestcaseForFunctionalityofClearButton" time="1.121"/>
  <system-out/>
  <testcase classname="com.qa.tests.Health_PassBook_Test" name="ChecktheFunctionalityofPrintHealthPassbook" time="16.072"/>
  <system-out/>
</testsuite> <!-- com.qa.tests.Health_PassBook_Test -->
