<?xml version="1.0" encoding="UTF-8"?>
<!-- Generated by org.testng.reporters.JUnitReportReporter -->
<testsuite hostname="DESKTOP-D23LR3J" failures="0" tests="5" name="com.qa.tests.MiniCaseSheetTest" time="242.511" errors="0" timestamp="2022-03-31T15:25:58 IST" skipped="0">
  <testcase classname="com.qa.tests.MiniCaseSheetTest" name="doLoginTest" time="1.730"/>
  <system-out/>
  <testcase classname="com.qa.tests.MiniCaseSheetTest" name="doNavigateToSelectHospitalLocationTest" time="11.385"/>
  <system-out/>
  <testcase classname="com.qa.tests.MiniCaseSheetTest" name="doNavigateToHISHomeTest" time="1.619"/>
  <system-out/>
  <testcase classname="com.qa.tests.MiniCaseSheetTest" name="donavigateToPatientCheckIn" time="20.041"/>
  <system-out/>
  <testcase classname="com.qa.tests.MiniCaseSheetTest" name="doNavigateToDoctorWorkListAndSelectMiniCaseSheet" time="207.736"/>
  <system-out/>
</testsuite> <!-- com.qa.tests.MiniCaseSheetTest -->
