<?xml version="1.0" encoding="UTF-8"?>
<!-- Generated by org.testng.reporters.JUnitReportReporter -->
<testsuite hostname="DESKTOP-D23LR3J" failures="0" tests="9" name="com.qa.tests.ANMServicesTest" time="209.601" errors="0" timestamp="2022-04-01T09:54:01 IST" skipped="0">
  <testcase classname="com.qa.tests.ANMServicesTest" name="doLoginTest" time="1.471"/>
  <system-out/>
  <testcase classname="com.qa.tests.ANMServicesTest" name="doNavigateToSelectHospitalLocationTest" time="91.184"/>
  <system-out/>
  <testcase classname="com.qa.tests.ANMServicesTest" name="doNavigateToHISHomeTest" time="2.511"/>
  <system-out/>
  <testcase classname="com.qa.tests.ANMServicesTest" name="doNavigateToPatientCheckInTest" time="1.275"/>
  <system-out/>
  <testcase classname="com.qa.tests.ANMServicesTest" name="doPatientCheckINTest" time="28.263"/>
  <system-out/>
  <testcase classname="com.qa.tests.ANMServicesTest" name="doNavigateToDoctorWorklistTest" time="13.846"/>
  <system-out/>
  <testcase classname="com.qa.tests.ANMServicesTest" name="doCasesheetprecripstionTest" time="33.193"/>
  <system-out/>
  <testcase classname="com.qa.tests.ANMServicesTest" name="doANMServicesTest" time="1.407"/>
  <system-out/>
  <testcase classname="com.qa.tests.ANMServicesTest" name="doanmservicesTest" time="36.451"/>
  <system-out/>
</testsuite> <!-- com.qa.tests.ANMServicesTest -->
