<?xml version="1.0" encoding="UTF-8"?>
<!-- Generated by org.testng.reporters.JUnitReportReporter -->
<testsuite hostname="DESKTOP-D23LR3J" failures="0" tests="4" name="com.qa.tests.InpatientManagement_ProgressNotesTest" time="66.934" errors="0" timestamp="2022-04-07T15:18:49 IST" skipped="0">
  <testcase classname="com.qa.tests.InpatientManagement_ProgressNotesTest" name="doLoginTest" time="1.252"/>
  <system-out/>
  <testcase classname="com.qa.tests.InpatientManagement_ProgressNotesTest" name="doNavigateToSelectHospitalLocationTest" time="25.022"/>
  <system-out/>
  <testcase classname="com.qa.tests.InpatientManagement_ProgressNotesTest" name="doNavigateToHISHomeTest" time="1.201"/>
  <system-out/>
  <testcase classname="com.qa.tests.InpatientManagement_ProgressNotesTest" name="ProgressNotes" time="39.459"/>
  <system-out/>
</testsuite> <!-- com.qa.tests.InpatientManagement_ProgressNotesTest -->
