<?xml version="1.0" encoding="UTF-8"?>
<!-- Generated by org.testng.reporters.JUnitReportReporter -->
<testsuite hostname="DESKTOP-D23LR3J" failures="0" tests="3" name="com.qa.tests.Laboratory_Sample_acknowledge_inpatientTest" time="40.406" errors="0" timestamp="3 Aug 2021 14:40:28 GMT">
  <testcase classname="com.qa.tests.Laboratory_Sample_acknowledge_inpatientTest" name="changeHospitalLocationTest" time="35.033"/>
  <testcase classname="com.qa.tests.Laboratory_Sample_acknowledge_inpatientTest" name="doLoginTest" time="1.417"/>
  <testcase classname="com.qa.tests.Laboratory_Sample_acknowledge_inpatientTest" name="doNavigateToSelectHospitalLocationTest" time="3.956"/>
</testsuite> <!-- com.qa.tests.Laboratory_Sample_acknowledge_inpatientTest -->
