<?xml version="1.0" encoding="UTF-8"?>
<!-- Generated by org.testng.reporters.JUnitReportReporter -->
<testsuite hostname="DESKTOP-D23LR3J" failures="0" tests="1" name="in.esic.testpackageHIS.InpatientManagement_VitalsEntry" time="61.570" errors="0" timestamp="30 Jun 2021 11:05:01 GMT">
  <testcase classname="in.esic.testpackageHIS.InpatientManagement_VitalsEntry" name="VitalsEntry" time="61.570"/>
</testsuite> <!-- in.esic.testpackageHIS.InpatientManagement_VitalsEntry -->
