<?xml version="1.0" encoding="UTF-8"?>
<!-- Generated by org.testng.reporters.JUnitReportReporter -->
<testsuite hostname="DESKTOP-QUDOBMA" failures="0" tests="3" name="com.qa.tests.CSSD_ItemProfileRequest_Test" time="60.519" errors="0" timestamp="8 Jun 2021 15:53:36 GMT">
  <testcase classname="com.qa.tests.CSSD_ItemProfileRequest_Test" name="changeHospitalLocationTest" time="50.933"/>
  <testcase classname="com.qa.tests.CSSD_ItemProfileRequest_Test" name="doNavigateToSelectHospitalLocationTest" time="6.623"/>
  <testcase classname="com.qa.tests.CSSD_ItemProfileRequest_Test" name="doLoginTest" time="2.963"/>
</testsuite> <!-- com.qa.tests.CSSD_ItemProfileRequest_Test -->
