<?xml version="1.0" encoding="UTF-8"?>
<!-- Generated by org.testng.reporters.JUnitReportReporter -->
<testsuite skipped="0" hostname="DESKTOP-8A1JGLU" name="com.qa.tests.LoginPageTest" tests="1" failures="0" timestamp="27 Mar 2021 05:50:32 GMT" time="1.254" errors="0">
  <testcase name="doLoginTest" time="1.254" classname="com.qa.tests.LoginPageTest"/>
</testsuite> <!-- com.qa.tests.LoginPageTest -->
