<?xml version="1.0" encoding="UTF-8"?>
<!-- Generated by org.testng.reporters.JUnitReportReporter -->
<testsuite hostname="DESKTOP-D23LR3J" failures="0" tests="3" name="com.qa.tests.Laboratory_TestResultEntryTest" time="505.080" errors="0" timestamp="2021-11-29T12:39:08 IST" skipped="0">
  <testcase classname="com.qa.tests.Laboratory_TestResultEntryTest" name="doLoginTest" time="2.379"/>
  <system-out/>
  <testcase classname="com.qa.tests.Laboratory_TestResultEntryTest" name="doNavigateToSelectHospitalLocationTest" time="455.603"/>
  <system-out/>
  <testcase classname="com.qa.tests.Laboratory_TestResultEntryTest" name="changeHospitalLocationTest" time="47.098"/>
  <system-out/>
</testsuite> <!-- com.qa.tests.Laboratory_TestResultEntryTest -->
