<?xml version="1.0" encoding="UTF-8"?>
<!-- Generated by org.testng.reporters.JUnitReportReporter -->
<testsuite hostname="DESKTOP-D23LR3J" failures="0" tests="5" name="com.qa.tests.PhysicalStockEntryTest" time="46.560" errors="0" timestamp="25 Jul 2021 22:20:07 GMT">
  <testcase classname="com.qa.tests.PhysicalStockEntryTest" name="doPhysicalStockEntryTest" time="37.032"/>
  <testcase classname="com.qa.tests.PhysicalStockEntryTest" name="doNavigateToHISHomeTest" time="2.094"/>
  <testcase classname="com.qa.tests.PhysicalStockEntryTest" name="doNavigateToPhysicalStockEntryLink" time="1.484"/>
  <testcase classname="com.qa.tests.PhysicalStockEntryTest" name="doLoginTest" time="1.793"/>
  <testcase classname="com.qa.tests.PhysicalStockEntryTest" name="doNavigateToSelectHospitalLocationTest" time="4.157"/>
</testsuite> <!-- com.qa.tests.PhysicalStockEntryTest -->
