<?xml version="1.0" encoding="UTF-8"?>
<!-- Generated by org.testng.reporters.JUnitReportReporter -->
<testsuite hostname="DESKTOP-D23LR3J" failures="0" tests="1" name="com.qa.tests.InpatientManagement_UpdateBedStatusTest" time="56.388" errors="0" timestamp="30 Jul 2021 08:50:44 GMT">
  <testcase classname="com.qa.tests.InpatientManagement_UpdateBedStatusTest" name="UpdateBed" time="56.388"/>
</testsuite> <!-- com.qa.tests.InpatientManagement_UpdateBedStatusTest -->
