<?xml version="1.0" encoding="UTF-8"?>
<!-- Generated by org.testng.reporters.JUnitReportReporter -->
<testsuite hostname="DESKTOP-D23LR3J" failures="0" tests="3" name="com.qa.tests.SterilizationReceiptWorklist_Test" time="81.128" errors="0" timestamp="8 Aug 2021 10:55:16 GMT">
  <testcase classname="com.qa.tests.SterilizationReceiptWorklist_Test" name="changeHospitalLocationTest" time="77.349"/>
  <testcase classname="com.qa.tests.SterilizationReceiptWorklist_Test" name="doLoginTest" time="1.030"/>
  <testcase classname="com.qa.tests.SterilizationReceiptWorklist_Test" name="doNavigateToSelectHospitalLocationTest" time="2.749"/>
</testsuite> <!-- com.qa.tests.SterilizationReceiptWorklist_Test -->
