<?xml version="1.0" encoding="UTF-8"?>
<!-- Generated by org.testng.reporters.JUnitReportReporter -->
<testsuite hostname="DESKTOP-D23LR3J" failures="0" tests="5" name="com.qa.tests.IndentOrderTest" time="56.818" errors="0" timestamp="2021-12-03T08:45:05 IST" skipped="0">
  <testcase classname="com.qa.tests.IndentOrderTest" name="doLoginTest" time="1.040"/>
  <system-out/>
  <testcase classname="com.qa.tests.IndentOrderTest" name="doNavigateToSelectHospitalLocationTest" time="2.021"/>
  <system-out/>
  <testcase classname="com.qa.tests.IndentOrderTest" name="doNavigateToHISHomeTest" time="0.965"/>
  <system-out/>
  <testcase classname="com.qa.tests.IndentOrderTest" name="doNavigateIndentOrderLinkTest" time="0.617"/>
  <system-out/>
  <testcase classname="com.qa.tests.IndentOrderTest" name="doIndentOrderTest" time="52.175"/>
  <system-out/>
</testsuite> <!-- com.qa.tests.IndentOrderTest -->
