<?xml version="1.0" encoding="UTF-8"?>
<!-- Generated by org.testng.reporters.JUnitReportReporter -->
<testsuite hostname="DESKTOP-D23LR3J" failures="0" tests="5" name="com.qa.tests.DischargeSummaryTest" time="117.470" errors="0" timestamp="2022-04-01T15:33:22 IST" skipped="0">
  <testcase classname="com.qa.tests.DischargeSummaryTest" name="doLoginTest" time="3.075"/>
  <system-out/>
  <testcase classname="com.qa.tests.DischargeSummaryTest" name="doNavigateToSelectHospitalLocationTest" time="22.599"/>
  <system-out/>
  <testcase classname="com.qa.tests.DischargeSummaryTest" name="doNavigateToHISHomeTest" time="11.624"/>
  <system-out/>
  <testcase classname="com.qa.tests.DischargeSummaryTest" name="doNavigateTogetDischargeSummaryLinkTest" time="56.901"/>
  <system-out/>
  <testcase classname="com.qa.tests.DischargeSummaryTest" name="doDischargeSummaryPageTest" time="23.271"/>
  <system-out/>
</testsuite> <!-- com.qa.tests.DischargeSummaryTest -->
