<?xml version="1.0" encoding="UTF-8"?>
<!-- Generated by org.testng.reporters.JUnitReportReporter -->
<testsuite hostname="DESKTOP-D23LR3J" failures="0" tests="4" name="com.qa.tests.LaboratoryPrescriptionTest" time="134.727" errors="0" timestamp="2021-11-29T16:56:12 IST" skipped="0">
  <testcase classname="com.qa.tests.LaboratoryPrescriptionTest" name="doLoginTest" time="1.013"/>
  <system-out/>
  <testcase classname="com.qa.tests.LaboratoryPrescriptionTest" name="doNavigateToSelectHospitalLocationTest" time="75.750"/>
  <system-out/>
  <testcase classname="com.qa.tests.LaboratoryPrescriptionTest" name="doNavigateToHISHomeTest" time="8.836"/>
  <system-out/>
  <testcase classname="com.qa.tests.LaboratoryPrescriptionTest" name="donavigateTolaboratoryTest" time="49.128"/>
  <system-out/>
</testsuite> <!-- com.qa.tests.LaboratoryPrescriptionTest -->
