<?xml version="1.0" encoding="UTF-8"?>
<!-- Generated by org.testng.reporters.JUnitReportReporter -->
<testsuite hostname="DESKTOP-D23LR3J" failures="0" tests="1" name="com.qa.tests.InpatientManagement_DischargeIntimationTest" time="29.399" errors="0" timestamp="30 Jul 2021 15:34:38 GMT">
  <testcase classname="com.qa.tests.InpatientManagement_DischargeIntimationTest" name="DischargeIntimation" time="29.399"/>
</testsuite> <!-- com.qa.tests.InpatientManagement_DischargeIntimationTest -->
