<?xml version="1.0" encoding="UTF-8"?>
<!-- Generated by org.testng.reporters.JUnitReportReporter -->
<testsuite hostname="DESKTOP-D23LR3J" failures="0" tests="1" name="in.esic.testpackageHIS.InpatientManagement_BedTransferDetails" time="25.867" errors="0" timestamp="30 Jun 2021 10:53:11 GMT">
  <testcase classname="in.esic.testpackageHIS.InpatientManagement_BedTransferDetails" name="BedTransferDetails" time="25.867"/>
</testsuite> <!-- in.esic.testpackageHIS.InpatientManagement_BedTransferDetails -->
