<?xml version="1.0" encoding="UTF-8"?>
<!-- Generated by org.testng.reporters.JUnitReportReporter -->
<testsuite hostname="DESKTOP-QUDOBMA" failures="0" tests="6" name="com.qa.tests.ClinicalRecordTest" time="27.460" errors="0" timestamp="10 May 2021 08:57:21 GMT">
  <testcase classname="com.qa.tests.ClinicalRecordTest" name="doNavigateToClinicalRecord_maternity_certificate" time="2.341"/>
  <testcase classname="com.qa.tests.ClinicalRecordTest" name="doLoginTest" time="2.708"/>
  <testcase classname="com.qa.tests.ClinicalRecordTest" name="doNavigateToSelectHospitalLocationTest" time="4.672"/>
  <testcase classname="com.qa.tests.ClinicalRecordTest" name="doNavigateToClinicalRecord_Inpatients_EmergencyPatients" time="8.710"/>
  <testcase classname="com.qa.tests.ClinicalRecordTest" name="doNavigateToClinicalRecord_genrate_certificate" time="6.329"/>
  <testcase classname="com.qa.tests.ClinicalRecordTest" name="doNavigateToHISHomeTest" time="2.700"/>
</testsuite> <!-- com.qa.tests.ClinicalRecordTest -->
