<?xml version="1.0" encoding="UTF-8"?>
<!-- Generated by org.testng.reporters.JUnitReportReporter -->
<testsuite hostname="DESKTOP-D23LR3J" failures="0" tests="4" name="com.qa.tests.InpatientManagement_WardBedStatusTest" time="55.427" errors="0" timestamp="2022-04-06T17:22:44 IST" skipped="0">
  <testcase classname="com.qa.tests.InpatientManagement_WardBedStatusTest" name="doLoginTest" time="18.539"/>
  <system-out/>
  <testcase classname="com.qa.tests.InpatientManagement_WardBedStatusTest" name="doNavigateToSelectHospitalLocationTest" time="6.351"/>
  <system-out/>
  <testcase classname="com.qa.tests.InpatientManagement_WardBedStatusTest" name="doNavigateToHISHomeTest" time="3.375"/>
  <system-out/>
  <testcase classname="com.qa.tests.InpatientManagement_WardBedStatusTest" name="WardBedStatus" time="27.162"/>
  <system-out/>
</testsuite> <!-- com.qa.tests.InpatientManagement_WardBedStatusTest -->
