<?xml version="1.0" encoding="UTF-8"?>
<!-- Generated by org.testng.reporters.JUnitReportReporter -->
<testsuite hostname="DESKTOP-D23LR3J" failures="0" tests="4" name="com.qa.tests.MaternityCertificateTest" time="121.785" errors="0" timestamp="1 Aug 2021 13:57:25 GMT">
  <testcase classname="com.qa.tests.MaternityCertificateTest" name="doNavigateToHISHomeTest" time="1.466"/>
  <testcase classname="com.qa.tests.MaternityCertificateTest" name="doNavigateToClinicalRecord_genrate_certificate" time="116.793"/>
  <testcase classname="com.qa.tests.MaternityCertificateTest" name="doLoginTest" time="1.261"/>
  <testcase classname="com.qa.tests.MaternityCertificateTest" name="doNavigateToSelectHospitalLocationTest" time="2.265"/>
</testsuite> <!-- com.qa.tests.MaternityCertificateTest -->
