<?xml version="1.0" encoding="UTF-8"?>
<!-- Generated by org.testng.reporters.JUnitReportReporter -->
<testsuite hostname="DESKTOP-D23LR3J" failures="0" tests="15" name="com.qa.tests.OPCasesheetTest" time="238.442" errors="0" timestamp="2022-03-31T16:18:04 IST" skipped="0">
  <testcase classname="com.qa.tests.OPCasesheetTest" name="doLoginTest" time="3.604"/>
  <system-out/>
  <testcase classname="com.qa.tests.OPCasesheetTest" name="doNavigateToSelectHospitalLocationTest" time="43.656"/>
  <system-out/>
  <testcase classname="com.qa.tests.OPCasesheetTest" name="doNavigateToHISHomeTest" time="6.848"/>
  <system-out/>
  <testcase classname="com.qa.tests.OPCasesheetTest" name="doNavigateToClinicalRecord_DoctorWorkList" time="61.436"/>
  <system-out/>
  <testcase classname="com.qa.tests.OPCasesheetTest" name="dotestcaseforCheifComplain" time="10.254"/>
  <system-out/>
  <testcase classname="com.qa.tests.OPCasesheetTest" name="dotestcaseforHistoryofpresentIllness" time="7.879"/>
  <system-out/>
  <testcase classname="com.qa.tests.OPCasesheetTest" name="dotestcaseforPastHistory" time="19.892"/>
  <system-out/>
  <testcase classname="com.qa.tests.OPCasesheetTest" name="dotestcaseforGenralExamination" time="8.421"/>
  <system-out/>
  <testcase classname="com.qa.tests.OPCasesheetTest" name="dotestcaseforSystemicExamination" time="8.131"/>
  <system-out/>
  <testcase classname="com.qa.tests.OPCasesheetTest" name="dotestcaseforLocal_SpecialExamination" time="8.967"/>
  <system-out/>
  <testcase classname="com.qa.tests.OPCasesheetTest" name="dotestcaseforDiagnose" time="11.904"/>
  <system-out/>
  <testcase classname="com.qa.tests.OPCasesheetTest" name="dotestcaseforMedicine" time="14.141"/>
  <system-out/>
  <testcase classname="com.qa.tests.OPCasesheetTest" name="dotestcaseforInvestigation" time="12.367"/>
  <system-out/>
  <testcase classname="com.qa.tests.OPCasesheetTest" name="dotestcaseforHealthInvestigation" time="10.168"/>
  <system-out/>
  <testcase classname="com.qa.tests.OPCasesheetTest" name="dotestcaseforOrderPack" time="10.774"/>
  <system-out/>
</testsuite> <!-- com.qa.tests.OPCasesheetTest -->
