<?xml version="1.0" encoding="UTF-8"?>
<!-- Generated by org.testng.reporters.JUnitReportReporter -->
<testsuite hostname="DESKTOP-D23LR3J" failures="0" tests="9" name="com.qa.tests.OpenVisitTest" time="78.986" errors="0" timestamp="2022-04-01T16:35:29 IST" skipped="0">
  <testcase classname="com.qa.tests.OpenVisitTest" name="doLoginOpenVisitTest" time="1.324"/>
  <system-out/>
  <testcase classname="com.qa.tests.OpenVisitTest" name="doNavigateToSelectHospitalLocationTest" time="2.715"/>
  <system-out/>
  <testcase classname="com.qa.tests.OpenVisitTest" name="doNavigateToHISHomeTest" time="2.225"/>
  <system-out/>
  <testcase classname="com.qa.tests.OpenVisitTest" name="doNavigateToOpenVisitTest" time="1.132"/>
  <system-out/>
  <testcase classname="com.qa.tests.OpenVisitTest" name="CheckTheFunctionalityOfOpenMRButton" time="21.017"/>
  <system-out/>
  <testcase classname="com.qa.tests.OpenVisitTest" name="CheckTheFunctionalityOfClearButton" time="16.036"/>
  <system-out/>
  <testcase classname="com.qa.tests.OpenVisitTest" name="CheckTheFunctionalityOfCloseMRButton" time="18.018"/>
  <system-out/>
  <testcase classname="com.qa.tests.OpenVisitTest" name="checkTheFunctionalityOfnavigateToDosageTypepage" time="3.829"/>
  <system-out/>
  <testcase classname="com.qa.tests.OpenVisitTest" name="checkTheFunctionalityOfSaveButtonOfDosageTypepage" time="12.690"/>
  <system-out/>
</testsuite> <!-- com.qa.tests.OpenVisitTest -->
