<?xml version="1.0" encoding="UTF-8"?>
<!-- Generated by org.testng.reporters.JUnitReportReporter -->
<testsuite hostname="DESKTOP-D23LR3J" failures="0" tests="5" name="com.qa.tests.Check_In_Admission_of_Reffered_PatientsTest" time="53.943" errors="0" timestamp="2022-03-29T20:05:00 IST" skipped="0">
  <testcase classname="com.qa.tests.Check_In_Admission_of_Reffered_PatientsTest" name="doLoginTest" time="1.247"/>
  <system-out/>
  <testcase classname="com.qa.tests.Check_In_Admission_of_Reffered_PatientsTest" name="doNavigateToSelectHospitalLocationTest" time="3.415"/>
  <system-out/>
  <testcase classname="com.qa.tests.Check_In_Admission_of_Reffered_PatientsTest" name="doNavigateToHISHomeTest" time="1.528"/>
  <system-out/>
  <testcase classname="com.qa.tests.Check_In_Admission_of_Reffered_PatientsTest" name="doNavigateToCheck_In_Admission_of_Reffered_PatientsLink" time="0.911"/>
  <system-out/>
  <testcase classname="com.qa.tests.Check_In_Admission_of_Reffered_PatientsTest" name="doTestcaseforCheck_In_Admission_of_Reffered_PatientsLink" time="46.842"/>
  <system-out/>
</testsuite> <!-- com.qa.tests.Check_In_Admission_of_Reffered_PatientsTest -->
