<?xml version="1.0" encoding="UTF-8"?>
<!-- Generated by org.testng.reporters.JUnitReportReporter -->
<testsuite hostname="DESKTOP-D23LR3J" failures="0" tests="3" name="com.qa.tests.CSSD_ItemRequest_Test" time="48.939" errors="0" timestamp="8 Aug 2021 10:55:16 GMT">
  <testcase classname="com.qa.tests.CSSD_ItemRequest_Test" name="doLoginTest" time="1.254"/>
  <testcase classname="com.qa.tests.CSSD_ItemRequest_Test" name="doNavigateToSelectHospitalLocationTest" time="11.636"/>
  <testcase classname="com.qa.tests.CSSD_ItemRequest_Test" name="changeHospitalLocationTest" time="36.049"/>
</testsuite> <!-- com.qa.tests.CSSD_ItemRequest_Test -->
