<?xml version="1.0" encoding="UTF-8"?>
<!-- Generated by org.testng.reporters.JUnitReportReporter -->
<testsuite hostname="DESKTOP-O4T1RRA" failures="0" tests="5" name="com.qa.tests.CaseSheetTest" time="358.506" errors="0" timestamp="16 Jun 2021 11:35:09 GMT">
  <testcase classname="com.qa.tests.CaseSheetTest" name="doNavigateToPatientCheckInTest" time="1.382"/>
  <testcase classname="com.qa.tests.CaseSheetTest" name="doNavigateToSelectHospitalLocationTest" time="340.131"/>
  <testcase classname="com.qa.tests.CaseSheetTest" name="doPatientCheckINTest" time="11.257"/>
  <testcase classname="com.qa.tests.CaseSheetTest" name="doNavigateToHISHomeTest" time="2.721"/>
  <testcase classname="com.qa.tests.CaseSheetTest" name="doLoginTest" time="3.015"/>
</testsuite> <!-- com.qa.tests.CaseSheetTest -->
