<?xml version="1.0" encoding="UTF-8"?>
<!-- Generated by org.testng.reporters.JUnitReportReporter -->
<testsuite hostname="DESKTOP-D23LR3J" failures="0" tests="1" name="in.esic.testpackageHIS.InpatientManagement_WardUnits" time="32.186" errors="0" timestamp="30 Jun 2021 11:13:25 GMT">
  <testcase classname="in.esic.testpackageHIS.InpatientManagement_WardUnits" name="InputMaster" time="32.186"/>
</testsuite> <!-- in.esic.testpackageHIS.InpatientManagement_WardUnits -->
