<?xml version="1.0" encoding="UTF-8"?>
<!-- Generated by org.testng.reporters.JUnitReportReporter -->
<testsuite hostname="DESKTOP-D23LR3J" failures="0" tests="5" name="com.qa.tests.Investigation_PrescriptionsSave" time="921.891" errors="0" timestamp="2021-09-23T21:15:22 IST" skipped="0">
  <testcase classname="com.qa.tests.Investigation_PrescriptionsSave" name="doLoginTest" time="1.296"/>
  <system-out/>
  <testcase classname="com.qa.tests.Investigation_PrescriptionsSave" name="doNavigateToSelectHospitalLocationTest" time="2.552"/>
  <system-out/>
  <testcase classname="com.qa.tests.Investigation_PrescriptionsSave" name="doNavigateToHISHomeTest" time="1.275"/>
  <system-out/>
  <testcase classname="com.qa.tests.Investigation_PrescriptionsSave" name="doNavigateToPatientCheckInTest" time="0.827"/>
  <system-out/>
  <testcase classname="com.qa.tests.Investigation_PrescriptionsSave" name="tochecktheFunctinalityofSaveButton" time="915.941"/>
  <system-out/>
</testsuite> <!-- com.qa.tests.Investigation_PrescriptionsSave -->
