<?xml version="1.0" encoding="UTF-8"?>
<!-- Generated by org.testng.reporters.JUnitReportReporter -->
<testsuite hostname="DESKTOP-D23LR3J" failures="0" tests="6" name="com.qa.tests.getdemographicDetailTest" time="109.884" errors="0" timestamp="2021-12-08T09:17:04 IST" skipped="0">
  <testcase classname="com.qa.tests.getdemographicDetailTest" name="doLoginForOP_PatientFeedBackScreenTest" time="37.159"/>
  <system-out/>
  <testcase classname="com.qa.tests.getdemographicDetailTest" name="doNavigateToSelectHospitalLocationTest" time="32.012"/>
  <system-out/>
  <testcase classname="com.qa.tests.getdemographicDetailTest" name="doNavigateToHISHomeTest" time="1.108"/>
  <system-out/>
  <testcase classname="com.qa.tests.getdemographicDetailTest" name="DoNatigatetoOP_Patient_Feedback" time="0.788"/>
  <system-out/>
  <testcase classname="com.qa.tests.getdemographicDetailTest" name="ToCheckTheFunctionalityOfClearButton" time="18.966"/>
  <system-out/>
  <testcase classname="com.qa.tests.getdemographicDetailTest" name="ToCheckTheFunctionalityOfSaveButton" time="19.851"/>
  <system-out/>
</testsuite> <!-- com.qa.tests.getdemographicDetailTest -->
