<?xml version="1.0" encoding="UTF-8"?>
<!-- Generated by org.testng.reporters.JUnitReportReporter -->
<testsuite hostname="DESKTOP-D23LR3J" failures="0" tests="5" name="com.qa.tests.Emergency_Check_In_RegistrationTest" time="351.432" errors="0" timestamp="30 Mar 2022 08:59:09 GMT" skipped="0">
  <testcase classname="com.qa.tests.Emergency_Check_In_RegistrationTest" name="doLoginTest" time="1.555"/>
  <testcase classname="com.qa.tests.Emergency_Check_In_RegistrationTest" name="doNavigateToSelectHospitalLocationTest" time="44.676"/>
  <testcase classname="com.qa.tests.Emergency_Check_In_RegistrationTest" name="doNavigateToHISHomeTest" time="1.606"/>
  <testcase classname="com.qa.tests.Emergency_Check_In_RegistrationTest" name="doNavigateToEmergency_Check_In_RegistrationPagesLink" time="4.635"/>
  <testcase classname="com.qa.tests.Emergency_Check_In_RegistrationTest" name="dotestcaseforEmergency_Check_In_RegistrationPagesLink" time="298.960"/>
</testsuite> <!-- com.qa.tests.Emergency_Check_In_RegistrationTest -->
