<?xml version="1.0" encoding="UTF-8"?>
<!-- Generated by org.testng.reporters.JUnitReportReporter -->
<testsuite hostname="DESKTOP-D23LR3J" failures="0" tests="5" name="com.qa.tests.PharmacyIssuePageTest" time="55.080" errors="0" timestamp="12 Aug 2021 06:48:43 GMT">
  <testcase classname="com.qa.tests.PharmacyIssuePageTest" name="doNavigateToHISHomeTest" time="10.795"/>
  <testcase classname="com.qa.tests.PharmacyIssuePageTest" name="doPharmacyIssueTest" time="13.408"/>
  <testcase classname="com.qa.tests.PharmacyIssuePageTest" name="doLoginTest" time="5.335"/>
  <testcase classname="com.qa.tests.PharmacyIssuePageTest" name="doNavigateToSelectHospitalLocationTest" time="23.357"/>
  <testcase classname="com.qa.tests.PharmacyIssuePageTest" name="doNavigateToPharmacyIssueTest" time="2.185"/>
</testsuite> <!-- com.qa.tests.PharmacyIssuePageTest -->
