<?xml version="1.0" encoding="UTF-8"?>
<!-- Generated by org.testng.reporters.JUnitReportReporter -->
<testsuite hostname="DESKTOP-D23LR3J" failures="0" tests="1" name="in.esic.testpackageHIS.InpatientManagement_IntakeMaster" time="42.733" errors="0" timestamp="30 Jun 2021 10:01:22 GMT">
  <testcase classname="in.esic.testpackageHIS.InpatientManagement_IntakeMaster" name="InputMaster" time="42.733"/>
</testsuite> <!-- in.esic.testpackageHIS.InpatientManagement_IntakeMaster -->
