<?xml version="1.0" encoding="UTF-8"?>
<!-- Generated by org.testng.reporters.JUnitReportReporter -->
<testsuite hostname="DESKTOP-D23LR3J" failures="0" tests="8" name="com.qa.tests.IndentWorklistPageTest" time="150.340" errors="0" timestamp="2021-12-03T08:58:35 IST" skipped="0">
  <testcase classname="com.qa.tests.IndentWorklistPageTest" name="doLoginTest" time="1.092"/>
  <system-out/>
  <testcase classname="com.qa.tests.IndentWorklistPageTest" name="doNavigateToSelectHospitalLocationTest" time="13.542"/>
  <system-out/>
  <testcase classname="com.qa.tests.IndentWorklistPageTest" name="doNavigateToHISHomeTest" time="1.120"/>
  <system-out/>
  <testcase classname="com.qa.tests.IndentWorklistPageTest" name="doNavigateIndentOrderLinkTest" time="0.665"/>
  <system-out/>
  <testcase classname="com.qa.tests.IndentWorklistPageTest" name="doIndentOrderTest" time="12.417"/>
  <system-out/>
  <testcase classname="com.qa.tests.IndentWorklistPageTest" name="doIndentWorklistViewIndentApproveFromStoreTest" time="49.616"/>
  <system-out/>
  <testcase classname="com.qa.tests.IndentWorklistPageTest" name="doIndentWorklistViewIndentApproveToStoreTest" time="34.373"/>
  <system-out/>
  <testcase classname="com.qa.tests.IndentWorklistPageTest" name="doIndentWorklistIssueIndentToStoreTest" time="37.515"/>
  <system-out/>
</testsuite> <!-- com.qa.tests.IndentWorklistPageTest -->
