<?xml version="1.0" encoding="UTF-8"?>
<!-- Generated by org.testng.reporters.JUnitReportReporter -->
<testsuite hostname="DESKTOP-D23LR3J" failures="0" tests="8" name="com.qa.tests.UHIDPageTest" time="155.325" errors="0" timestamp="2022-03-29T19:06:37 IST" skipped="0">
  <testcase classname="com.qa.tests.UHIDPageTest" name="doLoginTest" time="2.891"/>
  <system-out/>
  <testcase classname="com.qa.tests.UHIDPageTest" name="doNavigateToSelectHospitalLocationTest" time="3.912"/>
  <system-out/>
  <testcase classname="com.qa.tests.UHIDPageTest" name="doNavigateToHISHomeTest" time="1.255"/>
  <system-out/>
  <testcase classname="com.qa.tests.UHIDPageTest" name="doNavigateToUHIDcreationLinkTest" time="1.370"/>
  <system-out/>
  <testcase classname="com.qa.tests.UHIDPageTest" name="doUHIDCreationPageTest" time="73.643"/>
  <system-out/>
  <testcase classname="com.qa.tests.UHIDPageTest" name="Check_the_Functionality_Of_OPDNumber_Button_Clear_Button" time="22.923"/>
  <system-out/>
  <testcase classname="com.qa.tests.UHIDPageTest" name="To_Check_Functionality_UpdateButton" time="34.912"/>
  <system-out/>
  <testcase classname="com.qa.tests.UHIDPageTest" name="Search_Patient_detailBy_IPnumber" time="14.419"/>
  <system-out/>
</testsuite> <!-- com.qa.tests.UHIDPageTest -->
