<?xml version="1.0" encoding="UTF-8"?>
<!-- Generated by org.testng.reporters.JUnitReportReporter -->
<testsuite hostname="DESKTOP-D23LR3J" failures="0" tests="4" name="com.qa.tests.SupplierManufactureBrandTest" time="80.298" errors="0" timestamp="3 Aug 2021 15:47:59 GMT">
  <testcase classname="com.qa.tests.SupplierManufactureBrandTest" name="doLoginTest" time="1.147"/>
  <testcase classname="com.qa.tests.SupplierManufactureBrandTest" name="doNavigateToSelectHospitalLocationTest" time="4.621"/>
  <testcase classname="com.qa.tests.SupplierManufactureBrandTest" name="doNavigateToHISHomeTest" time="1.323"/>
  <testcase classname="com.qa.tests.SupplierManufactureBrandTest" name="doTestToSupplierManufactuereBrandTest" time="73.207"/>
</testsuite> <!-- com.qa.tests.SupplierManufactureBrandTest -->
