<?xml version="1.0" encoding="UTF-8"?>
<!-- Generated by org.testng.reporters.JUnitReportReporter -->
<testsuite hostname="DESKTOP-D23LR3J" failures="0" tests="1" name="in.esic.testpackageHIS.InpatientManagement_PatientDischarge" time="45.683" errors="0" timestamp="30 Jun 2021 10:40:41 GMT">
  <testcase classname="in.esic.testpackageHIS.InpatientManagement_PatientDischarge" name="PatientDischarge" time="45.683"/>
</testsuite> <!-- in.esic.testpackageHIS.InpatientManagement_PatientDischarge -->
