<?xml version="1.0" encoding="UTF-8"?>
<!-- Generated by org.testng.reporters.JUnitReportReporter -->
<testsuite hostname="DESKTOP-D23LR3J" failures="0" tests="12" name="com.qa.HIS.BrowserCompatibility_HIS.OPDFlowTest" time="572.535" errors="0" timestamp="2022-04-26T15:57:14 IST" skipped="0">
  <testcase classname="com.qa.HIS.BrowserCompatibility_HIS.OPDFlowTest" name="doLoginTest" time="1.005"/>
  <system-out/>
  <testcase classname="com.qa.HIS.BrowserCompatibility_HIS.OPDFlowTest" name="doNavigateToSelectHospitalLocationTest" time="0.003"/>
  <system-out/>
  <testcase classname="com.qa.HIS.BrowserCompatibility_HIS.OPDFlowTest" name="doNavigateToHISHomeTest" time="20.874"/>
  <system-out/>
  <testcase classname="com.qa.HIS.BrowserCompatibility_HIS.OPDFlowTest" name="doNavigateToPatientCheckinLinkTest" time="14.615"/>
  <system-out/>
  <testcase classname="com.qa.HIS.BrowserCompatibility_HIS.OPDFlowTest" name="doCreateCheckInPageTest" time="55.671"/>
  <system-out/>
  <testcase classname="com.qa.HIS.BrowserCompatibility_HIS.OPDFlowTest" name="dodoctorworklist" time="94.076"/>
  <system-out/>
  <testcase classname="com.qa.HIS.BrowserCompatibility_HIS.OPDFlowTest" name="doNavigateToHISHomeTestforfacilityStore" time="18.133"/>
  <system-out/>
  <testcase classname="com.qa.HIS.BrowserCompatibility_HIS.OPDFlowTest" name="dofacilityStore" time="46.245"/>
  <system-out/>
  <testcase classname="com.qa.HIS.BrowserCompatibility_HIS.OPDFlowTest" name="doNavigateToHISHomeTestforLaboratoryworklist" time="21.423"/>
  <system-out/>
  <testcase classname="com.qa.HIS.BrowserCompatibility_HIS.OPDFlowTest" name="testcaseforLaboratoryworkListOPD" time="144.109"/>
  <system-out/>
  <testcase classname="com.qa.HIS.BrowserCompatibility_HIS.OPDFlowTest" name="doNavigateToHISHomeTestforImagingServices" time="18.687"/>
  <system-out/>
  <testcase classname="com.qa.HIS.BrowserCompatibility_HIS.OPDFlowTest" name="doImagingServices" time="137.694"/>
  <system-out/>
</testsuite> <!-- com.qa.HIS.BrowserCompatibility_HIS.OPDFlowTest -->
