<?xml version="1.0" encoding="UTF-8"?>
<!-- Generated by org.testng.reporters.JUnitReportReporter -->
<testsuite hostname="DESKTOP-D23LR3J" failures="0" tests="10" name="com.qa.HIS.BrowserCompatibility_HIS.PhysicalStockEntryTest" time="131.427" errors="0" timestamp="2022-05-11T16:26:53 IST" skipped="0">
  <testcase classname="com.qa.HIS.BrowserCompatibility_HIS.PhysicalStockEntryTest" name="doLoginTest" time="21.627"/>
  <system-out/>
  <testcase classname="com.qa.HIS.BrowserCompatibility_HIS.PhysicalStockEntryTest" name="doNavigateToSelectHospitalLocationTest" time="0.009"/>
  <system-out/>
  <testcase classname="com.qa.HIS.BrowserCompatibility_HIS.PhysicalStockEntryTest" name="doNavigateToHISHomeTest" time="17.287"/>
  <system-out/>
  <testcase classname="com.qa.HIS.BrowserCompatibility_HIS.PhysicalStockEntryTest" name="doNavigateToPhysicalStockEntryLink" time="0.744"/>
  <system-out/>
  <testcase classname="com.qa.HIS.BrowserCompatibility_HIS.PhysicalStockEntryTest" name="TC_Store_Physical_Stock_Entry_004" time="6.405"/>
  <system-out/>
  <testcase classname="com.qa.HIS.BrowserCompatibility_HIS.PhysicalStockEntryTest" name="TC_Store_Physical_Stock_Entry_005" time="21.442"/>
  <system-out/>
  <testcase classname="com.qa.HIS.BrowserCompatibility_HIS.PhysicalStockEntryTest" name="TC_Store_Physical_Stock_Entry_006" time="7.325"/>
  <system-out/>
  <testcase classname="com.qa.HIS.BrowserCompatibility_HIS.PhysicalStockEntryTest" name="TC_Store_Physical_Stock_Entry_007" time="35.869"/>
  <system-out/>
  <testcase classname="com.qa.HIS.BrowserCompatibility_HIS.PhysicalStockEntryTest" name="TC_Store_Physical_Stock_Entry_008" time="2.124"/>
  <system-out/>
  <testcase classname="com.qa.HIS.BrowserCompatibility_HIS.PhysicalStockEntryTest" name="TC_Store_Physical_Stock_Entry_012" time="18.595"/>
  <system-out/>
</testsuite> <!-- com.qa.HIS.BrowserCompatibility_HIS.PhysicalStockEntryTest -->
