<?xml version="1.0" encoding="UTF-8"?>
<!-- Generated by org.testng.reporters.JUnitReportReporter -->
<testsuite hostname="DESKTOP-D23LR3J" failures="0" tests="11" name="com.qa.HIS.BrowserCompatibility_HIS.CDRTest" time="99.538" errors="0" timestamp="2022-05-10T17:16:15 IST" skipped="0">
  <testcase classname="com.qa.HIS.BrowserCompatibility_HIS.CDRTest" name="doLoginTest" time="2.984"/>
  <system-out/>
  <testcase classname="com.qa.HIS.BrowserCompatibility_HIS.CDRTest" name="doNavigateToSelectHospitalLocationTest" time="0.009"/>
  <system-out/>
  <testcase classname="com.qa.HIS.BrowserCompatibility_HIS.CDRTest" name="doNavigateToHISHomeTest" time="18.215"/>
  <system-out/>
  <testcase classname="com.qa.HIS.BrowserCompatibility_HIS.CDRTest" name="doNavigateToCDRTest" time="0.442"/>
  <system-out/>
  <testcase classname="com.qa.HIS.BrowserCompatibility_HIS.CDRTest" name="CDR_Patient_Folder_TC_03" time="1.217"/>
  <system-out/>
  <testcase classname="com.qa.HIS.BrowserCompatibility_HIS.CDRTest" name="CDR_Patient_Folder_TC_04" time="4.156"/>
  <system-out/>
  <testcase classname="com.qa.HIS.BrowserCompatibility_HIS.CDRTest" name="CDR_Patient_Folder_TC_05" time="4.250"/>
  <system-out/>
  <testcase classname="com.qa.HIS.BrowserCompatibility_HIS.CDRTest" name="CDR_Patient_Folder_TC_06" time="2.071"/>
  <system-out/>
  <testcase classname="com.qa.HIS.BrowserCompatibility_HIS.CDRTest" name="CDR_Patient_Folder_TC_09" time="53.239"/>
  <system-out/>
  <testcase classname="com.qa.HIS.BrowserCompatibility_HIS.CDRTest" name="CDR_Patient_Folder_TC_07" time="7.597"/>
  <system-out/>
  <testcase classname="com.qa.HIS.BrowserCompatibility_HIS.CDRTest" name="CDR_Patient_Folder_TC_08" time="5.358"/>
  <system-out/>
</testsuite> <!-- com.qa.HIS.BrowserCompatibility_HIS.CDRTest -->
