<?xml version="1.0" encoding="UTF-8"?>
<!-- Generated by org.testng.reporters.JUnitReportReporter -->
<testsuite hostname="JoshnaRajput" failures="1" tests="16" name="com.qa.HIS.BrowserCompatibility_HIS.DoctorWorklistTest" time="562.563" errors="0" timestamp="2025-03-25T14:43:33 IST" skipped="2">
  <testcase classname="com.qa.HIS.BrowserCompatibility_HIS.DoctorWorklistTest" name="doLoginTest" time="2.329"/>
  <testcase classname="com.qa.HIS.BrowserCompatibility_HIS.DoctorWorklistTest" name="doNavigateToSelectHospitalLocationTest" time="0.005"/>
  <testcase classname="com.qa.HIS.BrowserCompatibility_HIS.DoctorWorklistTest" name="doNavigateToHISHomeTest" time="9.845"/>
  <testcase classname="com.qa.HIS.BrowserCompatibility_HIS.DoctorWorklistTest" name="doNavigateToPatientCheckInTest" time="1.662"/>
  <testcase classname="com.qa.HIS.BrowserCompatibility_HIS.DoctorWorklistTest" name="doPatientCheckINTest" time="10.403"/>
  <testcase classname="com.qa.HIS.BrowserCompatibility_HIS.DoctorWorklistTest" name="doNavigateToDoctorWorklistTest" time="2.174"/>
  <testcase classname="com.qa.HIS.BrowserCompatibility_HIS.DoctorWorklistTest" name="CLM_Dr_worklist_TC_4" time="69.122">
    <skipped/>
  </testcase> <!-- CLM_Dr_worklist_TC_4 -->
  <testcase classname="com.qa.HIS.BrowserCompatibility_HIS.DoctorWorklistTest" name="CLM_Dr_worklist_TC_5" time="55.459">
    <skipped/>
  </testcase> <!-- CLM_Dr_worklist_TC_5 -->
  <testcase classname="com.qa.HIS.BrowserCompatibility_HIS.DoctorWorklistTest" name="CLM_Dr_worklist_TC_6" time="57.156">
    <failure message="Referral generated earlier is not visible in referral link list expected [0] but found [1]" type="java.lang.AssertionError">
      <![CDATA[java.lang.AssertionError: Referral generated earlier is not visible in referral link list expected [0] but found [1]
at org.testng.Assert.fail(Assert.java:111)
at org.testng.Assert.failNotEquals(Assert.java:1590)
at org.testng.Assert.assertEqualsImpl(Assert.java:150)
at org.testng.Assert.assertEquals(Assert.java:132)
at org.testng.Assert.assertEquals(Assert.java:1431)
at org.testng.Assert.assertEquals(Assert.java:1395)
at com.qa.HIS.BrowserCompatibility_HIS.DoctorWorklistTest.CLM_Dr_worklist_TC_6(DoctorWorklistTest.java:433)
at java.base/jdk.internal.reflect.DirectMethodHandleAccessor.invoke(DirectMethodHandleAccessor.java:103)
at java.base/java.lang.reflect.Method.invoke(Method.java:580)
at org.testng.internal.invokers.MethodInvocationHelper.invokeMethod(MethodInvocationHelper.java:141)
at org.testng.internal.invokers.TestInvoker.invokeMethod(TestInvoker.java:687)
at org.testng.internal.invokers.TestInvoker.invokeTestMethod(TestInvoker.java:230)
at org.testng.internal.invokers.MethodRunner.runInSequence(MethodRunner.java:63)
at org.testng.internal.invokers.TestInvoker$MethodInvocationAgent.invoke(TestInvoker.java:995)
at org.testng.internal.invokers.TestInvoker.invokeTestMethods(TestInvoker.java:203)
at org.testng.internal.invokers.TestMethodWorker.invokeTestMethods(TestMethodWorker.java:154)
at org.testng.internal.invokers.TestMethodWorker.run(TestMethodWorker.java:134)
at java.base/java.util.ArrayList.forEach(ArrayList.java:1596)
at org.testng.TestRunner.privateRun(TestRunner.java:741)
at org.testng.TestRunner.run(TestRunner.java:616)
at org.testng.SuiteRunner.runTest(SuiteRunner.java:421)
at org.testng.SuiteRunner.runSequentially(SuiteRunner.java:413)
at org.testng.SuiteRunner.privateRun(SuiteRunner.java:373)
at org.testng.SuiteRunner.run(SuiteRunner.java:312)
at org.testng.SuiteRunnerWorker.runSuite(SuiteRunnerWorker.java:52)
at org.testng.SuiteRunnerWorker.run(SuiteRunnerWorker.java:95)
at org.testng.TestNG.runSuitesSequentially(TestNG.java:1274)
at org.testng.TestNG.runSuitesLocally(TestNG.java:1208)
at org.testng.TestNG.runSuites(TestNG.java:1112)
at org.testng.TestNG.run(TestNG.java:1079)
at org.testng.remote.AbstractRemoteTestNG.run(AbstractRemoteTestNG.java:115)
at org.testng.remote.RemoteTestNG.initAndRun(RemoteTestNG.java:293)
at org.testng.remote.RemoteTestNG.main(RemoteTestNG.java:91)
]]>
    </failure>
  </testcase> <!-- CLM_Dr_worklist_TC_6 -->
  <testcase classname="com.qa.HIS.BrowserCompatibility_HIS.DoctorWorklistTest" name="CLM_Dr_worklist_TC_10" time="33.995"/>
  <testcase classname="com.qa.HIS.BrowserCompatibility_HIS.DoctorWorklistTest" name="CLM_Dr_worklist_TC_11" time="21.409"/>
  <testcase classname="com.qa.HIS.BrowserCompatibility_HIS.DoctorWorklistTest" name="CLM_Dr_worklist_TC_12" time="17.573"/>
  <testcase classname="com.qa.HIS.BrowserCompatibility_HIS.DoctorWorklistTest" name="CLM_Dr_worklist_TC_15" time="23.004"/>
  <testcase classname="com.qa.HIS.BrowserCompatibility_HIS.DoctorWorklistTest" name="CLM_Dr_worklist_TC_16" time="66.772"/>
  <testcase classname="com.qa.HIS.BrowserCompatibility_HIS.DoctorWorklistTest" name="CLM_Dr_worklist_TC_17" time="142.755"/>
  <testcase classname="com.qa.HIS.BrowserCompatibility_HIS.DoctorWorklistTest" name="CLM_Dr_worklist_TC_18" time="48.900"/>
</testsuite> <!-- com.qa.HIS.BrowserCompatibility_HIS.DoctorWorklistTest -->
