<?xml version="1.0" encoding="UTF-8"?>
<!-- Generated by org.testng.reporters.JUnitReportReporter -->
<testsuite hostname="DESKTOP-7NG2LHI" failures="0" tests="10" name="com.qa.HIS.BrowserCompatibility_HIS.OpenVisitTest" time="130.674" errors="0" timestamp="2024-02-21T14:25:09 IST" skipped="0">
  <testcase classname="com.qa.HIS.BrowserCompatibility_HIS.OpenVisitTest" name="doLoginTest" time="8.590"/>
  <system-out/>
  <testcase classname="com.qa.HIS.BrowserCompatibility_HIS.OpenVisitTest" name="doNavigateToSelectHospitalLocationTest" time="0.009"/>
  <system-out/>
  <testcase classname="com.qa.HIS.BrowserCompatibility_HIS.OpenVisitTest" name="doNavigateToHISHomeTest" time="8.964"/>
  <system-out/>
  <testcase classname="com.qa.HIS.BrowserCompatibility_HIS.OpenVisitTest" name="doNavigateToOpenVisitTest" time="2.726"/>
  <system-out/>
  <testcase classname="com.qa.HIS.BrowserCompatibility_HIS.OpenVisitTest" name="TC_MA_004" time="0.004"/>
  <system-out/>
  <testcase classname="com.qa.HIS.BrowserCompatibility_HIS.OpenVisitTest" name="CLM_Open_Visits_TC_5" time="18.290"/>
  <system-out/>
  <testcase classname="com.qa.HIS.BrowserCompatibility_HIS.OpenVisitTest" name="CLM_Open_Visits_TC_6" time="19.908"/>
  <system-out/>
  <testcase classname="com.qa.HIS.BrowserCompatibility_HIS.OpenVisitTest" name="CLM_Open_Visits_TC_7" time="26.356"/>
  <system-out/>
  <testcase classname="com.qa.HIS.BrowserCompatibility_HIS.OpenVisitTest" name="CLM_Open_Visits_TC_8" time="23.563"/>
  <system-out/>
  <testcase classname="com.qa.HIS.BrowserCompatibility_HIS.OpenVisitTest" name="CLM_Open_Visits_TC_9" time="22.264"/>
  <system-out/>
</testsuite> <!-- com.qa.HIS.BrowserCompatibility_HIS.OpenVisitTest -->
