<?xml version="1.0" encoding="UTF-8"?>
<!-- Generated by org.testng.reporters.JUnitReportReporter -->
<testsuite hostname="JoshnaRajput" failures="0" tests="13" name="com.qa.HIS.BrowserCompatibility_HIS.InpatientEmergencyPatientTest" time="300.861" errors="0" timestamp="2025-03-27T15:34:22 IST" skipped="0">
  <testcase classname="com.qa.HIS.BrowserCompatibility_HIS.InpatientEmergencyPatientTest" name="doLoginTest" time="2.311"/>
  <testcase classname="com.qa.HIS.BrowserCompatibility_HIS.InpatientEmergencyPatientTest" name="doNavigateToSelectHospitalLocationTest" time="0.007"/>
  <testcase classname="com.qa.HIS.BrowserCompatibility_HIS.InpatientEmergencyPatientTest" name="doNavigateToHISHomeTest" time="9.644"/>
  <testcase classname="com.qa.HIS.BrowserCompatibility_HIS.InpatientEmergencyPatientTest" name="CLM_Inpatients_Emergency_Patients_TC_3" time="177.994"/>
  <testcase classname="com.qa.HIS.BrowserCompatibility_HIS.InpatientEmergencyPatientTest" name="CLM_Inpatients_Emergency_Patients_TC_4" time="13.149"/>
  <testcase classname="com.qa.HIS.BrowserCompatibility_HIS.InpatientEmergencyPatientTest" name="CLM_Inpatients_Emergency_Patients_TC_7" time="9.265"/>
  <testcase classname="com.qa.HIS.BrowserCompatibility_HIS.InpatientEmergencyPatientTest" name="CLM_Inpatients_Emergency_Patients_TC_8" time="9.938"/>
  <testcase classname="com.qa.HIS.BrowserCompatibility_HIS.InpatientEmergencyPatientTest" name="CLM_Inpatients_Emergency_Patients_TC_9" time="8.935"/>
  <testcase classname="com.qa.HIS.BrowserCompatibility_HIS.InpatientEmergencyPatientTest" name="CLM_Inpatients_Emergency_Patients_TC_10" time="9.511"/>
  <testcase classname="com.qa.HIS.BrowserCompatibility_HIS.InpatientEmergencyPatientTest" name="CLM_Inpatients_Emergency_Patients_TC_11" time="11.657"/>
  <testcase classname="com.qa.HIS.BrowserCompatibility_HIS.InpatientEmergencyPatientTest" name="CLM_Inpatients_Emergency_Patients_TC_12" time="9.622"/>
  <testcase classname="com.qa.HIS.BrowserCompatibility_HIS.InpatientEmergencyPatientTest" name="CLM_Inpatients_Emergency_Patients_TC_13" time="16.014"/>
  <testcase classname="com.qa.HIS.BrowserCompatibility_HIS.InpatientEmergencyPatientTest" name="CLM_Inpatients_Emergency_Patients_TC_14" time="22.814"/>
</testsuite> <!-- com.qa.HIS.BrowserCompatibility_HIS.InpatientEmergencyPatientTest -->
