<?xml version="1.0" encoding="UTF-8"?>
<!-- Generated by org.testng.reporters.JUnitReportReporter -->
<testsuite hostname="DESKTOP-V3HC333" failures="0" tests="27" name="com.qa.HIS.BrowserCompatibility_HIS.MAApprovalTest2" time="60.158" errors="0" timestamp="2024-02-19T20:16:32 IST" skipped="0">
  <testcase classname="com.qa.HIS.BrowserCompatibility_HIS.MAApprovalTest2" name="doLoginTest" time="0.713"/>
  <system-out/>
  <testcase classname="com.qa.HIS.BrowserCompatibility_HIS.MAApprovalTest2" name="doNavigateToSelectHospitalLocationTest" time="0.004"/>
  <system-out/>
  <testcase classname="com.qa.HIS.BrowserCompatibility_HIS.MAApprovalTest2" name="doNavigateToHISHomeTest" time="7.276"/>
  <system-out/>
  <testcase classname="com.qa.HIS.BrowserCompatibility_HIS.MAApprovalTest2" name="doNavigateToMALetterGenerationforHosptitaslLinks" time="0.825"/>
  <system-out/>
  <testcase classname="com.qa.HIS.BrowserCompatibility_HIS.MAApprovalTest2" name="TC_MA_004" time="0.004"/>
  <system-out/>
  <testcase classname="com.qa.HIS.BrowserCompatibility_HIS.MAApprovalTest2" name="TC_MA_Page2_All_checkbox" time="9.288"/>
  <system-out/>
  <testcase classname="com.qa.HIS.BrowserCompatibility_HIS.MAApprovalTest2" name="TC_MA_Page2_Redo_All_checkbox" time="9.332"/>
  <system-out/>
  <testcase classname="com.qa.HIS.BrowserCompatibility_HIS.MAApprovalTest2" name="TC_MA_Page2_Redo_All_Dropdown" time="9.762"/>
  <system-out/>
  <testcase classname="com.qa.HIS.BrowserCompatibility_HIS.MAApprovalTest2" name="TC_MA_Page2_Redo_All_entries" time="1.130"/>
  <system-out/>
  <testcase classname="com.qa.HIS.BrowserCompatibility_HIS.MAApprovalTest2" name="TC_MA_Page2_add_new_field" time="0.624"/>
  <system-out/>
  <testcase classname="com.qa.HIS.BrowserCompatibility_HIS.MAApprovalTest2" name="TC_MA_Page2_new_field_2" time="0.751"/>
  <system-out/>
  <testcase classname="com.qa.HIS.BrowserCompatibility_HIS.MAApprovalTest2" name="TC_MA_Page2_add_new_field3" time="0.754"/>
  <system-out/>
  <testcase classname="com.qa.HIS.BrowserCompatibility_HIS.MAApprovalTest2" name="TC_MA_Page2_add_new_field4" time="0.712"/>
  <system-out/>
  <testcase classname="com.qa.HIS.BrowserCompatibility_HIS.MAApprovalTest2" name="TC_MA_Page2_add_new_field5" time="0.703"/>
  <system-out/>
  <testcase classname="com.qa.HIS.BrowserCompatibility_HIS.MAApprovalTest2" name="TC_MA_Page2_new_field_2_delete" time="0.264"/>
  <system-out/>
  <testcase classname="com.qa.HIS.BrowserCompatibility_HIS.MAApprovalTest2" name="TC_MA_Page2_Is_Ayush_available" time="0.579"/>
  <system-out/>
  <testcase classname="com.qa.HIS.BrowserCompatibility_HIS.MAApprovalTest2" name="TC_MA_Ayush_checkbox" time="1.665"/>
  <system-out/>
  <testcase classname="com.qa.HIS.BrowserCompatibility_HIS.MAApprovalTest2" name="TC_MA_Ayush_dropdown" time="1.726"/>
  <system-out/>
  <testcase classname="com.qa.HIS.BrowserCompatibility_HIS.MAApprovalTest2" name="TC_MA_Ayush_entry" time="2.818"/>
  <system-out/>
  <testcase classname="com.qa.HIS.BrowserCompatibility_HIS.MAApprovalTest2" name="TC_MA_Ayush_unchecking" time="1.616"/>
  <system-out/>
  <testcase classname="com.qa.HIS.BrowserCompatibility_HIS.MAApprovalTest2" name="TC_MA_Ayush_Redo_checkbox" time="1.585"/>
  <system-out/>
  <testcase classname="com.qa.HIS.BrowserCompatibility_HIS.MAApprovalTest2" name="TC_MA_Ayush_Redo_dropdown" time="1.722"/>
  <system-out/>
  <testcase classname="com.qa.HIS.BrowserCompatibility_HIS.MAApprovalTest2" name="TC_MA_Ayush_Redo_entry" time="2.538"/>
  <system-out/>
  <testcase classname="com.qa.HIS.BrowserCompatibility_HIS.MAApprovalTest2" name="TC_MA_Ayush_entry_Autocheck" time="0.284"/>
  <system-out/>
  <testcase classname="com.qa.HIS.BrowserCompatibility_HIS.MAApprovalTest2" name="TC_MA_Page_2_mandatory_alert_check" time="0.217"/>
  <system-out/>
  <testcase classname="com.qa.HIS.BrowserCompatibility_HIS.MAApprovalTest2" name="TC_MA_Page_1_AttendanceAyurveda_plus_AverageAttendanceAyurveda_autocheck" time="0.673"/>
  <system-out/>
  <testcase classname="com.qa.HIS.BrowserCompatibility_HIS.MAApprovalTest2" name="TC_MA_Page_2_save_and_next_and_previous" time="2.593"/>
  <system-out/>
</testsuite> <!-- com.qa.HIS.BrowserCompatibility_HIS.MAApprovalTest2 -->
