<?xml version="1.0" encoding="UTF-8"?>
<!-- Generated by org.testng.reporters.JUnitReportReporter -->
<testsuite hostname="DESKTOP-V3HC333" failures="0" tests="7" name="com.qa.HIS.BrowserCompatibility_HIS.AlterMRPPageTest" time="128.305" errors="0" timestamp="2023-11-14T16:25:59 IST" skipped="0">
  <testcase classname="com.qa.HIS.BrowserCompatibility_HIS.AlterMRPPageTest" name="doLoginTest" time="2.578"/>
  <system-out/>
  <testcase classname="com.qa.HIS.BrowserCompatibility_HIS.AlterMRPPageTest" name="doNavigateToSelectHospitalLocationTest" time="0.004"/>
  <system-out/>
  <testcase classname="com.qa.HIS.BrowserCompatibility_HIS.AlterMRPPageTest" name="doNavigateToHISHomeTest" time="30.875"/>
  <system-out/>
  <testcase classname="com.qa.HIS.BrowserCompatibility_HIS.AlterMRPPageTest" name="doNavigateAlterMRPLinkTest" time="1.327"/>
  <system-out/>
  <testcase classname="com.qa.HIS.BrowserCompatibility_HIS.AlterMRPPageTest" name="TC_Alter_MRP_004" time="44.217"/>
  <system-out/>
  <testcase classname="com.qa.HIS.BrowserCompatibility_HIS.AlterMRPPageTest" name="TC_Alter_MRP_005" time="46.012"/>
  <system-out/>
  <testcase classname="com.qa.HIS.BrowserCompatibility_HIS.AlterMRPPageTest" name="TC_Alter_MRP_007" time="3.292"/>
  <system-out/>
</testsuite> <!-- com.qa.HIS.BrowserCompatibility_HIS.AlterMRPPageTest -->
