<?xml version="1.0" encoding="UTF-8"?>
<!-- Generated by org.testng.reporters.JUnitReportReporter -->
<testsuite hostname="DESKTOP-FEC8FTO" failures="0" tests="11" name="com.qa.HIS.BrowserCompatibility_HIS.Emergency_Check_In_RegistrationTest" time="84.578" errors="0" timestamp="2024-04-19T17:10:14 IST" skipped="0">
  <testcase classname="com.qa.HIS.BrowserCompatibility_HIS.Emergency_Check_In_RegistrationTest" name="doLoginTest" time="1.634"/>
  <system-out/>
  <testcase classname="com.qa.HIS.BrowserCompatibility_HIS.Emergency_Check_In_RegistrationTest" name="doNavigateToSelectHospitalLocationTest" time="0.005"/>
  <system-out/>
  <testcase classname="com.qa.HIS.BrowserCompatibility_HIS.Emergency_Check_In_RegistrationTest" name="doNavigateToHISHomeTest" time="7.954"/>
  <system-out/>
  <testcase classname="com.qa.HIS.BrowserCompatibility_HIS.Emergency_Check_In_RegistrationTest" name="doNavigateToEmergency_Check_In_RegistrationPagesLink" time="2.721"/>
  <system-out/>
  <testcase classname="com.qa.HIS.BrowserCompatibility_HIS.Emergency_Check_In_RegistrationTest" name="Registration_Emergency_Checkin_Registration_TC_1" time="22.468"/>
  <system-out/>
  <testcase classname="com.qa.HIS.BrowserCompatibility_HIS.Emergency_Check_In_RegistrationTest" name="Registration_Emergency_Checkin_Registration_TC_8" time="12.640"/>
  <system-out/>
  <testcase classname="com.qa.HIS.BrowserCompatibility_HIS.Emergency_Check_In_RegistrationTest" name="Registration_Emergency_Checkin_Registration_TC_5" time="10.622"/>
  <system-out/>
  <testcase classname="com.qa.HIS.BrowserCompatibility_HIS.Emergency_Check_In_RegistrationTest" name="Registration_Emergency_Checkin_Registration_TC_7" time="8.117"/>
  <system-out/>
  <testcase classname="com.qa.HIS.BrowserCompatibility_HIS.Emergency_Check_In_RegistrationTest" name="Registration_Emergency_Checkin_Registration_TC_2" time="6.137"/>
  <system-out/>
  <testcase classname="com.qa.HIS.BrowserCompatibility_HIS.Emergency_Check_In_RegistrationTest" name="Registration_Emergency_Checkin_Registration_TC_3" time="10.195"/>
  <system-out/>
  <testcase classname="com.qa.HIS.BrowserCompatibility_HIS.Emergency_Check_In_RegistrationTest" name="Registration_Emergency_Checkin_Registration_TC_4" time="2.085"/>
  <system-out/>
</testsuite> <!-- com.qa.HIS.BrowserCompatibility_HIS.Emergency_Check_In_RegistrationTest -->
