<?xml version="1.0" encoding="UTF-8"?>
<!-- Generated by org.testng.reporters.JUnitReportReporter -->
<testsuite hostname="JoshnaRajput" failures="0" tests="14" name="com.qa.HIS.BrowserCompatibility_HIS.AudioVideoConsultationCRTest" time="380.721" errors="0" timestamp="2025-03-25T12:07:24 IST" skipped="0">
  <testcase classname="com.qa.HIS.BrowserCompatibility_HIS.AudioVideoConsultationCRTest" name="doLoginTest" time="3.158"/>
  <testcase classname="com.qa.HIS.BrowserCompatibility_HIS.AudioVideoConsultationCRTest" name="doNavigateToSelectHospitalLocationTest" time="0.005"/>
  <testcase classname="com.qa.HIS.BrowserCompatibility_HIS.AudioVideoConsultationCRTest" name="doNavigateToHISHomeTest" time="9.507"/>
  <testcase classname="com.qa.HIS.BrowserCompatibility_HIS.AudioVideoConsultationCRTest" name="doNavigateToDrWorkList" time="1.891"/>
  <testcase classname="com.qa.HIS.BrowserCompatibility_HIS.AudioVideoConsultationCRTest" name="donavigatetoVideoConsultationpage" time="80.533"/>
  <testcase classname="com.qa.HIS.BrowserCompatibility_HIS.AudioVideoConsultationCRTest" name="CheckFunctionalityOfChiefComplants" time="30.025"/>
  <testcase classname="com.qa.HIS.BrowserCompatibility_HIS.AudioVideoConsultationCRTest" name="CheckFunctionalityOfPastHistory" time="52.389"/>
  <testcase classname="com.qa.HIS.BrowserCompatibility_HIS.AudioVideoConsultationCRTest" name="CheckFunctionalityOfHistoryOfPresentillness" time="16.424"/>
  <testcase classname="com.qa.HIS.BrowserCompatibility_HIS.AudioVideoConsultationCRTest" name="CheckFunctionalityOfRefferalAdvice" time="19.130"/>
  <testcase classname="com.qa.HIS.BrowserCompatibility_HIS.AudioVideoConsultationCRTest" name="CheckFunctionalityOfFollowUp" time="41.587"/>
  <testcase classname="com.qa.HIS.BrowserCompatibility_HIS.AudioVideoConsultationCRTest" name="CheckFunctionalityofmedicationInPrescriptions" time="46.390"/>
  <testcase classname="com.qa.HIS.BrowserCompatibility_HIS.AudioVideoConsultationCRTest" name="CheckFunctionalityOfInvesitgationPrescriptions" time="31.575"/>
  <testcase classname="com.qa.HIS.BrowserCompatibility_HIS.AudioVideoConsultationCRTest" name="CheckFunctionalityOfDiagnosisPrescriptions" time="34.873"/>
  <testcase classname="com.qa.HIS.BrowserCompatibility_HIS.AudioVideoConsultationCRTest" name="CheckFunctionalityOfclinicaladvicePrescriptions" time="13.234"/>
</testsuite> <!-- com.qa.HIS.BrowserCompatibility_HIS.AudioVideoConsultationCRTest -->
