<?xml version="1.0" encoding="UTF-8"?>
<!-- Generated by org.testng.reporters.JUnitReportReporter -->
<testsuite hostname="DESKTOP-V3HC333" failures="0" tests="39" name="com.qa.HIS.BrowserCompatibility_HIS.MATest5" time="30.497" errors="0" timestamp="2024-02-19T11:03:50 IST" skipped="0">
  <testcase classname="com.qa.HIS.BrowserCompatibility_HIS.MATest5" name="doLoginTest" time="0.695"/>
  <system-out/>
  <testcase classname="com.qa.HIS.BrowserCompatibility_HIS.MATest5" name="doNavigateToSelectHospitalLocationTest" time="0.002"/>
  <system-out/>
  <testcase classname="com.qa.HIS.BrowserCompatibility_HIS.MATest5" name="doNavigateToHISHomeTest" time="7.031"/>
  <system-out/>
  <testcase classname="com.qa.HIS.BrowserCompatibility_HIS.MATest5" name="doNavigateToMALetterGenerationforHosptitaslLinks" time="5.516"/>
  <system-out/>
  <testcase classname="com.qa.HIS.BrowserCompatibility_HIS.MATest5" name="TC_MA_004" time="0.006"/>
  <system-out/>
  <testcase classname="com.qa.HIS.BrowserCompatibility_HIS.MATest5" name="TC_MA_005" time="1.029"/>
  <system-out/>
  <testcase classname="com.qa.HIS.BrowserCompatibility_HIS.MATest5" name="TC_MA_006" time="0.049"/>
  <system-out/>
  <testcase classname="com.qa.HIS.BrowserCompatibility_HIS.MATest5" name="TC_MA_007" time="0.078"/>
  <system-out/>
  <testcase classname="com.qa.HIS.BrowserCompatibility_HIS.MATest5" name="TC_MA_008" time="0.043"/>
  <system-out/>
  <testcase classname="com.qa.HIS.BrowserCompatibility_HIS.MATest5" name="TC_MA_009" time="0.182"/>
  <system-out/>
  <testcase classname="com.qa.HIS.BrowserCompatibility_HIS.MATest5" name="TC_MA_010" time="2.582"/>
  <system-out/>
  <testcase classname="com.qa.HIS.BrowserCompatibility_HIS.MATest5" name="TC_MA_011" time="0.052"/>
  <system-out/>
  <testcase classname="com.qa.HIS.BrowserCompatibility_HIS.MATest5" name="TC_MA_012" time="0.037"/>
  <system-out/>
  <testcase classname="com.qa.HIS.BrowserCompatibility_HIS.MATest5" name="TC_MA_013" time="1.093"/>
  <system-out/>
  <testcase classname="com.qa.HIS.BrowserCompatibility_HIS.MATest5" name="TC_MA_014" time="0.524"/>
  <system-out/>
  <testcase classname="com.qa.HIS.BrowserCompatibility_HIS.MATest5" name="TC_MA_015" time="0.040"/>
  <system-out/>
  <testcase classname="com.qa.HIS.BrowserCompatibility_HIS.MATest5" name="TC_MA_016" time="0.049"/>
  <system-out/>
  <testcase classname="com.qa.HIS.BrowserCompatibility_HIS.MATest5" name="TC_MA_017" time="1.075"/>
  <system-out/>
  <testcase classname="com.qa.HIS.BrowserCompatibility_HIS.MATest5" name="TC_MA_018" time="0.512"/>
  <system-out/>
  <testcase classname="com.qa.HIS.BrowserCompatibility_HIS.MATest5" name="TC_MA_019" time="0.047"/>
  <system-out/>
  <testcase classname="com.qa.HIS.BrowserCompatibility_HIS.MATest5" name="TC_MA_020" time="0.045"/>
  <system-out/>
  <testcase classname="com.qa.HIS.BrowserCompatibility_HIS.MATest5" name="TC_MA_021" time="1.108"/>
  <system-out/>
  <testcase classname="com.qa.HIS.BrowserCompatibility_HIS.MATest5" name="TC_MA_022" time="0.508"/>
  <system-out/>
  <testcase classname="com.qa.HIS.BrowserCompatibility_HIS.MATest5" name="TC_MA_023" time="0.044"/>
  <system-out/>
  <testcase classname="com.qa.HIS.BrowserCompatibility_HIS.MATest5" name="TC_MA_024" time="2.159"/>
  <system-out/>
  <testcase classname="com.qa.HIS.BrowserCompatibility_HIS.MATest5" name="TC_MA_025" time="0.043"/>
  <system-out/>
  <testcase classname="com.qa.HIS.BrowserCompatibility_HIS.MATest5" name="TC_MA_026" time="0.038"/>
  <system-out/>
  <testcase classname="com.qa.HIS.BrowserCompatibility_HIS.MATest5" name="TC_MA_027" time="0.079"/>
  <system-out/>
  <testcase classname="com.qa.HIS.BrowserCompatibility_HIS.MATest5" name="TC_MA_028" time="0.040"/>
  <system-out/>
  <testcase classname="com.qa.HIS.BrowserCompatibility_HIS.MATest5" name="TC_MA_029" time="0.035"/>
  <system-out/>
  <testcase classname="com.qa.HIS.BrowserCompatibility_HIS.MATest5" name="TC_MA_030" time="0.255"/>
  <system-out/>
  <testcase classname="com.qa.HIS.BrowserCompatibility_HIS.MATest5" name="TC_MA_031" time="0.040"/>
  <system-out/>
  <testcase classname="com.qa.HIS.BrowserCompatibility_HIS.MATest5" name="TC_MA_032" time="0.039"/>
  <system-out/>
  <testcase classname="com.qa.HIS.BrowserCompatibility_HIS.MATest5" name="TC_MA_033" time="0.041"/>
  <system-out/>
  <testcase classname="com.qa.HIS.BrowserCompatibility_HIS.MATest5" name="TC_MA_034" time="0.073"/>
  <system-out/>
  <testcase classname="com.qa.HIS.BrowserCompatibility_HIS.MATest5" name="TC_MA_035" time="0.039"/>
  <system-out/>
  <testcase classname="com.qa.HIS.BrowserCompatibility_HIS.MATest5" name="TC_MA_036" time="0.224"/>
  <system-out/>
  <testcase classname="com.qa.HIS.BrowserCompatibility_HIS.MATest5" name="TC_MA_037" time="0.036"/>
  <system-out/>
  <testcase classname="com.qa.HIS.BrowserCompatibility_HIS.MATest5" name="TC_MA_038" time="5.009"/>
  <system-out/>
</testsuite> <!-- com.qa.HIS.BrowserCompatibility_HIS.MATest5 -->
