<?xml version="1.0" encoding="UTF-8"?>
<!-- Generated by org.testng.reporters.JUnitReportReporter -->
<testsuite hostname="DESKTOP-7NG2LHI" failures="0" tests="8" name="com.qa.HIS.BrowserCompatibility_HIS.HomeDrugDeliveryTest" time="497.486" errors="0" timestamp="2024-04-18T12:43:53 IST" skipped="0">
  <testcase classname="com.qa.HIS.BrowserCompatibility_HIS.HomeDrugDeliveryTest" name="doLoginTest" time="4.588"/>
  <system-out/>
  <testcase classname="com.qa.HIS.BrowserCompatibility_HIS.HomeDrugDeliveryTest" name="doNavigateToSelectHospitalLocationTest" time="1.008"/>
  <system-out/>
  <testcase classname="com.qa.HIS.BrowserCompatibility_HIS.HomeDrugDeliveryTest" name="doNavigateToHISHomeTest" time="10.559"/>
  <system-out/>
  <testcase classname="com.qa.HIS.BrowserCompatibility_HIS.HomeDrugDeliveryTest" name="donavigatetoHomeDrugDeliverlink" time="2.913"/>
  <system-out/>
  <testcase classname="com.qa.HIS.BrowserCompatibility_HIS.HomeDrugDeliveryTest" name="Provision_to_submit_the_address_for_home_drug_delivery" time="46.169"/>
  <system-out/>
  <testcase classname="com.qa.HIS.BrowserCompatibility_HIS.HomeDrugDeliveryTest" name="check_the_eligibility_for_the_home_drug_delivery_by_the_OPD_Doctor" time="283.165"/>
  <system-out/>
  <testcase classname="com.qa.HIS.BrowserCompatibility_HIS.HomeDrugDeliveryTest" name="Provision_to_view_and_print_the_worklist_for_the_Home_Drug_Delivery" time="13.214"/>
  <system-out/>
  <testcase classname="com.qa.HIS.BrowserCompatibility_HIS.HomeDrugDeliveryTest" name="Home_Drug_Delivery_Report_HQ_Report" time="135.870"/>
  <system-out/>
</testsuite> <!-- com.qa.HIS.BrowserCompatibility_HIS.HomeDrugDeliveryTest -->
