<?xml version="1.0" encoding="UTF-8"?>
<!-- Generated by org.testng.reporters.JUnitReportReporter -->
<testsuite hostname="DESKTOP-7NG2LHI" failures="0" tests="11" name="com.qa.HIS.BrowserCompatibility_HIS.UHIDPageTest" time="287.612" errors="0" timestamp="2024-04-18T16:08:42 IST" skipped="0">
  <testcase classname="com.qa.HIS.BrowserCompatibility_HIS.UHIDPageTest" name="doLoginTest" time="1.300"/>
  <system-out/>
  <testcase classname="com.qa.HIS.BrowserCompatibility_HIS.UHIDPageTest" name="doNavigateToSelectHospitalLocationTest" time="1.002"/>
  <system-out/>
  <testcase classname="com.qa.HIS.BrowserCompatibility_HIS.UHIDPageTest" name="doNavigateToHISHomeTest" time="7.692"/>
  <system-out/>
  <testcase classname="com.qa.HIS.BrowserCompatibility_HIS.UHIDPageTest" name="doNavigateToUHIDcreationLinkTest" time="7.262"/>
  <system-out/>
  <testcase classname="com.qa.HIS.BrowserCompatibility_HIS.UHIDPageTest" name="To_Check_Functionality_SaveButton" time="44.797"/>
  <system-out/>
  <testcase classname="com.qa.HIS.BrowserCompatibility_HIS.UHIDPageTest" name="To_Check_Functionality_UHIDSearch" time="12.516"/>
  <system-out/>
  <testcase classname="com.qa.HIS.BrowserCompatibility_HIS.UHIDPageTest" name="To_Check_Functionality_UpdateButton" time="4.585"/>
  <system-out/>
  <testcase classname="com.qa.HIS.BrowserCompatibility_HIS.UHIDPageTest" name="Check_the_Functionality_Of_OPDNumber" time="50.458"/>
  <system-out/>
  <testcase classname="com.qa.HIS.BrowserCompatibility_HIS.UHIDPageTest" name="Check_FunctionalityOf_ClearButton" time="63.043"/>
  <system-out/>
  <testcase classname="com.qa.HIS.BrowserCompatibility_HIS.UHIDPageTest" name="Search_Patient_detailBy_IPnumber" time="88.661"/>
  <system-out/>
  <testcase classname="com.qa.HIS.BrowserCompatibility_HIS.UHIDPageTest" name="Search_Patient_detailBy_IPnumberwith_nagative_Scenario" time="6.296"/>
  <system-out/>
</testsuite> <!-- com.qa.HIS.BrowserCompatibility_HIS.UHIDPageTest -->
