<?xml version="1.0" encoding="UTF-8"?>
<!-- Generated by org.testng.reporters.JUnitReportReporter -->
<testsuite hostname="DESKTOP-D23LR3J" failures="0" tests="9" name="com.qa.HIS.BrowserCompatibility_HIS.Clinical_Record_ReportTest" time="101.509" errors="0" timestamp="2022-04-21T15:55:42 IST" skipped="0">
  <testcase classname="com.qa.HIS.BrowserCompatibility_HIS.Clinical_Record_ReportTest" name="doLoginTest" time="2.756"/>
  <system-out/>
  <testcase classname="com.qa.HIS.BrowserCompatibility_HIS.Clinical_Record_ReportTest" name="doNavigateToSelectHospitalLocationTest" time="0.003"/>
  <system-out/>
  <testcase classname="com.qa.HIS.BrowserCompatibility_HIS.Clinical_Record_ReportTest" name="doNavigateToHISHomeTest" time="12.331"/>
  <system-out/>
  <testcase classname="com.qa.HIS.BrowserCompatibility_HIS.Clinical_Record_ReportTest" name="doNavigateToClinical_Record_Reports" time="0.854"/>
  <system-out/>
  <testcase classname="com.qa.HIS.BrowserCompatibility_HIS.Clinical_Record_ReportTest" name="checkTheFunctionalityOfItemMasterdata" time="7.306"/>
  <system-out/>
  <testcase classname="com.qa.HIS.BrowserCompatibility_HIS.Clinical_Record_ReportTest" name="checkTheFunctionalityOfprescreption_itemIssue" time="2.263"/>
  <system-out/>
  <testcase classname="com.qa.HIS.BrowserCompatibility_HIS.Clinical_Record_ReportTest" name="checkTheFunctionalityOfStockStatus_StationWise" time="6.611"/>
  <system-out/>
  <testcase classname="com.qa.HIS.BrowserCompatibility_HIS.Clinical_Record_ReportTest" name="checkTheFunctionalityOfExportReport" time="57.889"/>
  <system-out/>
  <testcase classname="com.qa.HIS.BrowserCompatibility_HIS.Clinical_Record_ReportTest" name="ChecktheFunctionalityofClearButton" time="11.496"/>
  <system-out/>
</testsuite> <!-- com.qa.HIS.BrowserCompatibility_HIS.Clinical_Record_ReportTest -->
