<?xml version="1.0" encoding="UTF-8"?>
<!-- Generated by org.testng.reporters.JUnitReportReporter -->
<testsuite hostname="JoshnaRajput" failures="0" tests="8" name="com.qa.HIS.BrowserCompatibility_HIS.MaternityCertificateTest" time="286.675" errors="0" timestamp="2025-04-03T14:50:24 IST" skipped="0">
  <testcase classname="com.qa.HIS.BrowserCompatibility_HIS.MaternityCertificateTest" name="doLoginTest" time="2.339"/>
  <testcase classname="com.qa.HIS.BrowserCompatibility_HIS.MaternityCertificateTest" name="doNavigateToSelectHospitalLocationTest" time="0.005"/>
  <testcase classname="com.qa.HIS.BrowserCompatibility_HIS.MaternityCertificateTest" name="doNavigateToHISHomeTest" time="7.291"/>
  <testcase classname="com.qa.HIS.BrowserCompatibility_HIS.MaternityCertificateTest" name="TC_MA_003" time="0.004"/>
  <testcase classname="com.qa.HIS.BrowserCompatibility_HIS.MaternityCertificateTest" name="doNavigateToPatientCheckinLinkTest" time="3.679"/>
  <testcase classname="com.qa.HIS.BrowserCompatibility_HIS.MaternityCertificateTest" name="doCreateCheckInPageTest" time="23.539"/>
  <testcase classname="com.qa.HIS.BrowserCompatibility_HIS.MaternityCertificateTest" name="docreate_materntycertificate" time="103.339"/>
  <testcase classname="com.qa.HIS.BrowserCompatibility_HIS.MaternityCertificateTest" name="testcaseforMaternityCertification" time="146.479"/>
</testsuite> <!-- com.qa.HIS.BrowserCompatibility_HIS.MaternityCertificateTest -->
