<?xml version="1.0" encoding="UTF-8"?>
<!-- Generated by org.testng.reporters.JUnitReportReporter -->
<testsuite hostname="DESKTOP-7NG2LHI" failures="0" tests="13" name="com.qa.HIS.BrowserCompatibility_HIS.InpatientEmergencyPatientTest" time="345.483" errors="0" timestamp="2024-02-28T15:22:41 IST" skipped="0">
  <testcase classname="com.qa.HIS.BrowserCompatibility_HIS.InpatientEmergencyPatientTest" name="doLoginTest" time="2.473"/>
  <system-out/>
  <testcase classname="com.qa.HIS.BrowserCompatibility_HIS.InpatientEmergencyPatientTest" name="doNavigateToSelectHospitalLocationTest" time="0.004"/>
  <system-out/>
  <testcase classname="com.qa.HIS.BrowserCompatibility_HIS.InpatientEmergencyPatientTest" name="doNavigateToHISHomeTest" time="8.235"/>
  <system-out/>
  <testcase classname="com.qa.HIS.BrowserCompatibility_HIS.InpatientEmergencyPatientTest" name="CLM_Inpatients_Emergency_Patients_TC_3" time="34.813"/>
  <system-out/>
  <testcase classname="com.qa.HIS.BrowserCompatibility_HIS.InpatientEmergencyPatientTest" name="CLM_Inpatients_Emergency_Patients_TC_4" time="29.566"/>
  <system-out/>
  <testcase classname="com.qa.HIS.BrowserCompatibility_HIS.InpatientEmergencyPatientTest" name="CLM_Inpatients_Emergency_Patients_TC_7" time="8.430"/>
  <system-out/>
  <testcase classname="com.qa.HIS.BrowserCompatibility_HIS.InpatientEmergencyPatientTest" name="CLM_Inpatients_Emergency_Patients_TC_8" time="23.712"/>
  <system-out/>
  <testcase classname="com.qa.HIS.BrowserCompatibility_HIS.InpatientEmergencyPatientTest" name="CLM_Inpatients_Emergency_Patients_TC_9" time="24.727"/>
  <system-out/>
  <testcase classname="com.qa.HIS.BrowserCompatibility_HIS.InpatientEmergencyPatientTest" name="CLM_Inpatients_Emergency_Patients_TC_10" time="25.183"/>
  <system-out/>
  <testcase classname="com.qa.HIS.BrowserCompatibility_HIS.InpatientEmergencyPatientTest" name="CLM_Inpatients_Emergency_Patients_TC_11" time="25.766"/>
  <system-out/>
  <testcase classname="com.qa.HIS.BrowserCompatibility_HIS.InpatientEmergencyPatientTest" name="CLM_Inpatients_Emergency_Patients_TC_12" time="25.273"/>
  <system-out/>
  <testcase classname="com.qa.HIS.BrowserCompatibility_HIS.InpatientEmergencyPatientTest" name="CLM_Inpatients_Emergency_Patients_TC_13" time="92.675"/>
  <system-out/>
  <testcase classname="com.qa.HIS.BrowserCompatibility_HIS.InpatientEmergencyPatientTest" name="CLM_Inpatients_Emergency_Patients_TC_14" time="44.626"/>
  <system-out/>
</testsuite> <!-- com.qa.HIS.BrowserCompatibility_HIS.InpatientEmergencyPatientTest -->
