<?xml version="1.0" encoding="UTF-8"?>
<!-- Generated by org.testng.reporters.JUnitReportReporter -->
<testsuite hostname="DESKTOP-7NG2LHI" failures="0" tests="7" name="com.qa.HIS.BrowserCompatibility_HIS.MaternityCertificateTest" time="361.702" errors="0" timestamp="2024-04-04T14:17:06 IST" skipped="0">
  <testcase classname="com.qa.HIS.BrowserCompatibility_HIS.MaternityCertificateTest" name="doLoginTest" time="1.621"/>
  <system-out/>
  <testcase classname="com.qa.HIS.BrowserCompatibility_HIS.MaternityCertificateTest" name="doNavigateToSelectHospitalLocationTest" time="0.004"/>
  <system-out/>
  <testcase classname="com.qa.HIS.BrowserCompatibility_HIS.MaternityCertificateTest" name="doNavigateToHISHomeTest" time="8.223"/>
  <system-out/>
  <testcase classname="com.qa.HIS.BrowserCompatibility_HIS.MaternityCertificateTest" name="TC_MA_003" time="0.006"/>
  <system-out/>
  <testcase classname="com.qa.HIS.BrowserCompatibility_HIS.MaternityCertificateTest" name="doNavigateToPatientCheckinLinkTest" time="6.695"/>
  <system-out/>
  <testcase classname="com.qa.HIS.BrowserCompatibility_HIS.MaternityCertificateTest" name="doCreateCheckInPageTest" time="125.806"/>
  <system-out/>
  <testcase classname="com.qa.HIS.BrowserCompatibility_HIS.MaternityCertificateTest" name="docreate_materntycertificate" time="219.347"/>
  <system-out/>
</testsuite> <!-- com.qa.HIS.BrowserCompatibility_HIS.MaternityCertificateTest -->
