<?xml version="1.0" encoding="UTF-8"?>
<!-- Generated by org.testng.reporters.JUnitReportReporter -->
<testsuite hostname="DESKTOP-V3HC333" failures="0" tests="9" name="com.qa.HIS.BrowserCompatibility_HIS.MAHQdoLetterTest" time="118.781" errors="0" timestamp="2024-05-02T16:56:11 IST" skipped="0">
  <testcase classname="com.qa.HIS.BrowserCompatibility_HIS.MAHQdoLetterTest" name="doLoginTest" time="1.016"/>
  <system-out/>
  <testcase classname="com.qa.HIS.BrowserCompatibility_HIS.MAHQdoLetterTest" name="doNavigateToSelectHospitalLocationTest" time="0.002"/>
  <system-out/>
  <testcase classname="com.qa.HIS.BrowserCompatibility_HIS.MAHQdoLetterTest" name="doNavigateToHISHomeTest" time="27.753"/>
  <system-out/>
  <testcase classname="com.qa.HIS.BrowserCompatibility_HIS.MAHQdoLetterTest" name="donavigatetoMAHQLetter" time="0.908"/>
  <system-out/>
  <testcase classname="com.qa.HIS.BrowserCompatibility_HIS.MAHQdoLetterTest" name="clickdoletter" time="0.451"/>
  <system-out/>
  <testcase classname="com.qa.HIS.BrowserCompatibility_HIS.MAHQdoLetterTest" name="checkmandotaryfield" time="12.022"/>
  <system-out/>
  <testcase classname="com.qa.HIS.BrowserCompatibility_HIS.MAHQdoLetterTest" name="checkfuturedate" time="13.257"/>
  <system-out/>
  <testcase classname="com.qa.HIS.BrowserCompatibility_HIS.MAHQdoLetterTest" name="clickonpreviewButton" time="41.583"/>
  <system-out/>
  <testcase classname="com.qa.HIS.BrowserCompatibility_HIS.MAHQdoLetterTest" name="printbtn" time="21.789"/>
  <system-out/>
</testsuite> <!-- com.qa.HIS.BrowserCompatibility_HIS.MAHQdoLetterTest -->
