<?xml version="1.0" encoding="UTF-8"?>
<!-- Generated by org.testng.reporters.JUnitReportReporter -->
<testsuite hostname="DESKTOP-FEC8FTO" failures="0" tests="13" name="com.qa.HIS.BrowserCompatibility_HIS.ANMServicesTest" time="308.147" errors="0" timestamp="2024-04-22T14:39:27 IST" skipped="0">
  <testcase classname="com.qa.HIS.BrowserCompatibility_HIS.ANMServicesTest" name="doLoginTest" time="1.004"/>
  <system-out/>
  <testcase classname="com.qa.HIS.BrowserCompatibility_HIS.ANMServicesTest" name="doNavigateToSelectHospitalLocationTest" time="0.003"/>
  <system-out/>
  <testcase classname="com.qa.HIS.BrowserCompatibility_HIS.ANMServicesTest" name="doNavigateToHISHomeTest" time="8.007"/>
  <system-out/>
  <testcase classname="com.qa.HIS.BrowserCompatibility_HIS.ANMServicesTest" name="doNavigateToPatientCheckInTest" time="2.552"/>
  <system-out/>
  <testcase classname="com.qa.HIS.BrowserCompatibility_HIS.ANMServicesTest" name="doPatientCheckINTest" time="59.355"/>
  <system-out/>
  <testcase classname="com.qa.HIS.BrowserCompatibility_HIS.ANMServicesTest" name="doNavigateToDoctorWorklistTest" time="112.011"/>
  <system-out/>
  <testcase classname="com.qa.HIS.BrowserCompatibility_HIS.ANMServicesTest" name="doCasesheetprecripstionTest" time="53.428"/>
  <system-out/>
  <testcase classname="com.qa.HIS.BrowserCompatibility_HIS.ANMServicesTest" name="doANMServicesTest" time="10.140"/>
  <system-out/>
  <testcase classname="com.qa.HIS.BrowserCompatibility_HIS.ANMServicesTest" name="CLM_ANM_servicess_TC_004" time="55.175"/>
  <system-out/>
  <testcase classname="com.qa.HIS.BrowserCompatibility_HIS.ANMServicesTest" name="CLM_ANM_servicess_TC_005" time="2.140"/>
  <system-out/>
  <testcase classname="com.qa.HIS.BrowserCompatibility_HIS.ANMServicesTest" name="CLM_ANM_servicess_TC_006" time="0.598"/>
  <system-out/>
  <testcase classname="com.qa.HIS.BrowserCompatibility_HIS.ANMServicesTest" name="CLM_ANM_servicess_TC_0010" time="2.168"/>
  <system-out/>
  <testcase classname="com.qa.HIS.BrowserCompatibility_HIS.ANMServicesTest" name="CLM_ANM_servicess_TC_008" time="1.566"/>
  <system-out/>
</testsuite> <!-- com.qa.HIS.BrowserCompatibility_HIS.ANMServicesTest -->
