<?xml version="1.0" encoding="UTF-8"?>
<!-- Generated by org.testng.reporters.JUnitReportReporter -->
<testsuite hostname="DESKTOP-FEC8FTO" failures="0" tests="7" name="com.qa.HIS.BrowserCompatibility_HIS.FUPTest" time="157.389" errors="0" timestamp="2024-04-22T13:18:47 IST" skipped="0">
  <testcase classname="com.qa.HIS.BrowserCompatibility_HIS.FUPTest" name="doLoginTest" time="1.109"/>
  <system-out/>
  <testcase classname="com.qa.HIS.BrowserCompatibility_HIS.FUPTest" name="doNavigateToSelectHospitalLocationTest" time="0.002"/>
  <system-out/>
  <testcase classname="com.qa.HIS.BrowserCompatibility_HIS.FUPTest" name="doNavigateToHISHomeTest" time="8.415"/>
  <system-out/>
  <testcase classname="com.qa.HIS.BrowserCompatibility_HIS.FUPTest" name="doNavigateToFUPTest" time="4.232"/>
  <system-out/>
  <testcase classname="com.qa.HIS.BrowserCompatibility_HIS.FUPTest" name="CLM_Frequently_Used_Packs_TC_04" time="114.116"/>
  <system-out/>
  <testcase classname="com.qa.HIS.BrowserCompatibility_HIS.FUPTest" name="CLM_Frequently_Used_Packs_TC_05" time="18.886"/>
  <system-out/>
  <testcase classname="com.qa.HIS.BrowserCompatibility_HIS.FUPTest" name="CLM_Frequently_Used_Packs_TC_07" time="10.629"/>
  <system-out/>
</testsuite> <!-- com.qa.HIS.BrowserCompatibility_HIS.FUPTest -->
