<?xml version="1.0" encoding="UTF-8"?>
<!-- Generated by org.testng.reporters.JUnitReportReporter -->
<testsuite hostname="DESKTOP-V3HC333" failures="0" tests="10" name="com.qa.HIS.BrowserCompatibility_HIS.MAStatusDoLettertest" time="73.034" errors="0" timestamp="2024-05-02T16:56:11 IST" skipped="0">
  <testcase classname="com.qa.HIS.BrowserCompatibility_HIS.MAStatusDoLettertest" name="doLoginTest" time="0.950"/>
  <system-out/>
  <testcase classname="com.qa.HIS.BrowserCompatibility_HIS.MAStatusDoLettertest" name="doNavigateToSelectHospitalLocationTest" time="0.002"/>
  <system-out/>
  <testcase classname="com.qa.HIS.BrowserCompatibility_HIS.MAStatusDoLettertest" name="doNavigateToHISHomeTest" time="27.053"/>
  <system-out/>
  <testcase classname="com.qa.HIS.BrowserCompatibility_HIS.MAStatusDoLettertest" name="donavigatetoMAletterDOLetter" time="1.243"/>
  <system-out/>
  <testcase classname="com.qa.HIS.BrowserCompatibility_HIS.MAStatusDoLettertest" name="mandotaryfields" time="3.839"/>
  <system-out/>
  <testcase classname="com.qa.HIS.BrowserCompatibility_HIS.MAStatusDoLettertest" name="checkfuturedate" time="5.929"/>
  <system-out/>
  <testcase classname="com.qa.HIS.BrowserCompatibility_HIS.MAStatusDoLettertest" name="MAReportnavigation" time="3.186"/>
  <system-out/>
  <testcase classname="com.qa.HIS.BrowserCompatibility_HIS.MAStatusDoLettertest" name="clearbutton" time="5.874"/>
  <system-out/>
  <testcase classname="com.qa.HIS.BrowserCompatibility_HIS.MAStatusDoLettertest" name="previewbtn" time="15.189"/>
  <system-out/>
  <testcase classname="com.qa.HIS.BrowserCompatibility_HIS.MAStatusDoLettertest" name="printbtn" time="9.769"/>
  <system-out/>
</testsuite> <!-- com.qa.HIS.BrowserCompatibility_HIS.MAStatusDoLettertest -->
