<?xml version="1.0" encoding="UTF-8"?>
<!-- Generated by org.testng.reporters.JUnitReportReporter -->
<testsuite hostname="DESKTOP-V3HC333" failures="0" tests="11" name="com.qa.HIS.BrowserCompatibility_HIS.MADOLettertest" time="91.627" errors="0" timestamp="2024-05-02T16:56:11 IST" skipped="0">
  <testcase classname="com.qa.HIS.BrowserCompatibility_HIS.MADOLettertest" name="doLoginTest" time="0.999"/>
  <system-out/>
  <testcase classname="com.qa.HIS.BrowserCompatibility_HIS.MADOLettertest" name="doNavigateToSelectHospitalLocationTest" time="0.002"/>
  <system-out/>
  <testcase classname="com.qa.HIS.BrowserCompatibility_HIS.MADOLettertest" name="doNavigateToHISHomeTest" time="8.003"/>
  <system-out/>
  <testcase classname="com.qa.HIS.BrowserCompatibility_HIS.MADOLettertest" name="donavigatetoMAletterDOLetter" time="6.983"/>
  <system-out/>
  <testcase classname="com.qa.HIS.BrowserCompatibility_HIS.MADOLettertest" name="MAReportnavigation" time="9.732"/>
  <system-out/>
  <testcase classname="com.qa.HIS.BrowserCompatibility_HIS.MADOLettertest" name="checkmandatoryfields" time="3.474"/>
  <system-out/>
  <testcase classname="com.qa.HIS.BrowserCompatibility_HIS.MADOLettertest" name="checkfuturedate" time="3.979"/>
  <system-out/>
  <testcase classname="com.qa.HIS.BrowserCompatibility_HIS.MADOLettertest" name="clearbutton" time="2.693"/>
  <system-out/>
  <testcase classname="com.qa.HIS.BrowserCompatibility_HIS.MADOLettertest" name="previewbtn" time="2.964"/>
  <system-out/>
  <testcase classname="com.qa.HIS.BrowserCompatibility_HIS.MADOLettertest" name="nextbtn" time="18.099"/>
  <system-out/>
  <testcase classname="com.qa.HIS.BrowserCompatibility_HIS.MADOLettertest" name="printbtn" time="34.699"/>
  <system-out/>
</testsuite> <!-- com.qa.HIS.BrowserCompatibility_HIS.MADOLettertest -->
