<?xml version="1.0" encoding="UTF-8"?>
<!-- Generated by org.testng.reporters.JUnitReportReporter -->
<testsuite hostname="DESKTOP-V3HC333" failures="0" tests="19" name="com.qa.HIS.BrowserCompatibility_HIS.MATest1" time="135.527" errors="0" timestamp="2024-02-19T18:43:35 IST" skipped="0">
  <testcase classname="com.qa.HIS.BrowserCompatibility_HIS.MATest1" name="doLoginTest" time="2.893"/>
  <system-out/>
  <testcase classname="com.qa.HIS.BrowserCompatibility_HIS.MATest1" name="doNavigateToSelectHospitalLocationTest" time="0.008"/>
  <system-out/>
  <testcase classname="com.qa.HIS.BrowserCompatibility_HIS.MATest1" name="doNavigateToHISHomeTest" time="7.602"/>
  <system-out/>
  <testcase classname="com.qa.HIS.BrowserCompatibility_HIS.MATest1" name="doNavigateToMALetterGenerationforHosptitalLinks" time="1.516"/>
  <system-out/>
  <testcase classname="com.qa.HIS.BrowserCompatibility_HIS.MATest1" name="TC_MA_004" time="4.225"/>
  <system-out/>
  <testcase classname="com.qa.HIS.BrowserCompatibility_HIS.MATest1" name="TC_MA_Page1_Availabiity_facilities" time="3.060"/>
  <system-out/>
  <testcase classname="com.qa.HIS.BrowserCompatibility_HIS.MATest1" name="TC_MA_ALL_checkbox" time="10.101"/>
  <system-out/>
  <testcase classname="com.qa.HIS.BrowserCompatibility_HIS.MATest1" name="TC_MA_All_dropdown" time="63.447"/>
  <system-out/>
  <testcase classname="com.qa.HIS.BrowserCompatibility_HIS.MATest1" name="TC_MA_Manual_And_Auto_entries" time="8.115"/>
  <system-out/>
  <testcase classname="com.qa.HIS.BrowserCompatibility_HIS.MATest1" name="TC_MA_All_float_values" time="0.822"/>
  <system-out/>
  <testcase classname="com.qa.HIS.BrowserCompatibility_HIS.MATest1" name="TC_MA_All_remarks" time="0.979"/>
  <system-out/>
  <testcase classname="com.qa.HIS.BrowserCompatibility_HIS.MATest1" name="TC_MA_Unchecking_All" time="9.406"/>
  <system-out/>
  <testcase classname="com.qa.HIS.BrowserCompatibility_HIS.MATest1" name="TC_MA_Rechecking_All" time="8.870"/>
  <system-out/>
  <testcase classname="com.qa.HIS.BrowserCompatibility_HIS.MATest1" name="TC_MA_Redo_All_dropdown" time="1.491"/>
  <system-out/>
  <testcase classname="com.qa.HIS.BrowserCompatibility_HIS.MATest1" name="TC_MA_Redo_Manual_And_Auto_entries" time="6.955"/>
  <system-out/>
  <testcase classname="com.qa.HIS.BrowserCompatibility_HIS.MATest1" name="TC_MA_Redo_All_float_values" time="0.678"/>
  <system-out/>
  <testcase classname="com.qa.HIS.BrowserCompatibility_HIS.MATest1" name="TC_MA_Page_1_mandatory_alert_check" time="1.722"/>
  <system-out/>
  <testcase classname="com.qa.HIS.BrowserCompatibility_HIS.MATest1" name="TC_MA_Page_1_SanctionedBedsManual" time="0.556"/>
  <system-out/>
  <testcase classname="com.qa.HIS.BrowserCompatibility_HIS.MATest1" name="TC_MA_Page_1_save_and_next_and_previous" time="3.081"/>
  <system-out/>
</testsuite> <!-- com.qa.HIS.BrowserCompatibility_HIS.MATest1 -->
