<?xml version="1.0" encoding="UTF-8"?>
<!-- Generated by org.testng.reporters.JUnitReportReporter -->
<testsuite hostname="DESKTOP-FEC8FTO" failures="0" tests="10" name="com.qa.HIS.BrowserCompatibility_HIS.CancelCheckinTest" time="44.215" errors="0" timestamp="2024-04-19T17:18:08 IST" skipped="0">
  <testcase classname="com.qa.HIS.BrowserCompatibility_HIS.CancelCheckinTest" name="doLoginTest" time="0.921"/>
  <system-out/>
  <testcase classname="com.qa.HIS.BrowserCompatibility_HIS.CancelCheckinTest" name="doNavigateToSelectHospitalLocationTest" time="0.003"/>
  <system-out/>
  <testcase classname="com.qa.HIS.BrowserCompatibility_HIS.CancelCheckinTest" name="doNavigateToHISHomeTest" time="8.075"/>
  <system-out/>
  <testcase classname="com.qa.HIS.BrowserCompatibility_HIS.CancelCheckinTest" name="doNavigateToCancelCheckinTest" time="3.562"/>
  <system-out/>
  <testcase classname="com.qa.HIS.BrowserCompatibility_HIS.CancelCheckinTest" name="cencelcheck_ingetUHIdNumber" time="21.048"/>
  <system-out/>
  <testcase classname="com.qa.HIS.BrowserCompatibility_HIS.CancelCheckinTest" name="Registration_Cancel_check_in_04" time="4.481"/>
  <system-out/>
  <testcase classname="com.qa.HIS.BrowserCompatibility_HIS.CancelCheckinTest" name="Registration_Cancel_check_in_01" time="1.402"/>
  <system-out/>
  <testcase classname="com.qa.HIS.BrowserCompatibility_HIS.CancelCheckinTest" name="Registration_Cancel_check_in_05" time="0.286"/>
  <system-out/>
  <testcase classname="com.qa.HIS.BrowserCompatibility_HIS.CancelCheckinTest" name="Registration_Cancel_check_in_03" time="1.534"/>
  <system-out/>
  <testcase classname="com.qa.HIS.BrowserCompatibility_HIS.CancelCheckinTest" name="Registration_Cancel_check_in_06" time="2.903"/>
  <system-out/>
</testsuite> <!-- com.qa.HIS.BrowserCompatibility_HIS.CancelCheckinTest -->
