<?xml version="1.0" encoding="UTF-8"?>
<!-- Generated by org.testng.reporters.JUnitReportReporter -->
<testsuite hostname="DESKTOP-V3HC333" failures="0" tests="8" name="com.qa.HIS.BrowserCompatibility_HIS.BedStatusTest" time="53.594" errors="0" timestamp="2024-02-08T11:36:09 IST" skipped="0">
  <testcase classname="com.qa.HIS.BrowserCompatibility_HIS.BedStatusTest" name="doLoginTest" time="0.915"/>
  <system-out/>
  <testcase classname="com.qa.HIS.BrowserCompatibility_HIS.BedStatusTest" name="doNavigateToSelectHospitalLocationTest" time="0.004"/>
  <system-out/>
  <testcase classname="com.qa.HIS.BrowserCompatibility_HIS.BedStatusTest" name="doNavigateToHISHomeTest" time="7.857"/>
  <system-out/>
  <testcase classname="com.qa.HIS.BrowserCompatibility_HIS.BedStatusTest" name="doNavigateToBedStatusLink" time="4.950"/>
  <system-out/>
  <testcase classname="com.qa.HIS.BrowserCompatibility_HIS.BedStatusTest" name="Registration_Bed_Status_TC_1" time="20.712"/>
  <system-out/>
  <testcase classname="com.qa.HIS.BrowserCompatibility_HIS.BedStatusTest" name="Registration_Bed_Status_TC_2" time="11.047"/>
  <system-out/>
  <testcase classname="com.qa.HIS.BrowserCompatibility_HIS.BedStatusTest" name="Registration_Bed_Status_TC_4" time="2.288"/>
  <system-out/>
  <testcase classname="com.qa.HIS.BrowserCompatibility_HIS.BedStatusTest" name="Registration_Bed_Status_TC_3" time="5.821"/>
  <system-out/>
</testsuite> <!-- com.qa.HIS.BrowserCompatibility_HIS.BedStatusTest -->
