<?xml version="1.0" encoding="UTF-8"?>
<!-- Generated by org.testng.reporters.JUnitReportReporter -->
<testsuite hostname="JoshnaRajput" failures="0" tests="7" name="com.qa.HIS.BrowserCompatibility_HIS.FUPTest" time="164.079" errors="0" timestamp="2025-03-26T12:03:20 IST" skipped="0">
  <testcase classname="com.qa.HIS.BrowserCompatibility_HIS.FUPTest" name="doLoginTest" time="2.317"/>
  <testcase classname="com.qa.HIS.BrowserCompatibility_HIS.FUPTest" name="doNavigateToSelectHospitalLocationTest" time="0.006"/>
  <testcase classname="com.qa.HIS.BrowserCompatibility_HIS.FUPTest" name="doNavigateToHISHomeTest" time="7.568"/>
  <testcase classname="com.qa.HIS.BrowserCompatibility_HIS.FUPTest" name="doNavigateToFUPTest" time="9.049"/>
  <testcase classname="com.qa.HIS.BrowserCompatibility_HIS.FUPTest" name="CLM_Frequently_Used_Packs_TC_04" time="115.968"/>
  <testcase classname="com.qa.HIS.BrowserCompatibility_HIS.FUPTest" name="CLM_Frequently_Used_Packs_TC_05" time="18.567"/>
  <testcase classname="com.qa.HIS.BrowserCompatibility_HIS.FUPTest" name="CLM_Frequently_Used_Packs_TC_07" time="10.604"/>
</testsuite> <!-- com.qa.HIS.BrowserCompatibility_HIS.FUPTest -->
