<?xml version="1.0" encoding="UTF-8"?>
<!-- Generated by org.testng.reporters.JUnitReportReporter -->
<testsuite hostname="DESKTOP-V3HC333" failures="0" tests="8" name="com.qa.HIS.BrowserCompatibility_HIS.LabworklistTestOPD" time="426.031" errors="0" timestamp="2024-05-06T15:21:33 IST" skipped="0">
  <testcase classname="com.qa.HIS.BrowserCompatibility_HIS.LabworklistTestOPD" name="doLoginTest" time="1.100"/>
  <system-out/>
  <testcase classname="com.qa.HIS.BrowserCompatibility_HIS.LabworklistTestOPD" name="doNavigateToSelectHospitalLocationTest" time="0.002"/>
  <system-out/>
  <testcase classname="com.qa.HIS.BrowserCompatibility_HIS.LabworklistTestOPD" name="doNavigateToHISHomeTest" time="7.520"/>
  <system-out/>
  <testcase classname="com.qa.HIS.BrowserCompatibility_HIS.LabworklistTestOPD" name="doNavigateToPatientCheckinLinkTest" time="12.888"/>
  <system-out/>
  <testcase classname="com.qa.HIS.BrowserCompatibility_HIS.LabworklistTestOPD" name="doCreateCheckInPageTest" time="100.855"/>
  <system-out/>
  <testcase classname="com.qa.HIS.BrowserCompatibility_HIS.LabworklistTestOPD" name="dodoctorworklist" time="156.808"/>
  <system-out/>
  <testcase classname="com.qa.HIS.BrowserCompatibility_HIS.LabworklistTestOPD" name="doNavigateToHISHomeTestforLaboratoryworklist" time="12.896"/>
  <system-out/>
  <testcase classname="com.qa.HIS.BrowserCompatibility_HIS.LabworklistTestOPD" name="testcaseforLaboratoryworkListOPD" time="133.962"/>
  <system-out/>
</testsuite> <!-- com.qa.HIS.BrowserCompatibility_HIS.LabworklistTestOPD -->
