<?xml version="1.0" encoding="UTF-8"?>
<!-- Generated by org.testng.reporters.JUnitReportReporter -->
<testsuite hostname="DESKTOP-V3HC333" failures="0" tests="8" name="com.qa.HIS.BrowserCompatibility_HIS.MATest9" time="26.470" errors="0" timestamp="2024-02-14T16:03:20 IST" skipped="0">
  <testcase classname="com.qa.HIS.BrowserCompatibility_HIS.MATest9" name="doLoginTest" time="0.547"/>
  <system-out/>
  <testcase classname="com.qa.HIS.BrowserCompatibility_HIS.MATest9" name="doNavigateToSelectHospitalLocationTest" time="0.002"/>
  <system-out/>
  <testcase classname="com.qa.HIS.BrowserCompatibility_HIS.MATest9" name="doNavigateToHISHomeTest" time="6.970"/>
  <system-out/>
  <testcase classname="com.qa.HIS.BrowserCompatibility_HIS.MATest9" name="doNavigateToMALetterGenerationforHosptitaslLinks" time="0.597"/>
  <system-out/>
  <testcase classname="com.qa.HIS.BrowserCompatibility_HIS.MATest9" name="TC_MA_004" time="0.001"/>
  <system-out/>
  <testcase classname="com.qa.HIS.BrowserCompatibility_HIS.MATest9" name="TC_MA_005" time="17.863"/>
  <system-out/>
  <testcase classname="com.qa.HIS.BrowserCompatibility_HIS.MATest9" name="TC_MA_006" time="0.234"/>
  <system-out/>
  <testcase classname="com.qa.HIS.BrowserCompatibility_HIS.MATest9" name="TC_MA_007" time="0.256"/>
  <system-out/>
</testsuite> <!-- com.qa.HIS.BrowserCompatibility_HIS.MATest9 -->
