<?xml version="1.0" encoding="UTF-8"?>
<!-- Generated by org.testng.reporters.JUnitReportReporter -->
<testsuite hostname="JoshnaRajput" failures="0" tests="9" name="com.qa.HIS.BrowserCompatibility_HIS.OpenVisitTest" time="139.871" errors="0" timestamp="2025-03-26T14:17:52 IST" skipped="0">
  <testcase classname="com.qa.HIS.BrowserCompatibility_HIS.OpenVisitTest" name="doLoginTest" time="6.056"/>
  <testcase classname="com.qa.HIS.BrowserCompatibility_HIS.OpenVisitTest" name="doNavigateToSelectHospitalLocationTest" time="0.003"/>
  <testcase classname="com.qa.HIS.BrowserCompatibility_HIS.OpenVisitTest" name="doNavigateToHISHomeTest" time="9.437"/>
  <testcase classname="com.qa.HIS.BrowserCompatibility_HIS.OpenVisitTest" name="doNavigateToOpenVisitTest" time="6.244"/>
  <testcase classname="com.qa.HIS.BrowserCompatibility_HIS.OpenVisitTest" name="CLM_Open_Visits_TC_5" time="26.256"/>
  <testcase classname="com.qa.HIS.BrowserCompatibility_HIS.OpenVisitTest" name="CLM_Open_Visits_TC_6" time="20.741"/>
  <testcase classname="com.qa.HIS.BrowserCompatibility_HIS.OpenVisitTest" name="CLM_Open_Visits_TC_9" time="22.464"/>
  <testcase classname="com.qa.HIS.BrowserCompatibility_HIS.OpenVisitTest" name="CLM_Open_Visits_TC_8" time="24.597"/>
  <testcase classname="com.qa.HIS.BrowserCompatibility_HIS.OpenVisitTest" name="CLM_Open_Visits_TC_7" time="24.073"/>
</testsuite> <!-- com.qa.HIS.BrowserCompatibility_HIS.OpenVisitTest -->
