<?xml version="1.0" encoding="UTF-8"?>
<!-- Generated by org.testng.reporters.JUnitReportReporter -->
<testsuite hostname="DESKTOP-V3HC333" failures="0" tests="5" name="com.qa.HIS.BrowserCompatibility_HIS.MAnavigateTest" time="14.305" errors="0" timestamp="2024-01-15T18:25:41 IST" skipped="0">
  <testcase classname="com.qa.HIS.BrowserCompatibility_HIS.MAnavigateTest" name="doLoginTest" time="2.655"/>
  <system-out/>
  <testcase classname="com.qa.HIS.BrowserCompatibility_HIS.MAnavigateTest" name="doNavigateToSelectHospitalLocationTest" time="0.002"/>
  <system-out/>
  <testcase classname="com.qa.HIS.BrowserCompatibility_HIS.MAnavigateTest" name="doNavigateToHISHomeTest" time="11.023"/>
  <system-out/>
  <testcase classname="com.qa.HIS.BrowserCompatibility_HIS.MAnavigateTest" name="doNavigateToMALetterGenerationforHosptitaslLinks" time="0.623"/>
  <system-out/>
  <testcase classname="com.qa.HIS.BrowserCompatibility_HIS.MAnavigateTest" name="TC_MA_004" time="0.002"/>
  <system-out/>
</testsuite> <!-- com.qa.HIS.BrowserCompatibility_HIS.MAnavigateTest -->
