<?xml version="1.0" encoding="UTF-8"?>
<!-- Generated by org.testng.reporters.JUnitReportReporter -->
<testsuite hostname="DESKTOP-V3HC333" failures="0" tests="20" name="com.qa.HIS.BrowserCompatibility_HIS.MAApprovalTest4" time="41.100" errors="0" timestamp="2024-02-19T20:16:32 IST" skipped="0">
  <testcase classname="com.qa.HIS.BrowserCompatibility_HIS.MAApprovalTest4" name="doLoginTest" time="2.809"/>
  <system-out/>
  <testcase classname="com.qa.HIS.BrowserCompatibility_HIS.MAApprovalTest4" name="doNavigateToSelectHospitalLocationTest" time="0.003"/>
  <system-out/>
  <testcase classname="com.qa.HIS.BrowserCompatibility_HIS.MAApprovalTest4" name="doNavigateToHISHomeTest" time="7.295"/>
  <system-out/>
  <testcase classname="com.qa.HIS.BrowserCompatibility_HIS.MAApprovalTest4" name="doNavigateToMALetterGenerationforHosptitaslLinks" time="0.807"/>
  <system-out/>
  <testcase classname="com.qa.HIS.BrowserCompatibility_HIS.MAApprovalTest4" name="TC_MA_004" time="0.002"/>
  <system-out/>
  <testcase classname="com.qa.HIS.BrowserCompatibility_HIS.MAApprovalTest4" name="TC_MA_Page4_SanctionedA" time="0.489"/>
  <system-out/>
  <testcase classname="com.qa.HIS.BrowserCompatibility_HIS.MAApprovalTest4" name="TC_MA_Page4_Regular_Contractual" time="0.515"/>
  <system-out/>
  <testcase classname="com.qa.HIS.BrowserCompatibility_HIS.MAApprovalTest4" name="TC_MA_remarks_plus_check" time="0.371"/>
  <system-out/>
  <testcase classname="com.qa.HIS.BrowserCompatibility_HIS.MAApprovalTest4" name="TC_MA_Page_3_8_status_drugs_autofetch_check" time="0.095"/>
  <system-out/>
  <testcase classname="com.qa.HIS.BrowserCompatibility_HIS.MAApprovalTest4" name="TC_MA_Page4_Sanctioned" time="4.614"/>
  <system-out/>
  <testcase classname="com.qa.HIS.BrowserCompatibility_HIS.MAApprovalTest4" name="TC_MA_Page4_Teaching" time="5.089"/>
  <system-out/>
  <testcase classname="com.qa.HIS.BrowserCompatibility_HIS.MAApprovalTest4" name="TC_MA_Page4_GDMO" time="5.218"/>
  <system-out/>
  <testcase classname="com.qa.HIS.BrowserCompatibility_HIS.MAApprovalTest4" name="TC_MA_Page_4_10_2_doctors_extra_fields" time="3.454"/>
  <system-out/>
  <testcase classname="com.qa.HIS.BrowserCompatibility_HIS.MAApprovalTest4" name="TC_MA_switching_availability_ofsuperspeciality" time="0.595"/>
  <system-out/>
  <testcase classname="com.qa.HIS.BrowserCompatibility_HIS.MAApprovalTest4" name="TC_MA_Page4_super_specialist_redo" time="3.760"/>
  <system-out/>
  <testcase classname="com.qa.HIS.BrowserCompatibility_HIS.MAApprovalTest4" name="TC_MA_Page_4_10_3_super_specialits_extra_fields_redo" time="4.802"/>
  <system-out/>
  <testcase classname="com.qa.HIS.BrowserCompatibility_HIS.MAApprovalTest4" name="TC_MA_Page_4_senior_junior" time="0.174"/>
  <system-out/>
  <testcase classname="com.qa.HIS.BrowserCompatibility_HIS.MAApprovalTest4" name="TC_MA_mandatory_alert_check" time="0.311"/>
  <system-out/>
  <testcase classname="com.qa.HIS.BrowserCompatibility_HIS.MAApprovalTest4" name="TC_MA_Page_4_senior_field" time="0.056"/>
  <system-out/>
  <testcase classname="com.qa.HIS.BrowserCompatibility_HIS.MAApprovalTest4" name="TC_MA_Page_4_save_and_next_and_previous" time="0.641"/>
  <system-out/>
</testsuite> <!-- com.qa.HIS.BrowserCompatibility_HIS.MAApprovalTest4 -->
