<?xml version="1.0" encoding="UTF-8"?>
<!-- Generated by org.testng.reporters.JUnitReportReporter -->
<testsuite hostname="JoshnaRajput" failures="0" tests="14" name="com.qa.HIS.BrowserCompatibility_HIS.AudioVideoConsultationCRTest" time="337.446" errors="0" timestamp="2025-03-10T12:45:26 IST" skipped="0">
  <testcase classname="com.qa.HIS.BrowserCompatibility_HIS.AudioVideoConsultationCRTest" name="doLoginTest" time="1.805"/>
  <system-out/>
  <testcase classname="com.qa.HIS.BrowserCompatibility_HIS.AudioVideoConsultationCRTest" name="doNavigateToSelectHospitalLocationTest" time="0.004"/>
  <system-out/>
  <testcase classname="com.qa.HIS.BrowserCompatibility_HIS.AudioVideoConsultationCRTest" name="doNavigateToHISHomeTest" time="10.666"/>
  <system-out/>
  <testcase classname="com.qa.HIS.BrowserCompatibility_HIS.AudioVideoConsultationCRTest" name="doNavigateToDrWorkList" time="2.167"/>
  <system-out/>
  <testcase classname="com.qa.HIS.BrowserCompatibility_HIS.AudioVideoConsultationCRTest" name="donavigatetoVideoConsultationpage" time="36.351"/>
  <system-out/>
  <testcase classname="com.qa.HIS.BrowserCompatibility_HIS.AudioVideoConsultationCRTest" name="CheckFunctionalityOfChiefComplants" time="29.811"/>
  <system-out/>
  <testcase classname="com.qa.HIS.BrowserCompatibility_HIS.AudioVideoConsultationCRTest" name="CheckFunctionalityOfPastHistory" time="52.621"/>
  <system-out/>
  <testcase classname="com.qa.HIS.BrowserCompatibility_HIS.AudioVideoConsultationCRTest" name="CheckFunctionalityOfHistoryOfPresentillness" time="16.465"/>
  <system-out/>
  <testcase classname="com.qa.HIS.BrowserCompatibility_HIS.AudioVideoConsultationCRTest" name="CheckFunctionalityOfRefferalAdvice" time="19.042"/>
  <system-out/>
  <testcase classname="com.qa.HIS.BrowserCompatibility_HIS.AudioVideoConsultationCRTest" name="CheckFunctionalityOfFollowUp" time="41.084"/>
  <system-out/>
  <testcase classname="com.qa.HIS.BrowserCompatibility_HIS.AudioVideoConsultationCRTest" name="CheckFunctionalityofmedicationInPrescriptions" time="46.291"/>
  <system-out/>
  <testcase classname="com.qa.HIS.BrowserCompatibility_HIS.AudioVideoConsultationCRTest" name="CheckFunctionalityOfInvesitgationPrescriptions" time="31.306"/>
  <system-out/>
  <testcase classname="com.qa.HIS.BrowserCompatibility_HIS.AudioVideoConsultationCRTest" name="CheckFunctionalityOfDiagnosisPrescriptions" time="36.123"/>
  <system-out/>
  <testcase classname="com.qa.HIS.BrowserCompatibility_HIS.AudioVideoConsultationCRTest" name="CheckFunctionalityOfclinicaladvicePrescriptions" time="13.710"/>
  <system-out/>
</testsuite> <!-- com.qa.HIS.BrowserCompatibility_HIS.AudioVideoConsultationCRTest -->
