<?xml version="1.0" encoding="UTF-8"?>
<!-- Generated by org.testng.reporters.JUnitReportReporter -->
<testsuite hostname="DESKTOP-7NG2LHI" failures="0" tests="9" name="com.qa.HIS.BrowserCompatibility_HIS.Check_In_Admission_of_Reffered_PatientsTest" time="160.947" errors="0" timestamp="2024-04-19T11:19:26 IST" skipped="0">
  <testcase classname="com.qa.HIS.BrowserCompatibility_HIS.Check_In_Admission_of_Reffered_PatientsTest" name="doLoginTest" time="1.245"/>
  <system-out/>
  <testcase classname="com.qa.HIS.BrowserCompatibility_HIS.Check_In_Admission_of_Reffered_PatientsTest" name="doNavigateToSelectHospitalLocationTest" time="0.003"/>
  <system-out/>
  <testcase classname="com.qa.HIS.BrowserCompatibility_HIS.Check_In_Admission_of_Reffered_PatientsTest" name="doNavigateToHISHomeTest" time="7.835"/>
  <system-out/>
  <testcase classname="com.qa.HIS.BrowserCompatibility_HIS.Check_In_Admission_of_Reffered_PatientsTest" name="doNavigateToCheck_In_Admission_of_Reffered_PatientsLink" time="6.967"/>
  <system-out/>
  <testcase classname="com.qa.HIS.BrowserCompatibility_HIS.Check_In_Admission_of_Reffered_PatientsTest" name="Registration_Check_in_Admission_to_Referred_Patients_TC_1" time="14.659"/>
  <system-out/>
  <testcase classname="com.qa.HIS.BrowserCompatibility_HIS.Check_In_Admission_of_Reffered_PatientsTest" name="Registration_Check_in_Admission_to_Referred_Patients_TC_2" time="25.588"/>
  <system-out/>
  <testcase classname="com.qa.HIS.BrowserCompatibility_HIS.Check_In_Admission_of_Reffered_PatientsTest" name="Registration_Check_in_Admission_to_Referred_Patients_TC_3" time="28.084"/>
  <system-out/>
  <testcase classname="com.qa.HIS.BrowserCompatibility_HIS.Check_In_Admission_of_Reffered_PatientsTest" name="Registration_Check_in_Admission_to_Referred_Patients_TC_5" time="75.121"/>
  <system-out/>
  <testcase classname="com.qa.HIS.BrowserCompatibility_HIS.Check_In_Admission_of_Reffered_PatientsTest" name="Registration_Check_in_Admission_to_Referred_Patients_TC_6" time="1.445"/>
  <system-out/>
</testsuite> <!-- com.qa.HIS.BrowserCompatibility_HIS.Check_In_Admission_of_Reffered_PatientsTest -->
