<?xml version="1.0" encoding="UTF-8"?>
<!-- Generated by org.testng.reporters.JUnitReportReporter -->
<testsuite hostname="DESKTOP-V3HC333" failures="0" tests="6" name="com.qa.HIS.BrowserCompatibility_HIS.ReportTemplateTest" time="46.838" errors="0" timestamp="2024-05-03T12:14:56 IST" skipped="0">
  <testcase classname="com.qa.HIS.BrowserCompatibility_HIS.ReportTemplateTest" name="doLoginTest" time="1.098"/>
  <system-out/>
  <testcase classname="com.qa.HIS.BrowserCompatibility_HIS.ReportTemplateTest" name="doNavigateToSelectHospitalLocationTest" time="0.002"/>
  <system-out/>
  <testcase classname="com.qa.HIS.BrowserCompatibility_HIS.ReportTemplateTest" name="doNavigateToHISHomeTest" time="7.080"/>
  <system-out/>
  <testcase classname="com.qa.HIS.BrowserCompatibility_HIS.ReportTemplateTest" name="doNavigateMISReportLinkTest" time="0.934"/>
  <system-out/>
  <testcase classname="com.qa.HIS.BrowserCompatibility_HIS.ReportTemplateTest" name="TC_Report_Template_Creation_004" time="25.662"/>
  <system-out/>
  <testcase classname="com.qa.HIS.BrowserCompatibility_HIS.ReportTemplateTest" name="TC_Report_Template_Creation_005" time="12.062"/>
  <system-out/>
</testsuite> <!-- com.qa.HIS.BrowserCompatibility_HIS.ReportTemplateTest -->
