<?xml version="1.0" encoding="UTF-8"?>
<!-- Generated by org.testng.reporters.JUnitReportReporter -->
<testsuite hostname="JoshnaRajput" failures="0" tests="14" name="com.qa.HIS.BrowserCompatibility_HIS.AudioVideoConsultationCRTest" time="359.223" errors="0" timestamp="2025-03-03T14:59:39 IST" skipped="0">
  <testcase classname="com.qa.HIS.BrowserCompatibility_HIS.AudioVideoConsultationCRTest" name="doLoginTest" time="1.599"/>
  <system-out/>
  <testcase classname="com.qa.HIS.BrowserCompatibility_HIS.AudioVideoConsultationCRTest" name="doNavigateToSelectHospitalLocationTest" time="0.005"/>
  <system-out/>
  <testcase classname="com.qa.HIS.BrowserCompatibility_HIS.AudioVideoConsultationCRTest" name="doNavigateToHISHomeTest" time="16.004"/>
  <system-out/>
  <testcase classname="com.qa.HIS.BrowserCompatibility_HIS.AudioVideoConsultationCRTest" name="doNavigateToDrWorkList" time="6.838"/>
  <system-out/>
  <testcase classname="com.qa.HIS.BrowserCompatibility_HIS.AudioVideoConsultationCRTest" name="donavigatetoVideoConsultationpage" time="45.938"/>
  <system-out/>
  <testcase classname="com.qa.HIS.BrowserCompatibility_HIS.AudioVideoConsultationCRTest" name="CheckFunctionalityOfChiefComplants" time="30.095"/>
  <system-out/>
  <testcase classname="com.qa.HIS.BrowserCompatibility_HIS.AudioVideoConsultationCRTest" name="CheckFunctionalityOfPastHistory" time="53.018"/>
  <system-out/>
  <testcase classname="com.qa.HIS.BrowserCompatibility_HIS.AudioVideoConsultationCRTest" name="CheckFunctionalityOfHistoryOfPresentillness" time="17.118"/>
  <system-out/>
  <testcase classname="com.qa.HIS.BrowserCompatibility_HIS.AudioVideoConsultationCRTest" name="CheckFunctionalityOfRefferalAdvice" time="19.328"/>
  <system-out/>
  <testcase classname="com.qa.HIS.BrowserCompatibility_HIS.AudioVideoConsultationCRTest" name="CheckFunctionalityOfFollowUp" time="41.242"/>
  <system-out/>
  <testcase classname="com.qa.HIS.BrowserCompatibility_HIS.AudioVideoConsultationCRTest" name="CheckFunctionalityofmedicationInPrescriptions" time="46.628"/>
  <system-out/>
  <testcase classname="com.qa.HIS.BrowserCompatibility_HIS.AudioVideoConsultationCRTest" name="CheckFunctionalityOfInvesitgationPrescriptions" time="31.386"/>
  <system-out/>
  <testcase classname="com.qa.HIS.BrowserCompatibility_HIS.AudioVideoConsultationCRTest" name="CheckFunctionalityOfDiagnosisPrescriptions" time="36.248"/>
  <system-out/>
  <testcase classname="com.qa.HIS.BrowserCompatibility_HIS.AudioVideoConsultationCRTest" name="CheckFunctionalityOfclinicaladvicePrescriptions" time="13.776"/>
  <system-out/>
</testsuite> <!-- com.qa.HIS.BrowserCompatibility_HIS.AudioVideoConsultationCRTest -->
