<?xml version="1.0" encoding="UTF-8"?>
<!-- Generated by org.testng.reporters.JUnitReportReporter -->
<testsuite hostname="JoshnaRajput" failures="0" tests="7" name="com.qa.HIS.BrowserCompatibility_HIS.DischargeSummaryTest" time="85.974" errors="0" timestamp="2025-03-27T11:10:14 IST" skipped="0">
  <testcase classname="com.qa.HIS.BrowserCompatibility_HIS.DischargeSummaryTest" name="doLoginTest" time="1.916"/>
  <testcase classname="com.qa.HIS.BrowserCompatibility_HIS.DischargeSummaryTest" name="doNavigateToSelectHospitalLocationTest" time="0.004"/>
  <testcase classname="com.qa.HIS.BrowserCompatibility_HIS.DischargeSummaryTest" name="doNavigateToHISHomeTest" time="8.038"/>
  <testcase classname="com.qa.HIS.BrowserCompatibility_HIS.DischargeSummaryTest" name="doNavigateTogetDischargeSummaryLinkTest" time="2.869"/>
  <testcase classname="com.qa.HIS.BrowserCompatibility_HIS.DischargeSummaryTest" name="CLM_Discharge_Summary_TC_7" time="0.689"/>
  <testcase classname="com.qa.HIS.BrowserCompatibility_HIS.DischargeSummaryTest" name="CLM_Discharge_Summary_TC_6" time="9.783"/>
  <testcase classname="com.qa.HIS.BrowserCompatibility_HIS.DischargeSummaryTest" name="CLM_Discharge_Summary_TC_10" time="62.675"/>
</testsuite> <!-- com.qa.HIS.BrowserCompatibility_HIS.DischargeSummaryTest -->
