<?xml version="1.0" encoding="UTF-8"?>
<!-- Generated by org.testng.reporters.JUnitReportReporter -->
<testsuite hostname="DESKTOP-V3HC333" failures="0" tests="8" name="com.qa.HIS.BrowserCompatibility_HIS.RackTest" time="51.625" errors="0" timestamp="2023-11-16T10:14:32 IST" skipped="0">
  <testcase classname="com.qa.HIS.BrowserCompatibility_HIS.RackTest" name="doLoginTest" time="1.076"/>
  <system-out/>
  <testcase classname="com.qa.HIS.BrowserCompatibility_HIS.RackTest" name="doNavigateToSelectHospitalLocationTest" time="0.004"/>
  <system-out/>
  <testcase classname="com.qa.HIS.BrowserCompatibility_HIS.RackTest" name="doNavigateToHISHomeTest" time="12.214"/>
  <system-out/>
  <testcase classname="com.qa.HIS.BrowserCompatibility_HIS.RackTest" name="doNavigateToRackLink" time="1.635"/>
  <system-out/>
  <testcase classname="com.qa.HIS.BrowserCompatibility_HIS.RackTest" name="TC_Store_Rack_001" time="2.445"/>
  <system-out/>
  <testcase classname="com.qa.HIS.BrowserCompatibility_HIS.RackTest" name="TC_Store_Rack_004" time="2.676"/>
  <system-out/>
  <testcase classname="com.qa.HIS.BrowserCompatibility_HIS.RackTest" name="TC_Store_Rack_002" time="15.630"/>
  <system-out/>
  <testcase classname="com.qa.HIS.BrowserCompatibility_HIS.RackTest" name="TC_Store_Rack_003" time="15.945"/>
  <system-out/>
</testsuite> <!-- com.qa.HIS.BrowserCompatibility_HIS.RackTest -->
