<?xml version="1.0" encoding="UTF-8"?>
<!-- Generated by org.testng.reporters.JUnitReportReporter -->
<testsuite hostname="DESKTOP-V3HC333" failures="0" tests="33" name="com.qa.HIS.BrowserCompatibility_HIS.MAApprovalTest3" time="45.998" errors="0" timestamp="2024-02-19T20:16:32 IST" skipped="0">
  <testcase classname="com.qa.HIS.BrowserCompatibility_HIS.MAApprovalTest3" name="doLoginTest" time="0.650"/>
  <system-out/>
  <testcase classname="com.qa.HIS.BrowserCompatibility_HIS.MAApprovalTest3" name="doNavigateToSelectHospitalLocationTest" time="0.005"/>
  <system-out/>
  <testcase classname="com.qa.HIS.BrowserCompatibility_HIS.MAApprovalTest3" name="doNavigateToHISHomeTest" time="7.250"/>
  <system-out/>
  <testcase classname="com.qa.HIS.BrowserCompatibility_HIS.MAApprovalTest3" name="doNavigateToMALetterGenerationforHosptitaslLinks" time="0.729"/>
  <system-out/>
  <testcase classname="com.qa.HIS.BrowserCompatibility_HIS.MAApprovalTest3" name="TC_MA_004" time="0.004"/>
  <system-out/>
  <testcase classname="com.qa.HIS.BrowserCompatibility_HIS.MAApprovalTest3" name="TC_MA_Page_3_7_IPD_Attendance" time="3.372"/>
  <system-out/>
  <testcase classname="com.qa.HIS.BrowserCompatibility_HIS.MAApprovalTest3" name="TC_MA_Page_3_7_Extra_field_add_delete" time="3.161"/>
  <system-out/>
  <testcase classname="com.qa.HIS.BrowserCompatibility_HIS.MAApprovalTest3" name="TC_MA_Page_3_7_2_super_speciality_availability" time="0.591"/>
  <system-out/>
  <testcase classname="com.qa.HIS.BrowserCompatibility_HIS.MAApprovalTest3" name="TC_MA_Page_3_7_2_super_speciality_entries" time="0.696"/>
  <system-out/>
  <testcase classname="com.qa.HIS.BrowserCompatibility_HIS.MAApprovalTest3" name="TC_MA_Page_3_7_2_super_speciality_extra_fields" time="9.078"/>
  <system-out/>
  <testcase classname="com.qa.HIS.BrowserCompatibility_HIS.MAApprovalTest3" name="TC_MA_Page_3_7_2_super_speciality_availability_no" time="1.585"/>
  <system-out/>
  <testcase classname="com.qa.HIS.BrowserCompatibility_HIS.MAApprovalTest3" name="TC_MA_Page_3_7_2_super_speciality_entries_redo" time="0.564"/>
  <system-out/>
  <testcase classname="com.qa.HIS.BrowserCompatibility_HIS.MAApprovalTest3" name="TC_MA_Page_3_7_2_super_speciality_extra_fields_redo" time="8.625"/>
  <system-out/>
  <testcase classname="com.qa.HIS.BrowserCompatibility_HIS.MAApprovalTest3" name="TC_MA_Page_3_7_uncheck" time="1.086"/>
  <system-out/>
  <testcase classname="com.qa.HIS.BrowserCompatibility_HIS.MAApprovalTest3" name="TC_MA_Page_3_7_recheck" time="1.060"/>
  <system-out/>
  <testcase classname="com.qa.HIS.BrowserCompatibility_HIS.MAApprovalTest3" name="TC_MA_Page_3_7_dropdown_redo" time="1.163"/>
  <system-out/>
  <testcase classname="com.qa.HIS.BrowserCompatibility_HIS.MAApprovalTest3" name="TC_MA_Page_3_7_entries_redo" time="0.176"/>
  <system-out/>
  <testcase classname="com.qa.HIS.BrowserCompatibility_HIS.MAApprovalTest3" name="TC_MA_Page_3_remarks" time="0.088"/>
  <system-out/>
  <testcase classname="com.qa.HIS.BrowserCompatibility_HIS.MAApprovalTest3" name="TC_MA_Page_3_8_status_drugs_float" time="0.169"/>
  <system-out/>
  <testcase classname="com.qa.HIS.BrowserCompatibility_HIS.MAApprovalTest3" name="TC_MA_Page_3_8_status_drugs_numeric" time="0.295"/>
  <system-out/>
  <testcase classname="com.qa.HIS.BrowserCompatibility_HIS.MAApprovalTest3" name="TC_MA_Page_3_8_GEM_NONGEM_float_plus_numeric" time="0.269"/>
  <system-out/>
  <testcase classname="com.qa.HIS.BrowserCompatibility_HIS.MAApprovalTest3" name="TC_MA_Page_3_8_status_drugs_autofetch_check" time="0.080"/>
  <system-out/>
  <testcase classname="com.qa.HIS.BrowserCompatibility_HIS.MAApprovalTest3" name="TC_MA_Page_3_8_LPRCDrugsAmount_float" time="0.084"/>
  <system-out/>
  <testcase classname="com.qa.HIS.BrowserCompatibility_HIS.MAApprovalTest3" name="TC_MA_Page_3_8_LPRCDrugsReason_alphanumeric_plus_special_characters" time="0.046"/>
  <system-out/>
  <testcase classname="com.qa.HIS.BrowserCompatibility_HIS.MAApprovalTest3" name="TC_MA_Page_3_8_LPNonRCDrugs_numeric_amount" time="0.192"/>
  <system-out/>
  <testcase classname="com.qa.HIS.BrowserCompatibility_HIS.MAApprovalTest3" name="TC_MA_Page_3_8_RCNonRCExpenditure_float" time="0.279"/>
  <system-out/>
  <testcase classname="com.qa.HIS.BrowserCompatibility_HIS.MAApprovalTest3" name="TC_MA_Page_3_9_ICUHDUNICU_unchecking" time="0.813"/>
  <system-out/>
  <testcase classname="com.qa.HIS.BrowserCompatibility_HIS.MAApprovalTest3" name="TC_MA_Page_3_9_ICUHDUNICU_redo_Checkbox" time="0.810"/>
  <system-out/>
  <testcase classname="com.qa.HIS.BrowserCompatibility_HIS.MAApprovalTest3" name="TC_MA_Page_3_9_ICUHDUNICU_redo_Dropdown" time="0.839"/>
  <system-out/>
  <testcase classname="com.qa.HIS.BrowserCompatibility_HIS.MAApprovalTest3" name="TC_MA_Page_3_9_ICUHDUNICU_redo_entries" time="0.164"/>
  <system-out/>
  <testcase classname="com.qa.HIS.BrowserCompatibility_HIS.MAApprovalTest3" name="TC_MA_Page_3_mandatory_alert_check" time="1.337"/>
  <system-out/>
  <testcase classname="com.qa.HIS.BrowserCompatibility_HIS.MAApprovalTest3" name="TC_MA_Page_3_8_GemPurchaseDrugs_float" time="0.065"/>
  <system-out/>
  <testcase classname="com.qa.HIS.BrowserCompatibility_HIS.MAApprovalTest3" name="TC_MA_Page_3_save_and_next" time="0.673"/>
  <system-out/>
</testsuite> <!-- com.qa.HIS.BrowserCompatibility_HIS.MAApprovalTest3 -->
