<?xml version="1.0" encoding="UTF-8"?>
<!-- Generated by org.testng.reporters.JUnitReportReporter -->
<testsuite hostname="DESKTOP-V3HC333" failures="0" tests="15" name="com.qa.HIS.BrowserCompatibility_HIS.MAApprovalTest1" time="55.469" errors="0" timestamp="2024-02-19T20:16:32 IST" skipped="0">
  <testcase classname="com.qa.HIS.BrowserCompatibility_HIS.MAApprovalTest1" name="doLoginTest" time="0.900"/>
  <system-out/>
  <testcase classname="com.qa.HIS.BrowserCompatibility_HIS.MAApprovalTest1" name="doNavigateToSelectHospitalLocationTest" time="0.002"/>
  <system-out/>
  <testcase classname="com.qa.HIS.BrowserCompatibility_HIS.MAApprovalTest1" name="doNavigateToHISHomeTest" time="7.374"/>
  <system-out/>
  <testcase classname="com.qa.HIS.BrowserCompatibility_HIS.MAApprovalTest1" name="doNavigateToMALetterGenerationforHosptitalLinks" time="1.574"/>
  <system-out/>
  <testcase classname="com.qa.HIS.BrowserCompatibility_HIS.MAApprovalTest1" name="TC_MA_004" time="5.744"/>
  <system-out/>
  <testcase classname="com.qa.HIS.BrowserCompatibility_HIS.MAApprovalTest1" name="TC_MA_Page1_Availabiity_facilities" time="3.076"/>
  <system-out/>
  <testcase classname="com.qa.HIS.BrowserCompatibility_HIS.MAApprovalTest1" name="TC_MA_ALL_checkbox" time="10.208"/>
  <system-out/>
  <testcase classname="com.qa.HIS.BrowserCompatibility_HIS.MAApprovalTest1" name="TC_MA_All_remarks" time="1.077"/>
  <system-out/>
  <testcase classname="com.qa.HIS.BrowserCompatibility_HIS.MAApprovalTest1" name="TC_MA_Rechecking_All" time="9.896"/>
  <system-out/>
  <testcase classname="com.qa.HIS.BrowserCompatibility_HIS.MAApprovalTest1" name="TC_MA_Redo_All_dropdown" time="2.823"/>
  <system-out/>
  <testcase classname="com.qa.HIS.BrowserCompatibility_HIS.MAApprovalTest1" name="TC_MA_Redo_Manual_And_Auto_entries" time="8.147"/>
  <system-out/>
  <testcase classname="com.qa.HIS.BrowserCompatibility_HIS.MAApprovalTest1" name="TC_MA_Redo_All_float_values" time="1.100"/>
  <system-out/>
  <testcase classname="com.qa.HIS.BrowserCompatibility_HIS.MAApprovalTest1" name="TC_MA_Page_1_mandatory_alert_check" time="1.827"/>
  <system-out/>
  <testcase classname="com.qa.HIS.BrowserCompatibility_HIS.MAApprovalTest1" name="TC_MA_Page_1_SanctionedBedsManual" time="0.592"/>
  <system-out/>
  <testcase classname="com.qa.HIS.BrowserCompatibility_HIS.MAApprovalTest1" name="TC_MA_Page_1_save_and_next_and_previous" time="1.129"/>
  <system-out/>
</testsuite> <!-- com.qa.HIS.BrowserCompatibility_HIS.MAApprovalTest1 -->
